{"/Users/j1a2-adu/Desktop/talawa-admin/src/App.tsx": {"path":"/Users/j1a2-adu/Desktop/talawa-admin/src/App.tsx","statementMap":{"0":{"start":{"line":64,"column":28},"end":{"line":64,"column":48}},"1":{"start":{"line":66,"column":2},"end":{"line":81,"column":22}},"2":{"start":{"line":67,"column":4},"end":{"line":80,"column":5}},"3":{"start":{"line":68,"column":6},"end":{"line":71,"column":8}},"4":{"start":{"line":72,"column":6},"end":{"line":72,"column":53}},"5":{"start":{"line":73,"column":6},"end":{"line":73,"column":58}},"6":{"start":{"line":74,"column":6},"end":{"line":74,"column":49}},"7":{"start":{"line":75,"column":6},"end":{"line":75,"column":64}},"8":{"start":{"line":76,"column":6},"end":{"line":76,"column":66}},"9":{"start":{"line":77,"column":6},"end":{"line":77,"column":64}},"10":{"start":{"line":78,"column":6},"end":{"line":78,"column":62}},"11":{"start":{"line":79,"column":6},"end":{"line":79,"column":58}},"12":{"start":{"line":83,"column":22},"end":{"line":94,"column":3}},"13":{"start":{"line":85,"column":29},"end":{"line":85,"column":38}},"14":{"start":{"line":86,"column":6},"end":{"line":92,"column":8}},"15":{"start":{"line":96,"column":2},"end":{"line":98,"column":3}},"16":{"start":{"line":97,"column":4},"end":{"line":97,"column":22}},"17":{"start":{"line":99,"column":2},"end":{"line":137,"column":4}}},"fnMap":{"0":{"name":"app","decl":{"start":{"line":38,"column":9},"end":{"line":38,"column":12}},"loc":{"start":{"line":38,"column":28},"end":{"line":138,"column":1}},"line":38},"1":{"name":"(anonymous_1)","decl":{"start":{"line":66,"column":12},"end":{"line":66,"column":13}},"loc":{"start":{"line":66,"column":18},"end":{"line":81,"column":3}},"line":66},"2":{"name":"(anonymous_2)","decl":{"start":{"line":84,"column":4},"end":{"line":84,"column":5}},"loc":{"start":{"line":84,"column":28},"end":{"line":93,"column":5}},"line":84}},"branchMap":{"0":{"loc":{"start":{"line":67,"column":4},"end":{"line":80,"column":5}},"type":"if","locations":[{"start":{"line":67,"column":4},"end":{"line":80,"column":5}},{"start":{},"end":{}}],"line":67},"1":{"loc":{"start":{"line":96,"column":2},"end":{"line":98,"column":3}},"type":"if","locations":[{"start":{"line":96,"column":2},"end":{"line":98,"column":3}},{"start":{},"end":{}}],"line":96}},"s":{"0":0,"1":0,"2":0,"3":0,"4":0,"5":0,"6":0,"7":0,"8":0,"9":0,"10":0,"11":0,"12":0,"13":0,"14":0,"15":0,"16":0,"17":0},"f":{"0":0,"1":0,"2":0},"b":{"0":[0,0],"1":[0,0]}}
,"/Users/j1a2-adu/Desktop/talawa-admin/src/react-app-env.d.ts": {"path":"/Users/j1a2-adu/Desktop/talawa-admin/src/react-app-env.d.ts","statementMap":{},"fnMap":{},"branchMap":{},"s":{},"f":{},"b":{}}
,"/Users/j1a2-adu/Desktop/talawa-admin/src/Constant/constant.ts": {"path":"/Users/j1a2-adu/Desktop/talawa-admin/src/Constant/constant.ts","statementMap":{"0":{"start":{"line":1,"column":26},"end":{"line":1,"column":28}},"1":{"start":{"line":2,"column":27},"end":{"line":2,"column":59}},"2":{"start":{"line":3,"column":34},"end":{"line":3,"column":74}},"3":{"start":{"line":4,"column":39},"end":{"line":4,"column":74}},"4":{"start":{"line":6,"column":2},"end":{"line":6,"column":51}}},"fnMap":{},"branchMap":{"0":{"loc":{"start":{"line":6,"column":2},"end":{"line":6,"column":51}},"type":"binary-expr","locations":[{"start":{"line":6,"column":2},"end":{"line":6,"column":45}},{"start":{"line":6,"column":49},"end":{"line":6,"column":51}}],"line":6}},"s":{"0":0,"1":0,"2":0,"3":0,"4":0},"f":{},"b":{"0":[0,0]}}
,"/Users/j1a2-adu/Desktop/talawa-admin/src/GraphQl/Mutations/mutations.ts": {"path":"/Users/j1a2-adu/Desktop/talawa-admin/src/GraphQl/Mutations/mutations.ts","statementMap":{"0":{"start":{"line":7,"column":37},"end":{"line":13,"column":1}},"1":{"start":{"line":17,"column":35},"end":{"line":23,"column":1}},"2":{"start":{"line":27,"column":52},"end":{"line":33,"column":1}},"3":{"start":{"line":37,"column":52},"end":{"line":43,"column":1}},"4":{"start":{"line":47,"column":44},"end":{"line":71,"column":1}},"5":{"start":{"line":75,"column":36},"end":{"line":89,"column":1}},"6":{"start":{"line":93,"column":45},"end":{"line":109,"column":1}},"7":{"start":{"line":113,"column":31},"end":{"line":135,"column":1}},"8":{"start":{"line":139,"column":30},"end":{"line":151,"column":1}},"9":{"start":{"line":155,"column":38},"end":{"line":162,"column":1}},"10":{"start":{"line":166,"column":36},"end":{"line":170,"column":1}},"11":{"start":{"line":174,"column":34},"end":{"line":178,"column":1}},"12":{"start":{"line":182,"column":44},"end":{"line":204,"column":1}},"13":{"start":{"line":208,"column":44},"end":{"line":214,"column":1}},"14":{"start":{"line":218,"column":37},"end":{"line":252,"column":1}},"15":{"start":{"line":256,"column":37},"end":{"line":262,"column":1}},"16":{"start":{"line":266,"column":37},"end":{"line":272,"column":1}},"17":{"start":{"line":276,"column":38},"end":{"line":282,"column":1}},"18":{"start":{"line":286,"column":34},"end":{"line":292,"column":1}},"19":{"start":{"line":294,"column":36},"end":{"line":316,"column":1}},"20":{"start":{"line":318,"column":36},"end":{"line":324,"column":1}},"21":{"start":{"line":326,"column":37},"end":{"line":332,"column":1}},"22":{"start":{"line":334,"column":40},"end":{"line":348,"column":1}},"23":{"start":{"line":350,"column":40},"end":{"line":354,"column":1}},"24":{"start":{"line":356,"column":37},"end":{"line":360,"column":1}},"25":{"start":{"line":362,"column":37},"end":{"line":366,"column":1}},"26":{"start":{"line":372,"column":53},"end":{"line":382,"column":1}},"27":{"start":{"line":388,"column":49},"end":{"line":398,"column":1}},"28":{"start":{"line":404,"column":35},"end":{"line":421,"column":1}},"29":{"start":{"line":422,"column":42},"end":{"line":442,"column":1}},"30":{"start":{"line":443,"column":42},"end":{"line":449,"column":1}},"31":{"start":{"line":450,"column":36},"end":{"line":470,"column":1}},"32":{"start":{"line":472,"column":37},"end":{"line":502,"column":1}},"33":{"start":{"line":504,"column":25},"end":{"line":510,"column":1}},"34":{"start":{"line":512,"column":27},"end":{"line":518,"column":1}},"35":{"start":{"line":520,"column":30},"end":{"line":526,"column":1}},"36":{"start":{"line":528,"column":42},"end":{"line":540,"column":1}},"37":{"start":{"line":542,"column":45},"end":{"line":551,"column":1}},"38":{"start":{"line":553,"column":45},"end":{"line":559,"column":1}},"39":{"start":{"line":561,"column":47},"end":{"line":575,"column":1}},"40":{"start":{"line":577,"column":50},"end":{"line":597,"column":1}},"41":{"start":{"line":599,"column":42},"end":{"line":605,"column":1}},"42":{"start":{"line":607,"column":44},"end":{"line":613,"column":1}},"43":{"start":{"line":615,"column":34},"end":{"line":621,"column":1}},"44":{"start":{"line":623,"column":37},"end":{"line":629,"column":1}},"45":{"start":{"line":631,"column":28},"end":{"line":649,"column":1}},"46":{"start":{"line":651,"column":35},"end":{"line":668,"column":1}},"47":{"start":{"line":670,"column":28},"end":{"line":676,"column":1}},"48":{"start":{"line":678,"column":30},"end":{"line":684,"column":1}},"49":{"start":{"line":687,"column":48},"end":{"line":701,"column":1}},"50":{"start":{"line":703,"column":51},"end":{"line":707,"column":1}},"51":{"start":{"line":709,"column":51},"end":{"line":713,"column":1}},"52":{"start":{"line":715,"column":34},"end":{"line":723,"column":1}},"53":{"start":{"line":726,"column":35},"end":{"line":735,"column":1}},"54":{"start":{"line":736,"column":34},"end":{"line":742,"column":1}}},"fnMap":{},"branchMap":{},"s":{"0":0,"1":0,"2":0,"3":0,"4":0,"5":0,"6":0,"7":0,"8":0,"9":0,"10":0,"11":0,"12":0,"13":0,"14":0,"15":0,"16":0,"17":0,"18":0,"19":0,"20":0,"21":0,"22":0,"23":0,"24":0,"25":0,"26":0,"27":0,"28":0,"29":0,"30":0,"31":0,"32":0,"33":0,"34":0,"35":0,"36":0,"37":0,"38":0,"39":0,"40":0,"41":0,"42":0,"43":0,"44":0,"45":0,"46":0,"47":0,"48":0,"49":0,"50":0,"51":0,"52":0,"53":0,"54":0},"f":{},"b":{}}
,"/Users/j1a2-adu/Desktop/talawa-admin/src/GraphQl/Queries/Queries.ts": {"path":"/Users/j1a2-adu/Desktop/talawa-admin/src/GraphQl/Queries/Queries.ts","statementMap":{"0":{"start":{"line":7,"column":26},"end":{"line":18,"column":1}},"1":{"start":{"line":21,"column":33},"end":{"line":41,"column":1}},"2":{"start":{"line":44,"column":44},"end":{"line":68,"column":1}},"3":{"start":{"line":71,"column":25},"end":{"line":129,"column":1}},"4":{"start":{"line":131,"column":33},"end":{"line":160,"column":1}},"5":{"start":{"line":162,"column":29},"end":{"line":204,"column":1}},"6":{"start":{"line":206,"column":31},"end":{"line":216,"column":1}},"7":{"start":{"line":218,"column":30},"end":{"line":238,"column":1}},"8":{"start":{"line":240,"column":31},"end":{"line":252,"column":1}},"9":{"start":{"line":255,"column":34},"end":{"line":298,"column":1}},"10":{"start":{"line":302,"column":28},"end":{"line":319,"column":1}},"11":{"start":{"line":321,"column":38},"end":{"line":345,"column":1}},"12":{"start":{"line":348,"column":52},"end":{"line":379,"column":1}},"13":{"start":{"line":382,"column":38},"end":{"line":397,"column":1}},"14":{"start":{"line":400,"column":28},"end":{"line":441,"column":1}},"15":{"start":{"line":444,"column":39},"end":{"line":461,"column":1}},"16":{"start":{"line":463,"column":50},"end":{"line":496,"column":1}},"17":{"start":{"line":498,"column":53},"end":{"line":515,"column":1}},"18":{"start":{"line":519,"column":26},"end":{"line":533,"column":1}},"19":{"start":{"line":537,"column":34},"end":{"line":552,"column":1}},"20":{"start":{"line":556,"column":38},"end":{"line":573,"column":1}},"21":{"start":{"line":575,"column":49},"end":{"line":623,"column":1}},"22":{"start":{"line":625,"column":44},"end":{"line":649,"column":1}},"23":{"start":{"line":651,"column":41},"end":{"line":662,"column":1}},"24":{"start":{"line":664,"column":42},"end":{"line":675,"column":1}},"25":{"start":{"line":677,"column":40},"end":{"line":690,"column":1}},"26":{"start":{"line":696,"column":26},"end":{"line":706,"column":1}},"27":{"start":{"line":707,"column":34},"end":{"line":719,"column":1}},"28":{"start":{"line":720,"column":46},"end":{"line":761,"column":1}},"29":{"start":{"line":763,"column":31},"end":{"line":797,"column":1}},"30":{"start":{"line":799,"column":33},"end":{"line":839,"column":1}},"31":{"start":{"line":841,"column":44},"end":{"line":845,"column":1}}},"fnMap":{},"branchMap":{},"s":{"0":0,"1":0,"2":0,"3":0,"4":0,"5":0,"6":0,"7":0,"8":0,"9":0,"10":0,"11":0,"12":0,"13":0,"14":0,"15":0,"16":0,"17":0,"18":0,"19":0,"20":0,"21":0,"22":0,"23":0,"24":0,"25":0,"26":0,"27":0,"28":0,"29":0,"30":0,"31":0},"f":{},"b":{}}
,"/Users/j1a2-adu/Desktop/talawa-admin/src/components/AddOn/AddOn.tsx": {"path":"/Users/j1a2-adu/Desktop/talawa-admin/src/components/AddOn/AddOn.tsx","statementMap":{"0":{"start":{"line":12,"column":2},"end":{"line":18,"column":4}},"1":{"start":{"line":21,"column":0},"end":{"line":25,"column":2}},"2":{"start":{"line":27,"column":0},"end":{"line":34,"column":2}}},"fnMap":{"0":{"name":"addOn","decl":{"start":{"line":11,"column":9},"end":{"line":11,"column":14}},"loc":{"start":{"line":11,"column":63},"end":{"line":19,"column":1}},"line":11}},"branchMap":{},"s":{"0":0,"1":0,"2":0},"f":{"0":0},"b":{}}
,"/Users/j1a2-adu/Desktop/talawa-admin/src/components/AddOn/core/AddOnEntry/AddOnEntry.tsx": {"path":"/Users/j1a2-adu/Desktop/talawa-admin/src/components/AddOn/core/AddOnEntry/AddOnEntry.tsx","statementMap":{"0":{"start":{"line":30,"column":16},"end":{"line":30,"column":74}},"1":{"start":{"line":32,"column":21},"end":{"line":32,"column":63}},"2":{"start":{"line":33,"column":44},"end":{"line":33,"column":59}},"3":{"start":{"line":34,"column":50},"end":{"line":36,"column":3}},"4":{"start":{"line":38,"column":32},"end":{"line":40,"column":3}},"5":{"start":{"line":42,"column":30},"end":{"line":57,"column":3}},"6":{"start":{"line":43,"column":4},"end":{"line":43,"column":27}},"7":{"start":{"line":44,"column":4},"end":{"line":49,"column":7}},"8":{"start":{"line":51,"column":4},"end":{"line":51,"column":43}},"9":{"start":{"line":52,"column":4},"end":{"line":52,"column":28}},"10":{"start":{"line":53,"column":27},"end":{"line":55,"column":25}},"11":{"start":{"line":56,"column":4},"end":{"line":56,"column":26}},"12":{"start":{"line":59,"column":2},"end":{"line":107,"column":4}},"13":{"start":{"line":87,"column":14},"end":{"line":87,"column":36}},"14":{"start":{"line":88,"column":14},"end":{"line":88,"column":36}},"15":{"start":{"line":110,"column":0},"end":{"line":116,"column":2}},"16":{"start":{"line":118,"column":0},"end":{"line":124,"column":2}}},"fnMap":{"0":{"name":"addOnEntry","decl":{"start":{"line":22,"column":9},"end":{"line":22,"column":19}},"loc":{"start":{"line":29,"column":42},"end":{"line":108,"column":1}},"line":29},"1":{"name":"(anonymous_1)","decl":{"start":{"line":42,"column":30},"end":{"line":42,"column":31}},"loc":{"start":{"line":42,"column":57},"end":{"line":57,"column":3}},"line":42},"2":{"name":"(anonymous_2)","decl":{"start":{"line":86,"column":21},"end":{"line":86,"column":22}},"loc":{"start":{"line":86,"column":33},"end":{"line":89,"column":13}},"line":86}},"branchMap":{"0":{"loc":{"start":{"line":53,"column":27},"end":{"line":55,"column":25}},"type":"cond-expr","locations":[{"start":{"line":54,"column":8},"end":{"line":54,"column":23}},{"start":{"line":55,"column":8},"end":{"line":55,"column":25}}],"line":53},"1":{"loc":{"start":{"line":91,"column":13},"end":{"line":97,"column":13}},"type":"cond-expr","locations":[{"start":{"line":92,"column":14},"end":{"line":92,"column":42}},{"start":{"line":94,"column":14},"end":{"line":96,"column":19}}],"line":91},"2":{"loc":{"start":{"line":95,"column":27},"end":{"line":95,"column":76}},"type":"cond-expr","locations":[{"start":{"line":95,"column":47},"end":{"line":95,"column":60}},{"start":{"line":95,"column":63},"end":{"line":95,"column":76}}],"line":95},"3":{"loc":{"start":{"line":99,"column":13},"end":{"line":101,"column":30}},"type":"cond-expr","locations":[{"start":{"line":100,"column":16},"end":{"line":100,"column":28}},{"start":{"line":101,"column":16},"end":{"line":101,"column":30}}],"line":99}},"s":{"0":0,"1":0,"2":0,"3":0,"4":0,"5":0,"6":0,"7":0,"8":0,"9":0,"10":0,"11":0,"12":0,"13":0,"14":0,"15":0,"16":0},"f":{"0":0,"1":0,"2":0},"b":{"0":[0,0],"1":[0,0],"2":[0,0],"3":[0,0]}}
,"/Users/j1a2-adu/Desktop/talawa-admin/src/components/AddOn/core/AddOnRegister/AddOnRegister.tsx": {"path":"/Users/j1a2-adu/Desktop/talawa-admin/src/components/AddOn/core/AddOnRegister/AddOnRegister.tsx","statementMap":{"0":{"start":{"line":22,"column":19},"end":{"line":22,"column":53}},"1":{"start":{"line":28,"column":16},"end":{"line":28,"column":77}},"2":{"start":{"line":30,"column":26},"end":{"line":30,"column":41}},"3":{"start":{"line":32,"column":22},"end":{"line":32,"column":48}},"4":{"start":{"line":32,"column":34},"end":{"line":32,"column":48}},"5":{"start":{"line":33,"column":21},"end":{"line":33,"column":46}},"6":{"start":{"line":33,"column":33},"end":{"line":33,"column":46}},"7":{"start":{"line":34,"column":19},"end":{"line":34,"column":51}},"8":{"start":{"line":36,"column":36},"end":{"line":42,"column":4}},"9":{"start":{"line":44,"column":25},"end":{"line":61,"column":3}},"10":{"start":{"line":45,"column":21},"end":{"line":53,"column":6}},"11":{"start":{"line":55,"column":4},"end":{"line":60,"column":5}},"12":{"start":{"line":56,"column":6},"end":{"line":56,"column":49}},"13":{"start":{"line":57,"column":6},"end":{"line":59,"column":15}},"14":{"start":{"line":58,"column":8},"end":{"line":58,"column":33}},"15":{"start":{"line":62,"column":2},"end":{"line":148,"column":4}},"16":{"start":{"line":88,"column":18},"end":{"line":91,"column":21}},"17":{"start":{"line":104,"column":18},"end":{"line":107,"column":21}},"18":{"start":{"line":121,"column":18},"end":{"line":124,"column":21}},"19":{"start":{"line":151,"column":0},"end":{"line":153,"column":2}},"20":{"start":{"line":155,"column":0},"end":{"line":157,"column":2}}},"fnMap":{"0":{"name":"addOnRegister","decl":{"start":{"line":24,"column":9},"end":{"line":24,"column":22}},"loc":{"start":{"line":27,"column":45},"end":{"line":149,"column":1}},"line":27},"1":{"name":"(anonymous_1)","decl":{"start":{"line":32,"column":22},"end":{"line":32,"column":23}},"loc":{"start":{"line":32,"column":34},"end":{"line":32,"column":48}},"line":32},"2":{"name":"(anonymous_2)","decl":{"start":{"line":33,"column":21},"end":{"line":33,"column":22}},"loc":{"start":{"line":33,"column":33},"end":{"line":33,"column":46}},"line":33},"3":{"name":"(anonymous_3)","decl":{"start":{"line":44,"column":25},"end":{"line":44,"column":26}},"loc":{"start":{"line":44,"column":52},"end":{"line":61,"column":3}},"line":44},"4":{"name":"(anonymous_4)","decl":{"start":{"line":57,"column":17},"end":{"line":57,"column":18}},"loc":{"start":{"line":57,"column":23},"end":{"line":59,"column":7}},"line":57},"5":{"name":"(anonymous_5)","decl":{"start":{"line":87,"column":26},"end":{"line":87,"column":27}},"loc":{"start":{"line":87,"column":39},"end":{"line":92,"column":17}},"line":87},"6":{"name":"(anonymous_6)","decl":{"start":{"line":103,"column":26},"end":{"line":103,"column":27}},"loc":{"start":{"line":103,"column":39},"end":{"line":108,"column":17}},"line":103},"7":{"name":"(anonymous_7)","decl":{"start":{"line":120,"column":26},"end":{"line":120,"column":27}},"loc":{"start":{"line":120,"column":39},"end":{"line":125,"column":17}},"line":120}},"branchMap":{"0":{"loc":{"start":{"line":55,"column":4},"end":{"line":60,"column":5}},"type":"if","locations":[{"start":{"line":55,"column":4},"end":{"line":60,"column":5}},{"start":{},"end":{}}],"line":55}},"s":{"0":0,"1":0,"2":0,"3":0,"4":0,"5":0,"6":0,"7":0,"8":0,"9":0,"10":0,"11":0,"12":0,"13":0,"14":0,"15":0,"16":0,"17":0,"18":0,"19":0,"20":0},"f":{"0":0,"1":0,"2":0,"3":0,"4":0,"5":0,"6":0,"7":0},"b":{"0":[0,0]}}
,"/Users/j1a2-adu/Desktop/talawa-admin/src/components/AddOn/core/AddOnStore/AddOnStore.tsx": {"path":"/Users/j1a2-adu/Desktop/talawa-admin/src/components/AddOn/core/AddOnStore/AddOnStore.tsx","statementMap":{"0":{"start":{"line":27,"column":16},"end":{"line":27,"column":74}},"1":{"start":{"line":28,"column":2},"end":{"line":28,"column":30}},"2":{"start":{"line":30,"column":32},"end":{"line":30,"column":46}},"3":{"start":{"line":31,"column":40},"end":{"line":31,"column":54}},"4":{"start":{"line":32,"column":38},"end":{"line":32,"column":50}},"5":{"start":{"line":33,"column":34},"end":{"line":33,"column":46}},"6":{"start":{"line":35,"column":30},"end":{"line":35,"column":44}},"7":{"start":{"line":36,"column":20},"end":{"line":36,"column":70}},"8":{"start":{"line":36,"column":54},"end":{"line":36,"column":69}},"9":{"start":{"line":37,"column":33},"end":{"line":37,"column":42}},"10":{"start":{"line":39,"column":18},"end":{"line":39,"column":66}},"11":{"start":{"line":39,"column":52},"end":{"line":39,"column":65}},"12":{"start":{"line":40,"column":36},"end":{"line":40,"column":43}},"13":{"start":{"line":42,"column":35},"end":{"line":42,"column":55}},"14":{"start":{"line":79,"column":25},"end":{"line":85,"column":3}},"15":{"start":{"line":80,"column":4},"end":{"line":80,"column":33}},"16":{"start":{"line":91,"column":28},"end":{"line":94,"column":3}},"17":{"start":{"line":92,"column":4},"end":{"line":92,"column":36}},"18":{"start":{"line":93,"column":4},"end":{"line":93,"column":56}},"19":{"start":{"line":96,"column":23},"end":{"line":98,"column":3}},"20":{"start":{"line":97,"column":4},"end":{"line":97,"column":50}},"21":{"start":{"line":108,"column":2},"end":{"line":353,"column":4}},"22":{"start":{"line":121,"column":39},"end":{"line":121,"column":68}},"23":{"start":{"line":181,"column":24},"end":{"line":189,"column":25}},"24":{"start":{"line":182,"column":26},"end":{"line":182,"column":37}},"25":{"start":{"line":183,"column":31},"end":{"line":189,"column":25}},"26":{"start":{"line":188,"column":26},"end":{"line":188,"column":37}},"27":{"start":{"line":202,"column":22},"end":{"line":210,"column":23}},"28":{"start":{"line":203,"column":24},"end":{"line":203,"column":35}},"29":{"start":{"line":204,"column":29},"end":{"line":210,"column":23}},"30":{"start":{"line":209,"column":24},"end":{"line":209,"column":35}},"31":{"start":{"line":225,"column":26},"end":{"line":233,"column":27}},"32":{"start":{"line":226,"column":28},"end":{"line":226,"column":39}},"33":{"start":{"line":227,"column":33},"end":{"line":233,"column":27}},"34":{"start":{"line":232,"column":28},"end":{"line":232,"column":39}},"35":{"start":{"line":248,"column":26},"end":{"line":262,"column":28}},"36":{"start":{"line":258,"column":30},"end":{"line":258,"column":64}},"37":{"start":{"line":269,"column":45},"end":{"line":269,"column":79}},"38":{"start":{"line":279,"column":24},"end":{"line":287,"column":25}},"39":{"start":{"line":280,"column":26},"end":{"line":280,"column":37}},"40":{"start":{"line":281,"column":31},"end":{"line":287,"column":25}},"41":{"start":{"line":286,"column":26},"end":{"line":286,"column":37}},"42":{"start":{"line":294,"column":41},"end":{"line":294,"column":75}},"43":{"start":{"line":305,"column":26},"end":{"line":313,"column":27}},"44":{"start":{"line":306,"column":28},"end":{"line":306,"column":39}},"45":{"start":{"line":307,"column":33},"end":{"line":313,"column":27}},"46":{"start":{"line":312,"column":28},"end":{"line":312,"column":39}},"47":{"start":{"line":328,"column":26},"end":{"line":342,"column":28}},"48":{"start":{"line":338,"column":30},"end":{"line":338,"column":64}},"49":{"start":{"line":356,"column":0},"end":{"line":356,"column":29}},"50":{"start":{"line":358,"column":0},"end":{"line":358,"column":26}}},"fnMap":{"0":{"name":"addOnStore","decl":{"start":{"line":26,"column":9},"end":{"line":26,"column":19}},"loc":{"start":{"line":26,"column":35},"end":{"line":354,"column":1}},"line":26},"1":{"name":"(anonymous_1)","decl":{"start":{"line":36,"column":32},"end":{"line":36,"column":33}},"loc":{"start":{"line":36,"column":54},"end":{"line":36,"column":69}},"line":36},"2":{"name":"(anonymous_2)","decl":{"start":{"line":39,"column":30},"end":{"line":39,"column":31}},"loc":{"start":{"line":39,"column":52},"end":{"line":39,"column":65}},"line":39},"3":{"name":"(anonymous_3)","decl":{"start":{"line":79,"column":25},"end":{"line":79,"column":26}},"loc":{"start":{"line":79,"column":37},"end":{"line":85,"column":3}},"line":79},"4":{"name":"(anonymous_4)","decl":{"start":{"line":91,"column":28},"end":{"line":91,"column":29}},"loc":{"start":{"line":91,"column":48},"end":{"line":94,"column":3}},"line":91},"5":{"name":"(anonymous_5)","decl":{"start":{"line":96,"column":23},"end":{"line":96,"column":24}},"loc":{"start":{"line":96,"column":42},"end":{"line":98,"column":3}},"line":96},"6":{"name":"(anonymous_6)","decl":{"start":{"line":121,"column":26},"end":{"line":121,"column":27}},"loc":{"start":{"line":121,"column":39},"end":{"line":121,"column":68}},"line":121},"7":{"name":"(anonymous_7)","decl":{"start":{"line":173,"column":22},"end":{"line":173,"column":23}},"loc":{"start":{"line":180,"column":28},"end":{"line":190,"column":23}},"line":180},"8":{"name":"(anonymous_8)","decl":{"start":{"line":194,"column":20},"end":{"line":194,"column":21}},"loc":{"start":{"line":201,"column":26},"end":{"line":211,"column":21}},"line":201},"9":{"name":"(anonymous_9)","decl":{"start":{"line":217,"column":24},"end":{"line":217,"column":25}},"loc":{"start":{"line":224,"column":30},"end":{"line":234,"column":25}},"line":224},"10":{"name":"(anonymous_10)","decl":{"start":{"line":237,"column":24},"end":{"line":237,"column":25}},"loc":{"start":{"line":248,"column":26},"end":{"line":262,"column":28}},"line":248},"11":{"name":"(anonymous_11)","decl":{"start":{"line":257,"column":38},"end":{"line":257,"column":39}},"loc":{"start":{"line":257,"column":50},"end":{"line":259,"column":29}},"line":257},"12":{"name":"(anonymous_12)","decl":{"start":{"line":269,"column":28},"end":{"line":269,"column":29}},"loc":{"start":{"line":269,"column":45},"end":{"line":269,"column":79}},"line":269},"13":{"name":"(anonymous_13)","decl":{"start":{"line":271,"column":22},"end":{"line":271,"column":23}},"loc":{"start":{"line":278,"column":28},"end":{"line":288,"column":23}},"line":278},"14":{"name":"(anonymous_14)","decl":{"start":{"line":294,"column":24},"end":{"line":294,"column":25}},"loc":{"start":{"line":294,"column":41},"end":{"line":294,"column":75}},"line":294},"15":{"name":"(anonymous_15)","decl":{"start":{"line":297,"column":24},"end":{"line":297,"column":25}},"loc":{"start":{"line":304,"column":30},"end":{"line":314,"column":25}},"line":304},"16":{"name":"(anonymous_16)","decl":{"start":{"line":317,"column":24},"end":{"line":317,"column":25}},"loc":{"start":{"line":328,"column":26},"end":{"line":342,"column":28}},"line":328},"17":{"name":"(anonymous_17)","decl":{"start":{"line":337,"column":38},"end":{"line":337,"column":39}},"loc":{"start":{"line":337,"column":50},"end":{"line":339,"column":29}},"line":337}},"branchMap":{"0":{"loc":{"start":{"line":93,"column":4},"end":{"line":93,"column":55}},"type":"cond-expr","locations":[{"start":{"line":93,"column":14},"end":{"line":93,"column":31}},{"start":{"line":93,"column":34},"end":{"line":93,"column":55}}],"line":93},"1":{"loc":{"start":{"line":124,"column":13},"end":{"line":153,"column":13}},"type":"binary-expr","locations":[{"start":{"line":124,"column":13},"end":{"line":124,"column":21}},{"start":{"line":125,"column":14},"end":{"line":152,"column":23}}],"line":124},"2":{"loc":{"start":{"line":158,"column":15},"end":{"line":162,"column":22}},"type":"cond-expr","locations":[{"start":{"line":159,"column":16},"end":{"line":161,"column":20}},{"start":{"line":162,"column":18},"end":{"line":162,"column":22}}],"line":158},"3":{"loc":{"start":{"line":181,"column":24},"end":{"line":189,"column":25}},"type":"if","locations":[{"start":{"line":181,"column":24},"end":{"line":189,"column":25}},{"start":{"line":183,"column":31},"end":{"line":189,"column":25}}],"line":181},"4":{"loc":{"start":{"line":183,"column":31},"end":{"line":189,"column":25}},"type":"if","locations":[{"start":{"line":183,"column":31},"end":{"line":189,"column":25}},{"start":{},"end":{}}],"line":183},"5":{"loc":{"start":{"line":193,"column":19},"end":{"line":265,"column":19}},"type":"cond-expr","locations":[{"start":{"line":213,"column":20},"end":{"line":213,"column":45}},{"start":{"line":215,"column":20},"end":{"line":264,"column":23}}],"line":193},"6":{"loc":{"start":{"line":202,"column":22},"end":{"line":210,"column":23}},"type":"if","locations":[{"start":{"line":202,"column":22},"end":{"line":210,"column":23}},{"start":{"line":204,"column":29},"end":{"line":210,"column":23}}],"line":202},"7":{"loc":{"start":{"line":204,"column":29},"end":{"line":210,"column":23}},"type":"if","locations":[{"start":{"line":204,"column":29},"end":{"line":210,"column":23}},{"start":{},"end":{}}],"line":204},"8":{"loc":{"start":{"line":225,"column":26},"end":{"line":233,"column":27}},"type":"if","locations":[{"start":{"line":225,"column":26},"end":{"line":233,"column":27}},{"start":{"line":227,"column":33},"end":{"line":233,"column":27}}],"line":225},"9":{"loc":{"start":{"line":227,"column":33},"end":{"line":233,"column":27}},"type":"if","locations":[{"start":{"line":227,"column":33},"end":{"line":233,"column":27}},{"start":{},"end":{}}],"line":227},"10":{"loc":{"start":{"line":268,"column":19},"end":{"line":345,"column":19}},"type":"cond-expr","locations":[{"start":{"line":290,"column":20},"end":{"line":290,"column":45}},{"start":{"line":292,"column":20},"end":{"line":344,"column":23}}],"line":268},"11":{"loc":{"start":{"line":279,"column":24},"end":{"line":287,"column":25}},"type":"if","locations":[{"start":{"line":279,"column":24},"end":{"line":287,"column":25}},{"start":{"line":281,"column":31},"end":{"line":287,"column":25}}],"line":279},"12":{"loc":{"start":{"line":281,"column":31},"end":{"line":287,"column":25}},"type":"if","locations":[{"start":{"line":281,"column":31},"end":{"line":287,"column":25}},{"start":{},"end":{}}],"line":281},"13":{"loc":{"start":{"line":305,"column":26},"end":{"line":313,"column":27}},"type":"if","locations":[{"start":{"line":305,"column":26},"end":{"line":313,"column":27}},{"start":{"line":307,"column":33},"end":{"line":313,"column":27}}],"line":305},"14":{"loc":{"start":{"line":307,"column":33},"end":{"line":313,"column":27}},"type":"if","locations":[{"start":{"line":307,"column":33},"end":{"line":313,"column":27}},{"start":{},"end":{}}],"line":307}},"s":{"0":0,"1":0,"2":0,"3":0,"4":0,"5":0,"6":0,"7":0,"8":0,"9":0,"10":0,"11":0,"12":0,"13":0,"14":0,"15":0,"16":0,"17":0,"18":0,"19":0,"20":0,"21":0,"22":0,"23":0,"24":0,"25":0,"26":0,"27":0,"28":0,"29":0,"30":0,"31":0,"32":0,"33":0,"34":0,"35":0,"36":0,"37":0,"38":0,"39":0,"40":0,"41":0,"42":0,"43":0,"44":0,"45":0,"46":0,"47":0,"48":0,"49":0,"50":0},"f":{"0":0,"1":0,"2":0,"3":0,"4":0,"5":0,"6":0,"7":0,"8":0,"9":0,"10":0,"11":0,"12":0,"13":0,"14":0,"15":0,"16":0,"17":0},"b":{"0":[0,0],"1":[0,0],"2":[0,0],"3":[0,0],"4":[0,0],"5":[0,0],"6":[0,0],"7":[0,0],"8":[0,0],"9":[0,0],"10":[0,0],"11":[0,0],"12":[0,0],"13":[0,0],"14":[0,0]}}
,"/Users/j1a2-adu/Desktop/talawa-admin/src/components/AddOn/support/components/Action/Action.tsx": {"path":"/Users/j1a2-adu/Desktop/talawa-admin/src/components/AddOn/support/components/Action/Action.tsx","statementMap":{"0":{"start":{"line":11,"column":20},"end":{"line":11,"column":48}},"1":{"start":{"line":13,"column":2},"end":{"line":18,"column":4}}},"fnMap":{"0":{"name":"action","decl":{"start":{"line":10,"column":9},"end":{"line":10,"column":15}},"loc":{"start":{"line":10,"column":58},"end":{"line":19,"column":1}},"line":10}},"branchMap":{},"s":{"0":0,"1":0},"f":{"0":0},"b":{}}
,"/Users/j1a2-adu/Desktop/talawa-admin/src/components/AddOn/support/components/MainContent/MainContent.tsx": {"path":"/Users/j1a2-adu/Desktop/talawa-admin/src/components/AddOn/support/components/MainContent/MainContent.tsx","statementMap":{"0":{"start":{"line":11,"column":2},"end":{"line":15,"column":4}}},"fnMap":{"0":{"name":"mainContent","decl":{"start":{"line":10,"column":9},"end":{"line":10,"column":20}},"loc":{"start":{"line":10,"column":75},"end":{"line":16,"column":1}},"line":10}},"branchMap":{},"s":{"0":0},"f":{"0":0},"b":{}}
,"/Users/j1a2-adu/Desktop/talawa-admin/src/components/AddOn/support/components/SidePanel/SidePanel.tsx": {"path":"/Users/j1a2-adu/Desktop/talawa-admin/src/components/AddOn/support/components/SidePanel/SidePanel.tsx","statementMap":{"0":{"start":{"line":14,"column":2},"end":{"line":23,"column":4}}},"fnMap":{"0":{"name":"sidePanel","decl":{"start":{"line":10,"column":9},"end":{"line":10,"column":18}},"loc":{"start":{"line":13,"column":41},"end":{"line":24,"column":1}},"line":13}},"branchMap":{"0":{"loc":{"start":{"line":18,"column":8},"end":{"line":18,"column":47}},"type":"cond-expr","locations":[{"start":{"line":18,"column":19},"end":{"line":18,"column":42}},{"start":{"line":18,"column":45},"end":{"line":18,"column":47}}],"line":18}},"s":{"0":0},"f":{"0":0},"b":{"0":[0,0]}}
,"/Users/j1a2-adu/Desktop/talawa-admin/src/components/AddOn/support/services/Plugin.helper.ts": {"path":"/Users/j1a2-adu/Desktop/talawa-admin/src/components/AddOn/support/services/Plugin.helper.ts","statementMap":{"0":{"start":{"line":2,"column":15},"end":{"line":5,"column":3}},"1":{"start":{"line":3,"column":19},"end":{"line":3,"column":61}},"2":{"start":{"line":4,"column":4},"end":{"line":4,"column":31}},"3":{"start":{"line":7,"column":19},"end":{"line":10,"column":3}},"4":{"start":{"line":8,"column":19},"end":{"line":8,"column":65}},"5":{"start":{"line":9,"column":4},"end":{"line":9,"column":31}},"6":{"start":{"line":12,"column":18},"end":{"line":21,"column":3}},"7":{"start":{"line":13,"column":4},"end":{"line":20,"column":9}},"8":{"start":{"line":14,"column":31},"end":{"line":14,"column":45}},"9":{"start":{"line":16,"column":8},"end":{"line":19,"column":10}}},"fnMap":{"0":{"name":"(anonymous_0)","decl":{"start":{"line":2,"column":15},"end":{"line":2,"column":16}},"loc":{"start":{"line":2,"column":41},"end":{"line":5,"column":3}},"line":2},"1":{"name":"(anonymous_1)","decl":{"start":{"line":7,"column":19},"end":{"line":7,"column":20}},"loc":{"start":{"line":7,"column":45},"end":{"line":10,"column":3}},"line":7},"2":{"name":"(anonymous_2)","decl":{"start":{"line":12,"column":18},"end":{"line":12,"column":19}},"loc":{"start":{"line":12,"column":71},"end":{"line":21,"column":3}},"line":12},"3":{"name":"(anonymous_3)","decl":{"start":{"line":14,"column":14},"end":{"line":14,"column":15}},"loc":{"start":{"line":14,"column":31},"end":{"line":14,"column":45}},"line":14},"4":{"name":"(anonymous_4)","decl":{"start":{"line":15,"column":11},"end":{"line":15,"column":12}},"loc":{"start":{"line":15,"column":37},"end":{"line":20,"column":7}},"line":15}},"branchMap":{},"s":{"0":0,"1":0,"2":0,"3":0,"4":0,"5":0,"6":0,"7":0,"8":0,"9":0},"f":{"0":0,"1":0,"2":0,"3":0,"4":0},"b":{}}
,"/Users/j1a2-adu/Desktop/talawa-admin/src/components/Advertisements/Advertisements.tsx": {"path":"/Users/j1a2-adu/Desktop/talawa-admin/src/components/Advertisements/Advertisements.tsx","statementMap":{"0":{"start":{"line":23,"column":6},"end":{"line":23,"column":34}},"1":{"start":{"line":24,"column":23},"end":{"line":24,"column":65}},"2":{"start":{"line":25,"column":16},"end":{"line":25,"column":77}},"3":{"start":{"line":26,"column":2},"end":{"line":26,"column":30}},"4":{"start":{"line":28,"column":32},"end":{"line":28,"column":46}},"5":{"start":{"line":29,"column":40},"end":{"line":29,"column":54}},"6":{"start":{"line":30,"column":38},"end":{"line":30,"column":50}},"7":{"start":{"line":31,"column":34},"end":{"line":31,"column":46}},"8":{"start":{"line":33,"column":30},"end":{"line":33,"column":44}},"9":{"start":{"line":34,"column":20},"end":{"line":34,"column":70}},"10":{"start":{"line":34,"column":54},"end":{"line":34,"column":69}},"11":{"start":{"line":35,"column":33},"end":{"line":35,"column":42}},"12":{"start":{"line":37,"column":18},"end":{"line":37,"column":66}},"13":{"start":{"line":37,"column":52},"end":{"line":37,"column":65}},"14":{"start":{"line":38,"column":36},"end":{"line":38,"column":43}},"15":{"start":{"line":39,"column":35},"end":{"line":39,"column":55}},"16":{"start":{"line":67,"column":25},"end":{"line":73,"column":3}},"17":{"start":{"line":68,"column":4},"end":{"line":68,"column":33}},"18":{"start":{"line":75,"column":28},"end":{"line":78,"column":3}},"19":{"start":{"line":76,"column":4},"end":{"line":76,"column":36}},"20":{"start":{"line":77,"column":4},"end":{"line":77,"column":56}},"21":{"start":{"line":80,"column":23},"end":{"line":82,"column":3}},"22":{"start":{"line":81,"column":4},"end":{"line":81,"column":50}},"23":{"start":{"line":93,"column":2},"end":{"line":192,"column":4}},"24":{"start":{"line":114,"column":41},"end":{"line":114,"column":65}},"25":{"start":{"line":115,"column":41},"end":{"line":115,"column":74}},"26":{"start":{"line":120,"column":43},"end":{"line":120,"column":67}},"27":{"start":{"line":121,"column":43},"end":{"line":121,"column":76}},"28":{"start":{"line":135,"column":26},"end":{"line":144,"column":28}},"29":{"start":{"line":151,"column":41},"end":{"line":151,"column":65}},"30":{"start":{"line":152,"column":41},"end":{"line":152,"column":74}},"31":{"start":{"line":157,"column":43},"end":{"line":157,"column":67}},"32":{"start":{"line":158,"column":43},"end":{"line":158,"column":76}},"33":{"start":{"line":172,"column":26},"end":{"line":181,"column":28}},"34":{"start":{"line":195,"column":0},"end":{"line":195,"column":33}},"35":{"start":{"line":197,"column":0},"end":{"line":197,"column":30}}},"fnMap":{"0":{"name":"advertisements","decl":{"start":{"line":18,"column":24},"end":{"line":18,"column":38}},"loc":{"start":{"line":18,"column":54},"end":{"line":193,"column":1}},"line":18},"1":{"name":"(anonymous_1)","decl":{"start":{"line":34,"column":32},"end":{"line":34,"column":33}},"loc":{"start":{"line":34,"column":54},"end":{"line":34,"column":69}},"line":34},"2":{"name":"(anonymous_2)","decl":{"start":{"line":37,"column":30},"end":{"line":37,"column":31}},"loc":{"start":{"line":37,"column":52},"end":{"line":37,"column":65}},"line":37},"3":{"name":"(anonymous_3)","decl":{"start":{"line":67,"column":25},"end":{"line":67,"column":26}},"loc":{"start":{"line":67,"column":37},"end":{"line":73,"column":3}},"line":67},"4":{"name":"(anonymous_4)","decl":{"start":{"line":75,"column":28},"end":{"line":75,"column":29}},"loc":{"start":{"line":75,"column":48},"end":{"line":78,"column":3}},"line":75},"5":{"name":"(anonymous_5)","decl":{"start":{"line":80,"column":23},"end":{"line":80,"column":24}},"loc":{"start":{"line":80,"column":42},"end":{"line":82,"column":3}},"line":80},"6":{"name":"(anonymous_6)","decl":{"start":{"line":114,"column":28},"end":{"line":114,"column":29}},"loc":{"start":{"line":114,"column":41},"end":{"line":114,"column":65}},"line":114},"7":{"name":"(anonymous_7)","decl":{"start":{"line":115,"column":28},"end":{"line":115,"column":29}},"loc":{"start":{"line":115,"column":41},"end":{"line":115,"column":74}},"line":115},"8":{"name":"(anonymous_8)","decl":{"start":{"line":120,"column":30},"end":{"line":120,"column":31}},"loc":{"start":{"line":120,"column":43},"end":{"line":120,"column":67}},"line":120},"9":{"name":"(anonymous_9)","decl":{"start":{"line":121,"column":30},"end":{"line":121,"column":31}},"loc":{"start":{"line":121,"column":43},"end":{"line":121,"column":76}},"line":121},"10":{"name":"(anonymous_10)","decl":{"start":{"line":123,"column":24},"end":{"line":123,"column":25}},"loc":{"start":{"line":135,"column":26},"end":{"line":144,"column":28}},"line":135},"11":{"name":"(anonymous_11)","decl":{"start":{"line":151,"column":28},"end":{"line":151,"column":29}},"loc":{"start":{"line":151,"column":41},"end":{"line":151,"column":65}},"line":151},"12":{"name":"(anonymous_12)","decl":{"start":{"line":152,"column":28},"end":{"line":152,"column":29}},"loc":{"start":{"line":152,"column":41},"end":{"line":152,"column":74}},"line":152},"13":{"name":"(anonymous_13)","decl":{"start":{"line":157,"column":30},"end":{"line":157,"column":31}},"loc":{"start":{"line":157,"column":43},"end":{"line":157,"column":67}},"line":157},"14":{"name":"(anonymous_14)","decl":{"start":{"line":158,"column":30},"end":{"line":158,"column":31}},"loc":{"start":{"line":158,"column":43},"end":{"line":158,"column":76}},"line":158},"15":{"name":"(anonymous_15)","decl":{"start":{"line":160,"column":24},"end":{"line":160,"column":25}},"loc":{"start":{"line":172,"column":26},"end":{"line":181,"column":28}},"line":172}},"branchMap":{"0":{"loc":{"start":{"line":77,"column":4},"end":{"line":77,"column":55}},"type":"cond-expr","locations":[{"start":{"line":77,"column":14},"end":{"line":77,"column":31}},{"start":{"line":77,"column":34},"end":{"line":77,"column":55}}],"line":77},"1":{"loc":{"start":{"line":113,"column":19},"end":{"line":147,"column":19}},"type":"cond-expr","locations":[{"start":{"line":117,"column":20},"end":{"line":117,"column":45}},{"start":{"line":119,"column":20},"end":{"line":146,"column":23}}],"line":113},"2":{"loc":{"start":{"line":150,"column":19},"end":{"line":184,"column":19}},"type":"cond-expr","locations":[{"start":{"line":154,"column":20},"end":{"line":154,"column":45}},{"start":{"line":156,"column":20},"end":{"line":183,"column":23}}],"line":150}},"s":{"0":0,"1":0,"2":0,"3":0,"4":0,"5":0,"6":0,"7":0,"8":0,"9":0,"10":0,"11":0,"12":0,"13":0,"14":0,"15":0,"16":0,"17":0,"18":0,"19":0,"20":0,"21":0,"22":0,"23":0,"24":0,"25":0,"26":0,"27":0,"28":0,"29":0,"30":0,"31":0,"32":0,"33":0,"34":0,"35":0},"f":{"0":0,"1":0,"2":0,"3":0,"4":0,"5":0,"6":0,"7":0,"8":0,"9":0,"10":0,"11":0,"12":0,"13":0,"14":0,"15":0},"b":{"0":[0,0],"1":[0,0],"2":[0,0]}}
,"/Users/j1a2-adu/Desktop/talawa-admin/src/components/Advertisements/core/AdvertisementEntry/AdvertisementEntry.tsx": {"path":"/Users/j1a2-adu/Desktop/talawa-admin/src/components/Advertisements/core/AdvertisementEntry/AdvertisementEntry.tsx","statementMap":{"0":{"start":{"line":28,"column":16},"end":{"line":28,"column":77}},"1":{"start":{"line":29,"column":44},"end":{"line":29,"column":59}},"2":{"start":{"line":30,"column":25},"end":{"line":30,"column":64}},"3":{"start":{"line":32,"column":19},"end":{"line":40,"column":3}},"4":{"start":{"line":33,"column":4},"end":{"line":33,"column":27}},"5":{"start":{"line":34,"column":4},"end":{"line":38,"column":7}},"6":{"start":{"line":39,"column":4},"end":{"line":39,"column":28}},"7":{"start":{"line":41,"column":2},"end":{"line":83,"column":4}},"8":{"start":{"line":45,"column":10},"end":{"line":78,"column":16}},"9":{"start":{"line":66,"column":20},"end":{"line":66,"column":31}},"10":{"start":{"line":86,"column":0},"end":{"line":93,"column":2}},"11":{"start":{"line":95,"column":0},"end":{"line":102,"column":2}}},"fnMap":{"0":{"name":"advertisementEntry","decl":{"start":{"line":17,"column":9},"end":{"line":17,"column":27}},"loc":{"start":{"line":27,"column":42},"end":{"line":84,"column":1}},"line":27},"1":{"name":"(anonymous_1)","decl":{"start":{"line":32,"column":19},"end":{"line":32,"column":20}},"loc":{"start":{"line":32,"column":46},"end":{"line":40,"column":3}},"line":32},"2":{"name":"(anonymous_2)","decl":{"start":{"line":44,"column":39},"end":{"line":44,"column":40}},"loc":{"start":{"line":45,"column":10},"end":{"line":78,"column":16}},"line":45},"3":{"name":"(anonymous_3)","decl":{"start":{"line":65,"column":27},"end":{"line":65,"column":28}},"loc":{"start":{"line":65,"column":39},"end":{"line":67,"column":19}},"line":65}},"branchMap":{"0":{"loc":{"start":{"line":69,"column":19},"end":{"line":73,"column":19}},"type":"cond-expr","locations":[{"start":{"line":70,"column":20},"end":{"line":70,"column":48}},{"start":{"line":72,"column":20},"end":{"line":72,"column":53}}],"line":69}},"s":{"0":0,"1":0,"2":0,"3":0,"4":0,"5":0,"6":0,"7":0,"8":0,"9":0,"10":0,"11":0},"f":{"0":0,"1":0,"2":0,"3":0},"b":{"0":[0,0]}}
,"/Users/j1a2-adu/Desktop/talawa-admin/src/components/Advertisements/core/AdvertisementRegister/AdvertisementRegister.tsx": {"path":"/Users/j1a2-adu/Desktop/talawa-admin/src/components/Advertisements/core/AdvertisementRegister/AdvertisementRegister.tsx","statementMap":{"0":{"start":{"line":28,"column":16},"end":{"line":28,"column":77}},"1":{"start":{"line":30,"column":26},"end":{"line":30,"column":41}},"2":{"start":{"line":32,"column":22},"end":{"line":32,"column":48}},"3":{"start":{"line":32,"column":34},"end":{"line":32,"column":48}},"4":{"start":{"line":33,"column":21},"end":{"line":33,"column":46}},"5":{"start":{"line":33,"column":33},"end":{"line":33,"column":46}},"6":{"start":{"line":34,"column":19},"end":{"line":34,"column":58}},"7":{"start":{"line":37,"column":21},"end":{"line":37,"column":63}},"8":{"start":{"line":38,"column":36},"end":{"line":45,"column":4}},"9":{"start":{"line":46,"column":25},"end":{"line":69,"column":3}},"10":{"start":{"line":47,"column":4},"end":{"line":68,"column":5}},"11":{"start":{"line":48,"column":6},"end":{"line":48,"column":51}},"12":{"start":{"line":49,"column":23},"end":{"line":58,"column":8}},"13":{"start":{"line":60,"column":6},"end":{"line":65,"column":7}},"14":{"start":{"line":61,"column":8},"end":{"line":61,"column":60}},"15":{"start":{"line":62,"column":8},"end":{"line":64,"column":17}},"16":{"start":{"line":63,"column":10},"end":{"line":63,"column":35}},"17":{"start":{"line":67,"column":6},"end":{"line":67,"column":42}},"18":{"start":{"line":70,"column":2},"end":{"line":186,"column":4}},"19":{"start":{"line":96,"column":18},"end":{"line":99,"column":21}},"20":{"start":{"line":112,"column":18},"end":{"line":115,"column":21}},"21":{"start":{"line":125,"column":18},"end":{"line":128,"column":21}},"22":{"start":{"line":129,"column":18},"end":{"line":129,"column":79}},"23":{"start":{"line":144,"column":18},"end":{"line":147,"column":21}},"24":{"start":{"line":159,"column":18},"end":{"line":162,"column":21}},"25":{"start":{"line":189,"column":0},"end":{"line":196,"column":2}},"26":{"start":{"line":198,"column":0},"end":{"line":205,"column":2}}},"fnMap":{"0":{"name":"advertisementRegister","decl":{"start":{"line":24,"column":9},"end":{"line":24,"column":30}},"loc":{"start":{"line":27,"column":45},"end":{"line":187,"column":1}},"line":27},"1":{"name":"(anonymous_1)","decl":{"start":{"line":32,"column":22},"end":{"line":32,"column":23}},"loc":{"start":{"line":32,"column":34},"end":{"line":32,"column":48}},"line":32},"2":{"name":"(anonymous_2)","decl":{"start":{"line":33,"column":21},"end":{"line":33,"column":22}},"loc":{"start":{"line":33,"column":33},"end":{"line":33,"column":46}},"line":33},"3":{"name":"(anonymous_3)","decl":{"start":{"line":46,"column":25},"end":{"line":46,"column":26}},"loc":{"start":{"line":46,"column":52},"end":{"line":69,"column":3}},"line":46},"4":{"name":"(anonymous_4)","decl":{"start":{"line":62,"column":19},"end":{"line":62,"column":20}},"loc":{"start":{"line":62,"column":25},"end":{"line":64,"column":9}},"line":62},"5":{"name":"(anonymous_5)","decl":{"start":{"line":95,"column":26},"end":{"line":95,"column":27}},"loc":{"start":{"line":95,"column":39},"end":{"line":100,"column":17}},"line":95},"6":{"name":"(anonymous_6)","decl":{"start":{"line":111,"column":26},"end":{"line":111,"column":27}},"loc":{"start":{"line":111,"column":39},"end":{"line":116,"column":17}},"line":111},"7":{"name":"(anonymous_7)","decl":{"start":{"line":124,"column":26},"end":{"line":124,"column":27}},"loc":{"start":{"line":124,"column":39},"end":{"line":130,"column":17}},"line":124},"8":{"name":"(anonymous_8)","decl":{"start":{"line":143,"column":26},"end":{"line":143,"column":27}},"loc":{"start":{"line":143,"column":39},"end":{"line":148,"column":17}},"line":143},"9":{"name":"(anonymous_9)","decl":{"start":{"line":158,"column":26},"end":{"line":158,"column":27}},"loc":{"start":{"line":158,"column":39},"end":{"line":163,"column":17}},"line":158}},"branchMap":{"0":{"loc":{"start":{"line":60,"column":6},"end":{"line":65,"column":7}},"type":"if","locations":[{"start":{"line":60,"column":6},"end":{"line":65,"column":7}},{"start":{},"end":{}}],"line":60}},"s":{"0":0,"1":0,"2":0,"3":0,"4":0,"5":0,"6":0,"7":0,"8":0,"9":0,"10":0,"11":0,"12":0,"13":0,"14":0,"15":0,"16":0,"17":0,"18":0,"19":0,"20":0,"21":0,"22":0,"23":0,"24":0,"25":0,"26":0},"f":{"0":0,"1":0,"2":0,"3":0,"4":0,"5":0,"6":0,"7":0,"8":0,"9":0},"b":{"0":[0,0]}}
,"/Users/j1a2-adu/Desktop/talawa-admin/src/components/ChangeLanguageDropdown/ChangeLanguageDropDown.tsx": {"path":"/Users/j1a2-adu/Desktop/talawa-admin/src/components/ChangeLanguageDropdown/ChangeLanguageDropDown.tsx","statementMap":{"0":{"start":{"line":13,"column":30},"end":{"line":15,"column":1}},"1":{"start":{"line":14,"column":2},"end":{"line":14,"column":45}},"2":{"start":{"line":17,"column":31},"end":{"line":63,"column":1}},"3":{"start":{"line":20,"column":30},"end":{"line":20,"column":60}},"4":{"start":{"line":22,"column":2},"end":{"line":62,"column":4}},"5":{"start":{"line":34,"column":10},"end":{"line":44,"column":17}},"6":{"start":{"line":49,"column":10},"end":{"line":58,"column":26}},"7":{"start":{"line":52,"column":48},"end":{"line":52,"column":77}}},"fnMap":{"0":{"name":"(anonymous_0)","decl":{"start":{"line":13,"column":30},"end":{"line":13,"column":31}},"loc":{"start":{"line":13,"column":77},"end":{"line":15,"column":1}},"line":13},"1":{"name":"(anonymous_1)","decl":{"start":{"line":17,"column":31},"end":{"line":17,"column":32}},"loc":{"start":{"line":19,"column":18},"end":{"line":63,"column":1}},"line":19},"2":{"name":"(anonymous_2)","decl":{"start":{"line":33,"column":23},"end":{"line":33,"column":24}},"loc":{"start":{"line":34,"column":10},"end":{"line":44,"column":17}},"line":34},"3":{"name":"(anonymous_3)","decl":{"start":{"line":48,"column":23},"end":{"line":48,"column":24}},"loc":{"start":{"line":49,"column":10},"end":{"line":58,"column":26}},"line":49},"4":{"name":"(anonymous_4)","decl":{"start":{"line":52,"column":21},"end":{"line":52,"column":22}},"loc":{"start":{"line":52,"column":48},"end":{"line":52,"column":77}},"line":52}},"branchMap":{"0":{"loc":{"start":{"line":20,"column":30},"end":{"line":20,"column":60}},"type":"binary-expr","locations":[{"start":{"line":20,"column":30},"end":{"line":20,"column":52}},{"start":{"line":20,"column":56},"end":{"line":20,"column":60}}],"line":20},"1":{"loc":{"start":{"line":25,"column":20},"end":{"line":25,"column":53}},"type":"binary-expr","locations":[{"start":{"line":25,"column":20},"end":{"line":25,"column":47}},{"start":{"line":25,"column":51},"end":{"line":25,"column":53}}],"line":25},"2":{"loc":{"start":{"line":30,"column":22},"end":{"line":30,"column":43}},"type":"binary-expr","locations":[{"start":{"line":30,"column":22},"end":{"line":30,"column":37}},{"start":{"line":30,"column":41},"end":{"line":30,"column":43}}],"line":30},"3":{"loc":{"start":{"line":38,"column":13},"end":{"line":43,"column":20}},"type":"cond-expr","locations":[{"start":{"line":39,"column":14},"end":{"line":42,"column":21}},{"start":{"line":43,"column":16},"end":{"line":43,"column":20}}],"line":38},"4":{"loc":{"start":{"line":39,"column":34},"end":{"line":39,"column":59}},"type":"binary-expr","locations":[{"start":{"line":39,"column":34},"end":{"line":39,"column":53}},{"start":{"line":39,"column":57},"end":{"line":39,"column":59}}],"line":39}},"s":{"0":0,"1":0,"2":0,"3":0,"4":0,"5":0,"6":0,"7":0},"f":{"0":0,"1":0,"2":0,"3":0,"4":0},"b":{"0":[0,0],"1":[0,0],"2":[0,0],"3":[0,0],"4":[0,0]}}
,"/Users/j1a2-adu/Desktop/talawa-admin/src/components/CheckIn/CheckInModal.tsx": {"path":"/Users/j1a2-adu/Desktop/talawa-admin/src/components/CheckIn/CheckInModal.tsx","statementMap":{"0":{"start":{"line":16,"column":28},"end":{"line":121,"column":1}},"1":{"start":{"line":17,"column":36},"end":{"line":17,"column":70}},"2":{"start":{"line":19,"column":48},"end":{"line":19,"column":60}},"3":{"start":{"line":20,"column":50},"end":{"line":22,"column":4}},"4":{"start":{"line":28,"column":6},"end":{"line":30,"column":4}},"5":{"start":{"line":32,"column":2},"end":{"line":51,"column":51}},"6":{"start":{"line":33,"column":4},"end":{"line":33,"column":21}},"7":{"start":{"line":34,"column":4},"end":{"line":50,"column":8}},"8":{"start":{"line":34,"column":24},"end":{"line":34,"column":41}},"9":{"start":{"line":36,"column":6},"end":{"line":50,"column":8}},"10":{"start":{"line":38,"column":50},"end":{"line":48,"column":11}},"11":{"start":{"line":53,"column":32},"end":{"line":63,"column":3}},"12":{"start":{"line":60,"column":8},"end":{"line":60,"column":64}},"13":{"start":{"line":66,"column":2},"end":{"line":72,"column":3}},"14":{"start":{"line":67,"column":4},"end":{"line":71,"column":6}},"15":{"start":{"line":73,"column":2},"end":{"line":120,"column":4}},"16":{"start":{"line":95,"column":16},"end":{"line":95,"column":51}},"17":{"start":{"line":96,"column":16},"end":{"line":104,"column":19}},"18":{"start":{"line":112,"column":60},"end":{"line":112,"column":66}}},"fnMap":{"0":{"name":"(anonymous_0)","decl":{"start":{"line":16,"column":28},"end":{"line":16,"column":29}},"loc":{"start":{"line":16,"column":72},"end":{"line":121,"column":1}},"line":16},"1":{"name":"(anonymous_1)","decl":{"start":{"line":32,"column":12},"end":{"line":32,"column":13}},"loc":{"start":{"line":32,"column":18},"end":{"line":51,"column":3}},"line":32},"2":{"name":"(anonymous_2)","decl":{"start":{"line":38,"column":10},"end":{"line":38,"column":11}},"loc":{"start":{"line":38,"column":50},"end":{"line":48,"column":11}},"line":38},"3":{"name":"(anonymous_3)","decl":{"start":{"line":59,"column":18},"end":{"line":59,"column":19}},"loc":{"start":{"line":60,"column":8},"end":{"line":60,"column":64}},"line":60},"4":{"name":"(anonymous_4)","decl":{"start":{"line":94,"column":24},"end":{"line":94,"column":25}},"loc":{"start":{"line":94,"column":37},"end":{"line":105,"column":15}},"line":94},"5":{"name":"(anonymous_5)","decl":{"start":{"line":112,"column":28},"end":{"line":112,"column":29}},"loc":{"start":{"line":112,"column":60},"end":{"line":112,"column":66}},"line":112}},"branchMap":{"0":{"loc":{"start":{"line":34,"column":4},"end":{"line":50,"column":8}},"type":"if","locations":[{"start":{"line":34,"column":4},"end":{"line":50,"column":8}},{"start":{"line":36,"column":6},"end":{"line":50,"column":8}}],"line":34},"1":{"loc":{"start":{"line":66,"column":2},"end":{"line":72,"column":3}},"type":"if","locations":[{"start":{"line":66,"column":2},"end":{"line":72,"column":3}},{"start":{},"end":{}}],"line":66}},"s":{"0":0,"1":0,"2":0,"3":0,"4":0,"5":0,"6":0,"7":0,"8":0,"9":0,"10":0,"11":0,"12":0,"13":0,"14":0,"15":0,"16":0,"17":0,"18":0},"f":{"0":0,"1":0,"2":0,"3":0,"4":0,"5":0},"b":{"0":[0,0],"1":[0,0]}}
,"/Users/j1a2-adu/Desktop/talawa-admin/src/components/CheckIn/CheckInWrapper.tsx": {"path":"/Users/j1a2-adu/Desktop/talawa-admin/src/components/CheckIn/CheckInWrapper.tsx","statementMap":{"0":{"start":{"line":11,"column":30},"end":{"line":41,"column":1}},"1":{"start":{"line":12,"column":36},"end":{"line":12,"column":51}},"2":{"start":{"line":14,"column":2},"end":{"line":40,"column":4}},"3":{"start":{"line":21,"column":10},"end":{"line":21,"column":29}},"4":{"start":{"line":35,"column":35},"end":{"line":35,"column":54}}},"fnMap":{"0":{"name":"(anonymous_0)","decl":{"start":{"line":11,"column":30},"end":{"line":11,"column":31}},"loc":{"start":{"line":11,"column":64},"end":{"line":41,"column":1}},"line":11},"1":{"name":"(anonymous_1)","decl":{"start":{"line":20,"column":17},"end":{"line":20,"column":18}},"loc":{"start":{"line":20,"column":29},"end":{"line":22,"column":9}},"line":20},"2":{"name":"(anonymous_2)","decl":{"start":{"line":35,"column":23},"end":{"line":35,"column":24}},"loc":{"start":{"line":35,"column":35},"end":{"line":35,"column":54}},"line":35}},"branchMap":{"0":{"loc":{"start":{"line":32,"column":7},"end":{"line":38,"column":7}},"type":"binary-expr","locations":[{"start":{"line":32,"column":7},"end":{"line":32,"column":16}},{"start":{"line":33,"column":8},"end":{"line":37,"column":10}}],"line":32}},"s":{"0":0,"1":0,"2":0,"3":0,"4":0},"f":{"0":0,"1":0,"2":0},"b":{"0":[0,0]}}
,"/Users/j1a2-adu/Desktop/talawa-admin/src/components/CheckIn/TableRow.tsx": {"path":"/Users/j1a2-adu/Desktop/talawa-admin/src/components/CheckIn/TableRow.tsx","statementMap":{"0":{"start":{"line":10,"column":24},"end":{"line":76,"column":1}},"1":{"start":{"line":17,"column":28},"end":{"line":17,"column":53}},"2":{"start":{"line":19,"column":22},"end":{"line":38,"column":3}},"3":{"start":{"line":22,"column":4},"end":{"line":37,"column":9}},"4":{"start":{"line":31,"column":8},"end":{"line":31,"column":50}},"5":{"start":{"line":32,"column":8},"end":{"line":32,"column":18}},"6":{"start":{"line":35,"column":8},"end":{"line":35,"column":58}},"7":{"start":{"line":36,"column":8},"end":{"line":36,"column":33}},"8":{"start":{"line":40,"column":17},"end":{"line":45,"column":6}},"9":{"start":{"line":41,"column":4},"end":{"line":45,"column":6}},"10":{"start":{"line":46,"column":22},"end":{"line":51,"column":3}},"11":{"start":{"line":47,"column":19},"end":{"line":47,"column":40}},"12":{"start":{"line":48,"column":16},"end":{"line":48,"column":65}},"13":{"start":{"line":49,"column":17},"end":{"line":49,"column":68}},"14":{"start":{"line":50,"column":4},"end":{"line":50,"column":43}},"15":{"start":{"line":53,"column":2},"end":{"line":75,"column":4}}},"fnMap":{"0":{"name":"(anonymous_0)","decl":{"start":{"line":10,"column":24},"end":{"line":10,"column":25}},"loc":{"start":{"line":16,"column":19},"end":{"line":76,"column":1}},"line":16},"1":{"name":"(anonymous_1)","decl":{"start":{"line":19,"column":22},"end":{"line":19,"column":23}},"loc":{"start":{"line":19,"column":34},"end":{"line":38,"column":3}},"line":19},"2":{"name":"(anonymous_2)","decl":{"start":{"line":30,"column":12},"end":{"line":30,"column":13}},"loc":{"start":{"line":30,"column":18},"end":{"line":33,"column":7}},"line":30},"3":{"name":"(anonymous_3)","decl":{"start":{"line":34,"column":13},"end":{"line":34,"column":14}},"loc":{"start":{"line":34,"column":22},"end":{"line":37,"column":7}},"line":34},"4":{"name":"(anonymous_4)","decl":{"start":{"line":40,"column":17},"end":{"line":40,"column":18}},"loc":{"start":{"line":41,"column":4},"end":{"line":45,"column":6}},"line":41},"5":{"name":"(anonymous_5)","decl":{"start":{"line":46,"column":22},"end":{"line":46,"column":23}},"loc":{"start":{"line":46,"column":49},"end":{"line":51,"column":3}},"line":46}},"branchMap":{"0":{"loc":{"start":{"line":55,"column":7},"end":{"line":73,"column":7}},"type":"cond-expr","locations":[{"start":{"line":56,"column":8},"end":{"line":63,"column":14}},{"start":{"line":65,"column":8},"end":{"line":72,"column":17}}],"line":55}},"s":{"0":0,"1":0,"2":0,"3":0,"4":0,"5":0,"6":0,"7":0,"8":0,"9":0,"10":0,"11":0,"12":0,"13":0,"14":0,"15":0},"f":{"0":0,"1":0,"2":0,"3":0,"4":0,"5":0},"b":{"0":[0,0]}}
,"/Users/j1a2-adu/Desktop/talawa-admin/src/components/CheckIn/mocks.ts": {"path":"/Users/j1a2-adu/Desktop/talawa-admin/src/components/CheckIn/mocks.ts","statementMap":{"0":{"start":{"line":5,"column":57},"end":{"line":34,"column":1}},"1":{"start":{"line":36,"column":32},"end":{"line":46,"column":1}},"2":{"start":{"line":48,"column":38},"end":{"line":67,"column":1}},"3":{"start":{"line":69,"column":40},"end":{"line":82,"column":1}}},"fnMap":{},"branchMap":{},"s":{"0":0,"1":0,"2":0,"3":0},"f":{},"b":{}}
,"/Users/j1a2-adu/Desktop/talawa-admin/src/components/CheckIn/tagTemplate.ts": {"path":"/Users/j1a2-adu/Desktop/talawa-admin/src/components/CheckIn/tagTemplate.ts","statementMap":{"0":{"start":{"line":3,"column":37},"end":{"line":22,"column":1}}},"fnMap":{},"branchMap":{},"s":{"0":0},"f":{},"b":{}}
,"/Users/j1a2-adu/Desktop/talawa-admin/src/components/CheckIn/types.ts": {"path":"/Users/j1a2-adu/Desktop/talawa-admin/src/components/CheckIn/types.ts","statementMap":{},"fnMap":{},"branchMap":{},"s":{},"f":{},"b":{}}
,"/Users/j1a2-adu/Desktop/talawa-admin/src/components/CollapsibleDropdown/CollapsibleDropdown.tsx": {"path":"/Users/j1a2-adu/Desktop/talawa-admin/src/components/CollapsibleDropdown/CollapsibleDropdown.tsx","statementMap":{"0":{"start":{"line":13,"column":28},"end":{"line":89,"column":1}},"1":{"start":{"line":17,"column":42},"end":{"line":17,"column":63}},"2":{"start":{"line":18,"column":30},"end":{"line":18,"column":51}},"3":{"start":{"line":19,"column":31},"end":{"line":19,"column":37}},"4":{"start":{"line":20,"column":18},"end":{"line":20,"column":30}},"5":{"start":{"line":22,"column":2},"end":{"line":29,"column":26}},"6":{"start":{"line":23,"column":4},"end":{"line":28,"column":7}},"7":{"start":{"line":24,"column":6},"end":{"line":27,"column":7}},"8":{"start":{"line":25,"column":8},"end":{"line":25,"column":24}},"9":{"start":{"line":26,"column":8},"end":{"line":26,"column":30}},"10":{"start":{"line":31,"column":2},"end":{"line":88,"column":4}},"11":{"start":{"line":36,"column":29},"end":{"line":36,"column":59}},"12":{"start":{"line":58,"column":14},"end":{"line":83,"column":16}},"13":{"start":{"line":67,"column":20},"end":{"line":67,"column":38}}},"fnMap":{"0":{"name":"(anonymous_0)","decl":{"start":{"line":13,"column":28},"end":{"line":13,"column":29}},"loc":{"start":{"line":16,"column":49},"end":{"line":89,"column":1}},"line":16},"1":{"name":"(anonymous_1)","decl":{"start":{"line":22,"column":12},"end":{"line":22,"column":13}},"loc":{"start":{"line":22,"column":18},"end":{"line":29,"column":3}},"line":22},"2":{"name":"(anonymous_2)","decl":{"start":{"line":23,"column":27},"end":{"line":23,"column":28}},"loc":{"start":{"line":23,"column":41},"end":{"line":28,"column":5}},"line":23},"3":{"name":"(anonymous_3)","decl":{"start":{"line":36,"column":17},"end":{"line":36,"column":18}},"loc":{"start":{"line":36,"column":29},"end":{"line":36,"column":59}},"line":36},"4":{"name":"(anonymous_4)","decl":{"start":{"line":57,"column":27},"end":{"line":57,"column":28}},"loc":{"start":{"line":57,"column":71},"end":{"line":84,"column":13}},"line":57},"5":{"name":"(anonymous_5)","decl":{"start":{"line":66,"column":27},"end":{"line":66,"column":28}},"loc":{"start":{"line":66,"column":39},"end":{"line":68,"column":19}},"line":66}},"branchMap":{"0":{"loc":{"start":{"line":24,"column":6},"end":{"line":27,"column":7}},"type":"if","locations":[{"start":{"line":24,"column":6},"end":{"line":27,"column":7}},{"start":{},"end":{}}],"line":24},"1":{"loc":{"start":{"line":34,"column":17},"end":{"line":34,"column":45}},"type":"cond-expr","locations":[{"start":{"line":34,"column":26},"end":{"line":34,"column":35}},{"start":{"line":34,"column":38},"end":{"line":34,"column":45}}],"line":34},"2":{"loc":{"start":{"line":35,"column":22},"end":{"line":35,"column":62}},"type":"cond-expr","locations":[{"start":{"line":35,"column":31},"end":{"line":35,"column":43}},{"start":{"line":35,"column":46},"end":{"line":35,"column":62}}],"line":35},"3":{"loc":{"start":{"line":43,"column":18},"end":{"line":43,"column":68}},"type":"cond-expr","locations":[{"start":{"line":43,"column":27},"end":{"line":43,"column":44}},{"start":{"line":43,"column":47},"end":{"line":43,"column":68}}],"line":43},"4":{"loc":{"start":{"line":49,"column":12},"end":{"line":49,"column":62}},"type":"cond-expr","locations":[{"start":{"line":49,"column":21},"end":{"line":49,"column":38}},{"start":{"line":49,"column":41},"end":{"line":49,"column":62}}],"line":49},"5":{"loc":{"start":{"line":50,"column":12},"end":{"line":50,"column":62}},"type":"cond-expr","locations":[{"start":{"line":50,"column":27},"end":{"line":50,"column":42}},{"start":{"line":50,"column":45},"end":{"line":50,"column":62}}],"line":50},"6":{"loc":{"start":{"line":56,"column":11},"end":{"line":84,"column":14}},"type":"binary-expr","locations":[{"start":{"line":56,"column":11},"end":{"line":56,"column":21}},{"start":{"line":57,"column":12},"end":{"line":84,"column":14}}],"line":56},"7":{"loc":{"start":{"line":61,"column":27},"end":{"line":61,"column":68}},"type":"cond-expr","locations":[{"start":{"line":61,"column":49},"end":{"line":61,"column":58}},{"start":{"line":61,"column":61},"end":{"line":61,"column":68}}],"line":61},"8":{"loc":{"start":{"line":64,"column":20},"end":{"line":64,"column":73}},"type":"cond-expr","locations":[{"start":{"line":64,"column":42},"end":{"line":64,"column":54}},{"start":{"line":64,"column":57},"end":{"line":64,"column":73}}],"line":64},"9":{"loc":{"start":{"line":78,"column":24},"end":{"line":78,"column":77}},"type":"cond-expr","locations":[{"start":{"line":78,"column":46},"end":{"line":78,"column":58}},{"start":{"line":78,"column":61},"end":{"line":78,"column":77}}],"line":78}},"s":{"0":0,"1":0,"2":0,"3":0,"4":0,"5":0,"6":0,"7":0,"8":0,"9":0,"10":0,"11":0,"12":0,"13":0},"f":{"0":0,"1":0,"2":0,"3":0,"4":0,"5":0},"b":{"0":[0,0],"1":[0,0],"2":[0,0],"3":[0,0],"4":[0,0],"5":[0,0],"6":[0,0],"7":[0,0],"8":[0,0],"9":[0,0]}}
,"/Users/j1a2-adu/Desktop/talawa-admin/src/components/ContriStats/ContriStats.tsx": {"path":"/Users/j1a2-adu/Desktop/talawa-admin/src/components/ContriStats/ContriStats.tsx","statementMap":{"0":{"start":{"line":15,"column":16},"end":{"line":17,"column":4}},"1":{"start":{"line":19,"column":2},"end":{"line":31,"column":4}}},"fnMap":{"0":{"name":"contriStats","decl":{"start":{"line":14,"column":9},"end":{"line":14,"column":20}},"loc":{"start":{"line":14,"column":68},"end":{"line":32,"column":1}},"line":14}},"branchMap":{},"s":{"0":0,"1":0},"f":{"0":0},"b":{}}
,"/Users/j1a2-adu/Desktop/talawa-admin/src/components/DeleteOrg/DeleteOrg.tsx": {"path":"/Users/j1a2-adu/Desktop/talawa-admin/src/components/DeleteOrg/DeleteOrg.tsx","statementMap":{"0":{"start":{"line":13,"column":16},"end":{"line":15,"column":4}},"1":{"start":{"line":16,"column":48},"end":{"line":16,"column":63}},"2":{"start":{"line":17,"column":21},"end":{"line":17,"column":55}},"3":{"start":{"line":18,"column":20},"end":{"line":18,"column":69}},"4":{"start":{"line":19,"column":28},"end":{"line":19,"column":76}},"5":{"start":{"line":19,"column":40},"end":{"line":19,"column":76}},"6":{"start":{"line":21,"column":16},"end":{"line":21,"column":57}},"7":{"start":{"line":22,"column":37},"end":{"line":24,"column":3}},"8":{"start":{"line":26,"column":19},"end":{"line":30,"column":4}},"9":{"start":{"line":32,"column":20},"end":{"line":54,"column":3}},"10":{"start":{"line":33,"column":4},"end":{"line":53,"column":5}},"11":{"start":{"line":34,"column":6},"end":{"line":40,"column":11}},"12":{"start":{"line":36,"column":10},"end":{"line":36,"column":68}},"13":{"start":{"line":39,"column":10},"end":{"line":39,"column":37}},"14":{"start":{"line":41,"column":6},"end":{"line":41,"column":42}},"15":{"start":{"line":43,"column":6},"end":{"line":52,"column":7}},"16":{"start":{"line":44,"column":8},"end":{"line":48,"column":11}},"17":{"start":{"line":49,"column":8},"end":{"line":49,"column":44}},"18":{"start":{"line":51,"column":8},"end":{"line":51,"column":31}},"19":{"start":{"line":56,"column":2},"end":{"line":108,"column":4}}},"fnMap":{"0":{"name":"deleteOrg","decl":{"start":{"line":12,"column":9},"end":{"line":12,"column":18}},"loc":{"start":{"line":12,"column":34},"end":{"line":109,"column":1}},"line":12},"1":{"name":"(anonymous_1)","decl":{"start":{"line":19,"column":28},"end":{"line":19,"column":29}},"loc":{"start":{"line":19,"column":40},"end":{"line":19,"column":76}},"line":19},"2":{"name":"(anonymous_2)","decl":{"start":{"line":32,"column":20},"end":{"line":32,"column":21}},"loc":{"start":{"line":32,"column":47},"end":{"line":54,"column":3}},"line":32},"3":{"name":"(anonymous_3)","decl":{"start":{"line":35,"column":14},"end":{"line":35,"column":15}},"loc":{"start":{"line":35,"column":20},"end":{"line":37,"column":9}},"line":35},"4":{"name":"(anonymous_4)","decl":{"start":{"line":38,"column":15},"end":{"line":38,"column":16}},"loc":{"start":{"line":38,"column":26},"end":{"line":40,"column":9}},"line":38}},"branchMap":{"0":{"loc":{"start":{"line":33,"column":4},"end":{"line":53,"column":5}},"type":"if","locations":[{"start":{"line":33,"column":4},"end":{"line":53,"column":5}},{"start":{"line":42,"column":11},"end":{"line":53,"column":5}}],"line":33},"1":{"loc":{"start":{"line":33,"column":8},"end":{"line":33,"column":41}},"type":"binary-expr","locations":[{"start":{"line":33,"column":8},"end":{"line":33,"column":12}},{"start":{"line":33,"column":16},"end":{"line":33,"column":41}}],"line":33},"2":{"loc":{"start":{"line":58,"column":7},"end":{"line":77,"column":7}},"type":"binary-expr","locations":[{"start":{"line":58,"column":7},"end":{"line":58,"column":16}},{"start":{"line":59,"column":8},"end":{"line":76,"column":15}}],"line":58},"3":{"loc":{"start":{"line":71,"column":15},"end":{"line":73,"column":41}},"type":"cond-expr","locations":[{"start":{"line":72,"column":18},"end":{"line":72,"column":47}},{"start":{"line":73,"column":18},"end":{"line":73,"column":41}}],"line":71},"4":{"loc":{"start":{"line":71,"column":15},"end":{"line":71,"column":48}},"type":"binary-expr","locations":[{"start":{"line":71,"column":15},"end":{"line":71,"column":19}},{"start":{"line":71,"column":23},"end":{"line":71,"column":48}}],"line":71},"5":{"loc":{"start":{"line":79,"column":7},"end":{"line":106,"column":7}},"type":"binary-expr","locations":[{"start":{"line":79,"column":7},"end":{"line":79,"column":16}},{"start":{"line":80,"column":8},"end":{"line":105,"column":16}}],"line":79}},"s":{"0":0,"1":0,"2":0,"3":0,"4":0,"5":0,"6":0,"7":0,"8":0,"9":0,"10":0,"11":0,"12":0,"13":0,"14":0,"15":0,"16":0,"17":0,"18":0,"19":0},"f":{"0":0,"1":0,"2":0,"3":0,"4":0},"b":{"0":[0,0],"1":[0,0],"2":[0,0],"3":[0,0],"4":[0,0],"5":[0,0]}}
,"/Users/j1a2-adu/Desktop/talawa-admin/src/components/EventCalendar/EventCalendar.tsx": {"path":"/Users/j1a2-adu/Desktop/talawa-admin/src/components/EventCalendar/EventCalendar.tsx","statementMap":{"0":{"start":{"line":51,"column":51},"end":{"line":240,"column":1}},"1":{"start":{"line":57,"column":25},"end":{"line":57,"column":52}},"2":{"start":{"line":58,"column":19},"end":{"line":58,"column":68}},"3":{"start":{"line":59,"column":17},"end":{"line":72,"column":3}},"4":{"start":{"line":74,"column":16},"end":{"line":74,"column":26}},"5":{"start":{"line":75,"column":42},"end":{"line":75,"column":68}},"6":{"start":{"line":76,"column":40},"end":{"line":76,"column":69}},"7":{"start":{"line":77,"column":30},"end":{"line":77,"column":69}},"8":{"start":{"line":79,"column":21},"end":{"line":114,"column":3}},"9":{"start":{"line":85,"column":35},"end":{"line":85,"column":37}},"10":{"start":{"line":86,"column":4},"end":{"line":86,"column":55}},"11":{"start":{"line":86,"column":38},"end":{"line":86,"column":55}},"12":{"start":{"line":113,"column":4},"end":{"line":113,"column":16}},"13":{"start":{"line":116,"column":2},"end":{"line":119,"column":45}},"14":{"start":{"line":117,"column":17},"end":{"line":117,"column":65}},"15":{"start":{"line":118,"column":4},"end":{"line":118,"column":20}},"16":{"start":{"line":121,"column":26},"end":{"line":128,"column":3}},"17":{"start":{"line":122,"column":4},"end":{"line":127,"column":5}},"18":{"start":{"line":123,"column":6},"end":{"line":123,"column":26}},"19":{"start":{"line":124,"column":6},"end":{"line":124,"column":38}},"20":{"start":{"line":126,"column":6},"end":{"line":126,"column":40}},"21":{"start":{"line":130,"column":26},"end":{"line":137,"column":3}},"22":{"start":{"line":131,"column":4},"end":{"line":136,"column":5}},"23":{"start":{"line":132,"column":6},"end":{"line":132,"column":25}},"24":{"start":{"line":133,"column":6},"end":{"line":133,"column":38}},"25":{"start":{"line":135,"column":6},"end":{"line":135,"column":40}},"26":{"start":{"line":138,"column":28},"end":{"line":141,"column":3}},"27":{"start":{"line":139,"column":4},"end":{"line":139,"column":40}},"28":{"start":{"line":140,"column":4},"end":{"line":140,"column":38}},"29":{"start":{"line":142,"column":21},"end":{"line":206,"column":3}},"30":{"start":{"line":143,"column":23},"end":{"line":143,"column":61}},"31":{"start":{"line":144,"column":21},"end":{"line":144,"column":63}},"32":{"start":{"line":145,"column":22},"end":{"line":149,"column":5}},"33":{"start":{"line":150,"column":20},"end":{"line":154,"column":5}},"34":{"start":{"line":155,"column":17},"end":{"line":155,"column":19}},"35":{"start":{"line":156,"column":22},"end":{"line":156,"column":31}},"36":{"start":{"line":157,"column":4},"end":{"line":164,"column":5}},"37":{"start":{"line":158,"column":6},"end":{"line":158,"column":29}},"38":{"start":{"line":159,"column":6},"end":{"line":163,"column":8}},"39":{"start":{"line":165,"column":4},"end":{"line":205,"column":7}},"40":{"start":{"line":166,"column":24},"end":{"line":173,"column":17}},"41":{"start":{"line":174,"column":6},"end":{"line":204,"column":8}},"42":{"start":{"line":180,"column":16},"end":{"line":181,"column":31}},"43":{"start":{"line":181,"column":18},"end":{"line":181,"column":31}},"44":{"start":{"line":184,"column":16},"end":{"line":200,"column":18}},"45":{"start":{"line":208,"column":2},"end":{"line":239,"column":4}},"46":{"start":{"line":232,"column":10},"end":{"line":234,"column":16}}},"fnMap":{"0":{"name":"(anonymous_0)","decl":{"start":{"line":51,"column":51},"end":{"line":51,"column":52}},"loc":{"start":{"line":56,"column":6},"end":{"line":240,"column":1}},"line":56},"1":{"name":"(anonymous_1)","decl":{"start":{"line":79,"column":21},"end":{"line":79,"column":22}},"loc":{"start":{"line":84,"column":25},"end":{"line":114,"column":3}},"line":84},"2":{"name":"(anonymous_2)","decl":{"start":{"line":116,"column":12},"end":{"line":116,"column":13}},"loc":{"start":{"line":116,"column":18},"end":{"line":119,"column":3}},"line":116},"3":{"name":"(anonymous_3)","decl":{"start":{"line":121,"column":26},"end":{"line":121,"column":27}},"loc":{"start":{"line":121,"column":38},"end":{"line":128,"column":3}},"line":121},"4":{"name":"(anonymous_4)","decl":{"start":{"line":130,"column":26},"end":{"line":130,"column":27}},"loc":{"start":{"line":130,"column":38},"end":{"line":137,"column":3}},"line":130},"5":{"name":"(anonymous_5)","decl":{"start":{"line":138,"column":28},"end":{"line":138,"column":29}},"loc":{"start":{"line":138,"column":40},"end":{"line":141,"column":3}},"line":138},"6":{"name":"(anonymous_6)","decl":{"start":{"line":142,"column":21},"end":{"line":142,"column":22}},"loc":{"start":{"line":142,"column":42},"end":{"line":206,"column":3}},"line":142},"7":{"name":"(anonymous_7)","decl":{"start":{"line":165,"column":20},"end":{"line":165,"column":21}},"loc":{"start":{"line":165,"column":37},"end":{"line":205,"column":5}},"line":165},"8":{"name":"(anonymous_8)","decl":{"start":{"line":179,"column":23},"end":{"line":179,"column":24}},"loc":{"start":{"line":179,"column":34},"end":{"line":182,"column":15}},"line":179},"9":{"name":"(anonymous_9)","decl":{"start":{"line":183,"column":19},"end":{"line":183,"column":20}},"loc":{"start":{"line":183,"column":46},"end":{"line":201,"column":15}},"line":183},"10":{"name":"(anonymous_10)","decl":{"start":{"line":231,"column":22},"end":{"line":231,"column":23}},"loc":{"start":{"line":232,"column":10},"end":{"line":234,"column":16}},"line":232}},"branchMap":{"0":{"loc":{"start":{"line":86,"column":4},"end":{"line":86,"column":55}},"type":"if","locations":[{"start":{"line":86,"column":4},"end":{"line":86,"column":55}},{"start":{},"end":{}}],"line":86},"1":{"loc":{"start":{"line":122,"column":4},"end":{"line":127,"column":5}},"type":"if","locations":[{"start":{"line":122,"column":4},"end":{"line":127,"column":5}},{"start":{"line":125,"column":11},"end":{"line":127,"column":5}}],"line":122},"2":{"loc":{"start":{"line":131,"column":4},"end":{"line":136,"column":5}},"type":"if","locations":[{"start":{"line":131,"column":4},"end":{"line":136,"column":5}},{"start":{"line":134,"column":11},"end":{"line":136,"column":5}}],"line":131},"3":{"loc":{"start":{"line":167,"column":8},"end":{"line":169,"column":14}},"type":"cond-expr","locations":[{"start":{"line":168,"column":12},"end":{"line":168,"column":29}},{"start":{"line":169,"column":12},"end":{"line":169,"column":14}}],"line":167},"4":{"loc":{"start":{"line":170,"column":8},"end":{"line":170,"column":67}},"type":"cond-expr","locations":[{"start":{"line":170,"column":43},"end":{"line":170,"column":62}},{"start":{"line":170,"column":65},"end":{"line":170,"column":67}}],"line":170},"5":{"loc":{"start":{"line":171,"column":8},"end":{"line":171,"column":78}},"type":"cond-expr","locations":[{"start":{"line":171,"column":53},"end":{"line":171,"column":73}},{"start":{"line":171,"column":76},"end":{"line":171,"column":78}}],"line":171},"6":{"loc":{"start":{"line":180,"column":16},"end":{"line":181,"column":31}},"type":"if","locations":[{"start":{"line":180,"column":16},"end":{"line":181,"column":31}},{"start":{},"end":{}}],"line":180}},"s":{"0":0,"1":0,"2":0,"3":0,"4":0,"5":0,"6":0,"7":0,"8":0,"9":0,"10":0,"11":0,"12":0,"13":0,"14":0,"15":0,"16":0,"17":0,"18":0,"19":0,"20":0,"21":0,"22":0,"23":0,"24":0,"25":0,"26":0,"27":0,"28":0,"29":0,"30":0,"31":0,"32":0,"33":0,"34":0,"35":0,"36":0,"37":0,"38":0,"39":0,"40":0,"41":0,"42":0,"43":0,"44":0,"45":0,"46":0},"f":{"0":0,"1":0,"2":0,"3":0,"4":0,"5":0,"6":0,"7":0,"8":0,"9":0,"10":0},"b":{"0":[0,0],"1":[0,0],"2":[0,0],"3":[0,0],"4":[0,0],"5":[0,0],"6":[0,0]}}
,"/Users/j1a2-adu/Desktop/talawa-admin/src/components/EventListCard/EventListCard.tsx": {"path":"/Users/j1a2-adu/Desktop/talawa-admin/src/components/EventListCard/EventListCard.tsx","statementMap":{"0":{"start":{"line":33,"column":16},"end":{"line":35,"column":4}},"1":{"start":{"line":36,"column":50},"end":{"line":36,"column":65}},"2":{"start":{"line":37,"column":44},"end":{"line":37,"column":58}},"3":{"start":{"line":38,"column":50},"end":{"line":38,"column":65}},"4":{"start":{"line":39,"column":44},"end":{"line":39,"column":58}},"5":{"start":{"line":40,"column":54},"end":{"line":40,"column":75}},"6":{"start":{"line":41,"column":62},"end":{"line":41,"column":77}},"7":{"start":{"line":42,"column":62},"end":{"line":42,"column":77}},"8":{"start":{"line":43,"column":18},"end":{"line":43,"column":30}},"9":{"start":{"line":44,"column":36},"end":{"line":50,"column":4}},"10":{"start":{"line":51,"column":24},"end":{"line":53,"column":3}},"11":{"start":{"line":52,"column":4},"end":{"line":52,"column":30}},"12":{"start":{"line":54,"column":24},"end":{"line":56,"column":3}},"13":{"start":{"line":55,"column":4},"end":{"line":55,"column":31}},"14":{"start":{"line":58,"column":28},"end":{"line":60,"column":3}},"15":{"start":{"line":59,"column":4},"end":{"line":59,"column":55}},"16":{"start":{"line":62,"column":28},"end":{"line":64,"column":3}},"17":{"start":{"line":63,"column":4},"end":{"line":63,"column":55}},"18":{"start":{"line":66,"column":2},"end":{"line":79,"column":9}},"19":{"start":{"line":67,"column":4},"end":{"line":73,"column":7}},"20":{"start":{"line":75,"column":4},"end":{"line":75,"column":35}},"21":{"start":{"line":76,"column":4},"end":{"line":76,"column":41}},"22":{"start":{"line":77,"column":4},"end":{"line":77,"column":37}},"23":{"start":{"line":78,"column":4},"end":{"line":78,"column":48}},"24":{"start":{"line":81,"column":19},"end":{"line":81,"column":53}},"25":{"start":{"line":82,"column":24},"end":{"line":82,"column":58}},"26":{"start":{"line":84,"column":22},"end":{"line":103,"column":3}},"27":{"start":{"line":85,"column":4},"end":{"line":102,"column":5}},"28":{"start":{"line":86,"column":23},"end":{"line":90,"column":8}},"29":{"start":{"line":105,"column":29},"end":{"line":137,"column":3}},"30":{"start":{"line":108,"column":4},"end":{"line":108,"column":23}},"31":{"start":{"line":110,"column":4},"end":{"line":136,"column":5}},"32":{"start":{"line":111,"column":23},"end":{"line":124,"column":8}},"33":{"start":{"line":139,"column":29},"end":{"line":141,"column":3}},"34":{"start":{"line":140,"column":4},"end":{"line":140,"column":39}},"35":{"start":{"line":143,"column":2},"end":{"line":462,"column":4}},"36":{"start":{"line":324,"column":16},"end":{"line":327,"column":19}},"37":{"start":{"line":340,"column":16},"end":{"line":343,"column":19}},"38":{"start":{"line":356,"column":16},"end":{"line":359,"column":19}},"39":{"start":{"line":371,"column":22},"end":{"line":374,"column":24}},"40":{"start":{"line":385,"column":22},"end":{"line":388,"column":24}},"41":{"start":{"line":402,"column":40},"end":{"line":402,"column":72}},"42":{"start":{"line":412,"column":40},"end":{"line":412,"column":78}},"43":{"start":{"line":424,"column":40},"end":{"line":424,"column":72}},"44":{"start":{"line":435,"column":20},"end":{"line":435,"column":62}}},"fnMap":{"0":{"name":"eventListCard","decl":{"start":{"line":32,"column":9},"end":{"line":32,"column":22}},"loc":{"start":{"line":32,"column":72},"end":{"line":463,"column":1}},"line":32},"1":{"name":"(anonymous_1)","decl":{"start":{"line":51,"column":24},"end":{"line":51,"column":25}},"loc":{"start":{"line":51,"column":36},"end":{"line":53,"column":3}},"line":51},"2":{"name":"(anonymous_2)","decl":{"start":{"line":54,"column":24},"end":{"line":54,"column":25}},"loc":{"start":{"line":54,"column":36},"end":{"line":56,"column":3}},"line":54},"3":{"name":"(anonymous_3)","decl":{"start":{"line":58,"column":28},"end":{"line":58,"column":29}},"loc":{"start":{"line":58,"column":40},"end":{"line":60,"column":3}},"line":58},"4":{"name":"(anonymous_4)","decl":{"start":{"line":62,"column":28},"end":{"line":62,"column":29}},"loc":{"start":{"line":62,"column":40},"end":{"line":64,"column":3}},"line":62},"5":{"name":"(anonymous_5)","decl":{"start":{"line":66,"column":12},"end":{"line":66,"column":13}},"loc":{"start":{"line":66,"column":18},"end":{"line":79,"column":3}},"line":66},"6":{"name":"(anonymous_6)","decl":{"start":{"line":84,"column":22},"end":{"line":84,"column":23}},"loc":{"start":{"line":84,"column":49},"end":{"line":103,"column":3}},"line":84},"7":{"name":"(anonymous_7)","decl":{"start":{"line":105,"column":29},"end":{"line":105,"column":30}},"loc":{"start":{"line":107,"column":22},"end":{"line":137,"column":3}},"line":107},"8":{"name":"(anonymous_8)","decl":{"start":{"line":139,"column":29},"end":{"line":139,"column":30}},"loc":{"start":{"line":139,"column":41},"end":{"line":141,"column":3}},"line":139},"9":{"name":"(anonymous_9)","decl":{"
[...]
,"/Users/j1a2-adu/Desktop/talawa-admin/src/utils/StaticMockLink.ts": {"path":"/Users/j1a2-adu/Desktop/talawa-admin/src/utils/StaticMockLink.ts","statementMap":{"0":{"start":{"line":20,"column":4},"end":{"line":21,"column":77}},"1":{"start":{"line":22,"column":21},"end":{"line":22,"column":43}},"2":{"start":{"line":23,"column":2},"end":{"line":23,"column":36}},"3":{"start":{"line":32,"column":23},"end":{"line":32,"column":27}},"4":{"start":{"line":33,"column":71},"end":{"line":33,"column":73}},"5":{"start":{"line":36,"column":4},"end":{"line":36,"column":12}},"6":{"start":{"line":37,"column":4},"end":{"line":37,"column":35}},"7":{"start":{"line":38,"column":4},"end":{"line":42,"column":5}},"8":{"start":{"line":39,"column":6},"end":{"line":41,"column":9}},"9":{"start":{"line":40,"column":8},"end":{"line":40,"column":47}},"10":{"start":{"line":47,"column":6},"end":{"line":47,"column":51}},"11":{"start":{"line":48,"column":16},"end":{"line":51,"column":5}},"12":{"start":{"line":52,"column":26},"end":{"line":52,"column":57}},"13":{"start":{"line":53,"column":4},"end":{"line":56,"column":5}},"14":{"start":{"line":54,"column":6},"end":{"line":54,"column":27}},"15":{"start":{"line":55,"column":6},"end":{"line":55,"column":56}},"16":{"start":{"line":57,"column":4},"end":{"line":57,"column":51}},"17":{"start":{"line":61,"column":4},"end":{"line":61,"column":31}},"18":{"start":{"line":62,"column":16},"end":{"line":62,"column":57}},"19":{"start":{"line":63,"column":24},"end":{"line":63,"column":25}},"20":{"start":{"line":64,"column":21},"end":{"line":74,"column":5}},"21":{"start":{"line":66,"column":33},"end":{"line":66,"column":58}},"22":{"start":{"line":67,"column":40},"end":{"line":67,"column":67}},"23":{"start":{"line":68,"column":8},"end":{"line":71,"column":9}},"24":{"start":{"line":69,"column":10},"end":{"line":69,"column":32}},"25":{"start":{"line":70,"column":10},"end":{"line":70,"column":22}},"26":{"start":{"line":72,"column":8},"end":{"line":72,"column":21}},"27":{"start":{"line":78,"column":4},"end":{"line":96,"column":5}},"28":{"start":{"line":79,"column":6},"end":{"line":83,"column":8}},"29":{"start":{"line":85,"column":26},"end":{"line":85,"column":34}},"30":{"start":{"line":86,"column":6},"end":{"line":89,"column":7}},"31":{"start":{"line":87,"column":8},"end":{"line":87,"column":36}},"32":{"start":{"line":88,"column":8},"end":{"line":88,"column":55}},"33":{"start":{"line":91,"column":6},"end":{"line":95,"column":7}},"34":{"start":{"line":92,"column":8},"end":{"line":94,"column":10}},"35":{"start":{"line":98,"column":4},"end":{"line":132,"column":7}},"36":{"start":{"line":99,"column":20},"end":{"line":127,"column":43}},"37":{"start":{"line":100,"column":8},"end":{"line":126,"column":9}},"38":{"start":{"line":101,"column":10},"end":{"line":112,"column":11}},"39":{"start":{"line":107,"column":12},"end":{"line":109,"column":13}},"40":{"start":{"line":108,"column":14},"end":{"line":108,"column":32}},"41":{"start":{"line":111,"column":12},"end":{"line":111,"column":34}},"42":{"start":{"line":113,"column":15},"end":{"line":126,"column":9}},"43":{"start":{"line":114,"column":10},"end":{"line":125,"column":11}},"44":{"start":{"line":115,"column":12},"end":{"line":115,"column":43}},"45":{"start":{"line":117,"column":12},"end":{"line":123,"column":13}},"46":{"start":{"line":118,"column":14},"end":{"line":122,"column":16}},"47":{"start":{"line":124,"column":12},"end":{"line":124,"column":32}},"48":{"start":{"line":129,"column":6},"end":{"line":131,"column":8}},"49":{"start":{"line":130,"column":8},"end":{"line":130,"column":28}},"50":{"start":{"line":138,"column":30},"end":{"line":138,"column":55}},"51":{"start":{"line":139,"column":35},"end":{"line":141,"column":5}},"52":{"start":{"line":142,"column":4},"end":{"line":142,"column":59}},"53":{"start":{"line":144,"column":4},"end":{"line":144,"column":62}},"54":{"start":{"line":145,"column":18},"end":{"line":145,"column":79}},"55":{"start":{"line":146,"column":4},"end":{"line":148,"column":5}},"56":{"start":{"line":147,"column":6},"end":{"line":147,"column":46}},"57":{"start":{"line":149,"column":4},"end":{"line":149,"column":29}},"58":{"start":{"line":165,"column":22},"end":{"line":165,"column":65}},"59":{"start":{"line":166,"column":14},"end":{"line":166,"column":66}},"60":{"start":{"line":168,"column":2},"end":{"line":171,"column":3}},"61":{"start":{"line":169,"column":4},"end":{"line":169,"column":28}},"62":{"start":{"line":170,"column":4},"end":{"line":170,"column":25}},"63":{"start":{"line":173,"column":2},"end":{"line":173,"column":50}}},"fnMap":{"0":{"name":"requestToKey","decl":{"start":{"line":18,"column":9},"end":{"line":18,"column":21}},"loc":{"start":{"line":18,"column":66},"end":{"line":24,"column":1}},"line":18},"1":{"name":"(anonymous_1)","decl":{"start":{"line":35,"column":2},"end":{"line":35,"column":3}},"loc":{"start":{"line":35,"column":78},"end":{"line":43,"column":3}},"line":35},"2":{"name":"(anonymous_2)","decl":{"start":{"line":39,"column":30},"end":{"line":39,"column":31}},"loc":{"start":{"line":39,"column":50},"end":{"line":41,"column":7}},"line":39},"3":{"name":"(anonymous_3)","decl":{"start":{"line":45,"column":2},"end":{"line":45,"column":3}},"loc":{"start":{"line":45,"column":65},"end":{"line":58,"column":3}},"line":45},"4":{"name":"(anonymous_4)","decl":{"start":{"line":60,"column":2},"end":{"line":60,"column":3}},"loc":{"start":{"line":60,"column":65},"end":{"line":133,"column":3}},"line":60},"5":{"name":"(anonymous_5)","decl":{"start":{"line":65,"column":6},"end":{"line":65,"column":7}},"loc":{"start":{"line":65,"column":22},"end":{"line":73,"column":7}},"line":65},"6":{"name":"(anonymous_6)","decl":{"start":{"line":98,"column":26},"end":{"line":98,"column":27}},"loc":{"start":{"line":98,"column":40},"end":{"line":132,"column":5}},"line":98},"7":{"name":"(anonymous_7)","decl":{"start":{"line":99,"column":31},"end":{"line":99,"column":32}},"loc":{"start":{"line":99,"column":37},"end":{"line":127,"column":7}},"line":99},"8":{"name":"(anonymous_8)","decl":{"start":{"line":129,"column":13},"end":{"line":129,"column":14}},"loc":{"start":{"line":129,"column":19},"end":{"line":131,"column":7}},"line":129},"9":{"name":"(anonymous_9)","decl":{"start":{"line":135,"column":2},"end":{"line":135,"column":3}},"loc":{"start":{"line":137,"column":20},"end":{"line":150,"column":3}},"line":137},"10":{"name":"mockSingleLink","decl":{"start":{"line":160,"column":16},"end":{"line":160,"column":30}},"loc":{"start":{"line":162,"column":27},"end":{"line":174,"column":1}},"line":162}},"branchMap":{"0":{"loc":{"start":{"line":20,"column":4},"end":{"line":21,"column":77}},"type":"binary-expr","locations":[{"start":{"line":20,"column":4},"end":{"line":20,"column":17}},{"start":{"line":21,"column":4},"end":{"line":21,"column":77}}],"line":20},"1":{"loc":{"start":{"line":21,"column":10},"end":{"line":21,"column":76}},"type":"cond-expr","locations":[{"start":{"line":21,"column":24},"end":{"line":21,"column":60}},{"start":{"line":21,"column":63},"end":{"line":21,"column":76}}],"line":21},"2":{"loc":{"start":{"line":35,"column":58},"end":{"line":35,"column":76}},"type":"default-arg","locations":[{"start":{"line":35,"column":72},"end":{"line":35,"column":76}}],"line":35},"3":{"loc":{"start":{"line":38,"column":4},"end":{"line":42,"column":5}},"type":"if","locations":[{"start":{"line":38,"column":4},"end":{"line":42,"column":5}},{"start":{},"end":{}}],"line":38},"4":{"loc":{"start":{"line":53,"column":4},"end":{"line":56,"column":5}},"type":"if","locations":[{"start":{"line":53,"column":4},"end":{"line":56,"column":5}},{"start":{},"end":{}}],"line":53},"5":{"loc":{"start":{"line":64,"column":22},"end":{"line":64,"column":59}},"type":"binary-expr","locations":[{"start":{"line":64,"column":22},"end":{"line":64,"column":53}},{"start":{"line":64,"column":57},"end":{"line":64,"column":59}}],"line":64},"6":{"loc":{"start":{"line":66,"column":33},"end":{"line":66,"column":58}},"type":"binary-expr","locations":[{"start":{"line":66,"column":33},"end":{"line":66,"column":52}},{"start":{"line":66,"column":56},"end":{"line":66,"column":58}}],"line":66},"7":{"loc":{"start":{"line":67,"column":40},"end":{"line":67,"column":67}},"type":"binary-expr","locations":[{"start":{"line":67,"column":40},"end":{"line":67,"column":61}},{"start":{"line":67,"column":65},"end":{"line":67,"column":67}}],"line":67},"8":{"loc":{"start":{"line":68,"column":8},"end":{"line":71,"column":9}},"type":"if","locations":[{"start":{"line":68,"column":8},"end":{"line":71,"column":9}},{"start":{},"end":{}}],"line":68},"9":{"loc":{"start":{"line":78,"column":4},"end":{"line":96,"column":5}},"type":"if","locations":[{"start":{"line":78,"column":4},"end":{"line":96,"column":5}},{"start":{"line":84,"column":11},"end":{"line":96,"column":5}}],"line":78},"10":{"loc":{"start":{"line":78,"column":8},"end":{"line":78,"column":57}},"type":"binary-expr","locations":[{"start":{"line":78,"column":8},"end":{"line":78,"column":17}},{"start":{"line":78,"column":21},"end":{"line":78,"column":57}}],"line":78},"11":{"loc":{"start":{"line":86,"column":6},"end":{"line":89,"column":7}},"type":"if","locations":[{"start":{"line":86,"column":6},"end":{"line":89,"column":7}},{"start":{},"end":{}}],"line":86},"12":{"loc":{"start":{"line":91,"column":6},"end":{"line":95,"column":7}},"type":"if","locations":[{"start":{"line":91,"column":6},"end":{"line":95,"column":7}},{"start":{},"end":{}}],"line":91},"13":{"loc":{"start":{"line":91,"column":10},"end":{"line":91,"column":45}},"type":"binary-expr","locations":[{"start":{"line":91,"column":10},"end":{"line":91,"column":26}},{"start":{"line":91,"column":30},"end":{"line":91,"column":45}}],"line":91},"14":{"loc":{"start":{"line":100,"column":8},"end":{"line":126,"column":9}},"type":"if","locations":[{"start":{"line":100,"column":8},"end":{"line":126,"column":9}},{"start":{"line":113,"column":15},"end":{"line":126,"column":9}}],"line":100},"15":{"loc":{"start":{"line":107,"column":12},"end":{"line":109,"column":13}},"type":"if","locations":[{"start":{"line":107,"column":12},"end":{"line":109,"column":13}},{"start":{},"end":{}}],"line":107},"16":{"loc":{"start":{"line":113,"column":15},"end":{"line":126,"column":9}},"type":"if","locations":[{"start":{"line":113,"column":15},"end":{"line":126,"column":9}},{"start":{},"end":{}}],"line":113},"17":{"loc":{"start":{"line":114,"column":10},"end":{"line":125,"column":11}},"type":"if","locations":[{"start":{"line":114,"column":10},"end":{"line":125,"column":11}},{"start":{"line":116,"column":17},"end":{"line":125,"column":11}}],"line":114},"18":{"loc":{"start":{"line":117,"column":12},"end":{"line":123,"column":13}},"type":"if","locations":[{"start":{"line":117,"column":12},"end":{"line":123,"column":13}},{"start":{},"end":{}}],"line":117},"19":{"loc":{"start":{"line":119,"column":16},"end":{"line":121,"column":35}},"type":"cond-expr","locations":[{"start":{"line":120,"column":20},"end":{"line":120,"column":70}},{"start":{"line":121,"column":20},"end":{"line":121,"column":35}}],"line":119},"20":{"loc":{"start":{"line":127,"column":9},"end":{"line":127,"column":42}},"type":"binary-expr","locations":[{"start":{"line":127,"column":10},"end":{"line":127,"column":18}},{"start":{"line":127,"column":22},"end":{"line":127,"column":36}},{"start":{"line":127,"column":41},"end":{"line":127,"column":42}}],"line":127},"21":{"loc":{"start":{"line":146,"column":4},"end":{"line":148,"column":5}},"type":"if","locations":[{"start":{"line":146,"column":4},"end":{"line":148,"column":5}},{"start":{},"end":{}}],"line":146},"22":{"loc":{"start":{"line":168,"column":2},"end":{"line":171,"column":3}},"type":"if","locations":[{"start":{"line":168,"column":2},"end":{"line":171,"column":3}},{"start":{},"end":{}}],"line":168}},"s":{"0":0,"1":0,"2":0,"3":0,"4":0,"5":0,"6":0,"7":0,"8":0,"9":0,"10":0,"11":0,"12":0,"13":0,"14":0,"15":0,"16":0,"17":0,"18":0,"19":0,"20":0,"21":0,"22":0,"23":0,"24":0,"25":0,"26":0,"27":0,"28":0,"29":0,"30":0,"31":0,"32":0,"33":0,"34":0,"35":0,"36":0,"37":0,"38":0,"39":0,"40":0,"41":0,"42":0,"43":0,"44":0,"45":0,"46":0,"47":0,"48":0,"49":0,"50":0,"51":0,"52":0,"53":0,"54":0,"55":0,"56":0,"57":0,"58":0,"59":0,"60":0,"61":0,"62":0,"63":0},"f":{"0":0,"1":0,"2":0,"3":0,"4":0,"5":0,"6":0,"7":0,"8":0,"9":0,"10":0},"b":{"0":[0,0],"1":[0,0],"2":[0],"3":[0,0],"4":[0,0],"5":[0,0],"6":[0,0],"7":[0,0],"8":[0,0],"9":[0,0],"10":[0,0],"11":[0,0],"12":[0,0],"13":[0,0],"14":[0,0],"15":[0,0],"16":[0,0],"17":[0,0],"18":[0,0],"19":[0,0],"20":[0,0,0],"21":[0,0],"22":[0,0]}}
,"/Users/j1a2-adu/Desktop/talawa-admin/src/utils/convertToBase64.ts": {"path":"/Users/j1a2-adu/Desktop/talawa-admin/src/utils/convertToBase64.ts","statementMap":{"0":{"start":{"line":1,"column":24},"end":{"line":13,"column":1}},"1":{"start":{"line":2,"column":2},"end":{"line":12,"column":3}},"2":{"start":{"line":3,"column":16},"end":{"line":8,"column":6}},"3":{"start":{"line":4,"column":21},"end":{"line":4,"column":37}},"4":{"start":{"line":5,"column":6},"end":{"line":5,"column":33}},"5":{"start":{"line":6,"column":6},"end":{"line":6,"column":57}},"6":{"start":{"line":6,"column":34},"end":{"line":6,"column":56}},"7":{"start":{"line":7,"column":6},"end":{"line":7,"column":54}},"8":{"start":{"line":7,"column":40},"end":{"line":7,"column":53}},"9":{"start":{"line":9,"column":4},"end":{"line":9,"column":20}},"10":{"start":{"line":11,"column":4},"end":{"line":11,"column":14}}},"fnMap":{"0":{"name":"(anonymous_0)","decl":{"start":{"line":1,"column":24},"end":{"line":1,"column":25}},"loc":{"start":{"line":1,"column":63},"end":{"line":13,"column":1}},"line":1},"1":{"name":"(anonymous_1)","decl":{"start":{"line":3,"column":34},"end":{"line":3,"column":35}},"loc":{"start":{"line":3,"column":55},"end":{"line":8,"column":5}},"line":3},"2":{"name":"(anonymous_2)","decl":{"start":{"line":6,"column":22},"end":{"line":6,"column":23}},"loc":{"start":{"line":6,"column":34},"end":{"line":6,"column":56}},"line":6},"3":{"name":"(anonymous_3)","decl":{"start":{"line":7,"column":23},"end":{"line":7,"column":24}},"loc":{"start":{"line":7,"column":40},"end":{"line":7,"column":53}},"line":7}},"branchMap":{},"s":{"0":0,"1":0,"2":0,"3":0,"4":0,"5":0,"6":0,"7":0,"8":0,"9":0,"10":0},"f":{"0":0,"1":0,"2":0,"3":0},"b":{}}
,"/Users/j1a2-adu/Desktop/talawa-admin/src/utils/debounce.ts": {"path":"/Users/j1a2-adu/Desktop/talawa-admin/src/utils/debounce.ts","statementMap":{"0":{"start":{"line":1,"column":17},"end":{"line":7,"column":1}},"1":{"start":{"line":3,"column":2},"end":{"line":6,"column":4}},"2":{"start":{"line":4,"column":4},"end":{"line":4,"column":28}},"3":{"start":{"line":5,"column":4},"end":{"line":5,"column":59}},"4":{"start":{"line":5,"column":33},"end":{"line":5,"column":53}}},"fnMap":{"0":{"name":"(anonymous_0)","decl":{"start":{"line":1,"column":17},"end":{"line":1,"column":18}},"loc":{"start":{"line":1,"column":45},"end":{"line":7,"column":1}},"line":1},"1":{"name":"(anonymous_1)","decl":{"start":{"line":3,"column":9},"end":{"line":3,"column":10}},"loc":{"start":{"line":3,"column":51},"end":{"line":6,"column":3}},"line":3},"2":{"name":"(anonymous_2)","decl":{"start":{"line":5,"column":27},"end":{"line":5,"column":28}},"loc":{"start":{"line":5,"column":33},"end":{"line":5,"column":53}},"line":5}},"branchMap":{"0":{"loc":{"start":{"line":1,"column":27},"end":{"line":1,"column":35}},"type":"default-arg","locations":[{"start":{"line":1,"column":32},"end":{"line":1,"column":35}}],"line":1}},"s":{"0":0,"1":0,"2":0,"3":0,"4":0},"f":{"0":0,"1":0,"2":0},"b":{"0":[0]}}
,"/Users/j1a2-adu/Desktop/talawa-admin/src/utils/errorHandler.tsx": {"path":"/Users/j1a2-adu/Desktop/talawa-admin/src/utils/errorHandler.tsx","statementMap":{"0":{"start":{"line":8,"column":28},"end":{"line":17,"column":1}},"1":{"start":{"line":12,"column":2},"end":{"line":16,"column":3}},"2":{"start":{"line":13,"column":4},"end":{"line":13,"column":43}},"3":{"start":{"line":15,"column":4},"end":{"line":15,"column":32}}},"fnMap":{"0":{"name":"(anonymous_0)","decl":{"start":{"line":8,"column":28},"end":{"line":8,"column":29}},"loc":{"start":{"line":11,"column":11},"end":{"line":17,"column":1}},"line":11}},"branchMap":{"0":{"loc":{"start":{"line":12,"column":2},"end":{"line":16,"column":3}},"type":"if","locations":[{"start":{"line":12,"column":2},"end":{"line":16,"column":3}},{"start":{"line":14,"column":9},"end":{"line":16,"column":3}}],"line":12}},"s":{"0":0,"1":0,"2":0,"3":0},"f":{"0":0},"b":{"0":[0,0]}}
,"/Users/j1a2-adu/Desktop/talawa-admin/src/utils/getOrganizationId.ts": {"path":"/Users/j1a2-adu/Desktop/talawa-admin/src/utils/getOrganizationId.ts","statementMap":{},"fnMap":{},"branchMap":{},"s":{},"f":{},"b":{}}
,"/Users/j1a2-adu/Desktop/talawa-admin/src/utils/getRefreshToken.ts": {"path":"/Users/j1a2-adu/Desktop/talawa-admin/src/utils/getRefreshToken.ts","statementMap":{"0":{"start":{"line":6,"column":17},"end":{"line":11,"column":4}},"1":{"start":{"line":13,"column":23},"end":{"line":13,"column":59}}},"fnMap":{"0":{"name":"refreshToken","decl":{"start":{"line":5,"column":22},"end":{"line":5,"column":34}},"loc":{"start":{"line":5,"column":55},"end":{"line":31,"column":1}},"line":5}},"branchMap":{},"s":{"0":0,"1":0},"f":{"0":0},"b":{}}
,"/Users/j1a2-adu/Desktop/talawa-admin/src/utils/i18n.ts": {"path":"/Users/j1a2-adu/Desktop/talawa-admin/src/utils/i18n.ts","statementMap":{"0":{"start":{"line":8,"column":0},"end":{"line":23,"column":5}}},"fnMap":{},"branchMap":{},"s":{"0":0},"f":{},"b":{}}
,"/Users/j1a2-adu/Desktop/talawa-admin/src/utils/i18nForTest.ts": {"path":"/Users/j1a2-adu/Desktop/talawa-admin/src/utils/i18nForTest.ts","statementMap":{"0":{"start":{"line":9,"column":0},"end":{"line":26,"column":5}}},"fnMap":{},"branchMap":{},"s":{"0":0},"f":{},"b":{}}
,"/Users/j1a2-adu/Desktop/talawa-admin/src/utils/interfaces.ts": {"path":"/Users/j1a2-adu/Desktop/talawa-admin/src/utils/interfaces.ts","statementMap":{},"fnMap":{},"branchMap":{},"s":{},"f":{},"b":{}}
,"/Users/j1a2-adu/Desktop/talawa-admin/src/utils/languages.ts": {"path":"/Users/j1a2-adu/Desktop/talawa-admin/src/utils/languages.ts","statementMap":{"0":{"start":{"line":1,"column":22},"end":{"line":1,"column":52}},"1":{"start":{"line":3,"column":18},"end":{"line":29,"column":1}}},"fnMap":{},"branchMap":{},"s":{"0":0,"1":0},"f":{},"b":{}}
}
