TN:
SF:src/App.tsx
FN:38,app
FN:66,(anonymous_1)
FN:84,(anonymous_2)
FNF:3
FNH:0
FNDA:0,app
FNDA:0,(anonymous_1)
FNDA:0,(anonymous_2)
DA:64,0
DA:66,0
DA:67,0
DA:68,0
DA:72,0
DA:73,0
DA:74,0
DA:75,0
DA:76,0
DA:77,0
DA:78,0
DA:79,0
DA:83,0
DA:85,0
DA:86,0
DA:96,0
DA:97,0
DA:99,0
LF:18
LH:0
BRDA:67,0,0,0
BRDA:67,0,1,0
BRDA:96,1,0,0
BRDA:96,1,1,0
BRF:4
BRH:0
end_of_record
TN:
SF:src/react-app-env.d.ts
FNF:0
FNH:0
LF:0
LH:0
BRF:0
BRH:0
end_of_record
TN:
SF:src/Constant/constant.ts
FNF:0
FNH:0
DA:1,0
DA:2,0
DA:3,0
DA:4,0
DA:6,0
LF:5
LH:0
BRDA:6,0,0,0
BRDA:6,0,1,0
BRF:2
BRH:0
end_of_record
TN:
SF:src/GraphQl/Mutations/mutations.ts
FNF:0
FNH:0
DA:7,0
DA:17,0
DA:27,0
DA:37,0
DA:47,0
DA:75,0
DA:93,0
DA:113,0
DA:139,0
DA:155,0
DA:166,0
DA:174,0
DA:182,0
DA:208,0
DA:218,0
DA:256,0
DA:266,0
DA:276,0
DA:286,0
DA:294,0
DA:318,0
DA:326,0
DA:334,0
DA:350,0
DA:356,0
DA:362,0
DA:372,0
DA:388,0
DA:404,0
DA:422,0
DA:443,0
DA:450,0
DA:472,0
DA:504,0
DA:512,0
DA:520,0
DA:528,0
DA:542,0
DA:553,0
DA:561,0
DA:577,0
DA:599,0
DA:607,0
DA:615,0
DA:623,0
DA:631,0
DA:651,0
DA:670,0
DA:678,0
DA:687,0
DA:703,0
DA:709,0
DA:715,0
DA:726,0
DA:736,0
LF:55
LH:0
BRF:0
BRH:0
end_of_record
TN:
SF:src/GraphQl/Queries/Queries.ts
FNF:0
FNH:0
DA:7,0
DA:21,0
DA:44,0
DA:71,0
DA:131,0
DA:162,0
DA:206,0
DA:218,0
DA:240,0
DA:255,0
DA:302,0
DA:321,0
DA:348,0
DA:382,0
DA:400,0
DA:444,0
DA:463,0
DA:498,0
DA:519,0
DA:537,0
DA:556,0
DA:575,0
DA:625,0
DA:651,0
DA:664,0
DA:677,0
DA:696,0
DA:707,0
DA:720,0
DA:763,0
DA:799,0
DA:841,0
LF:32
LH:0
BRF:0
BRH:0
end_of_record
TN:
SF:src/components/AddOn/AddOn.tsx
FN:11,addOn
FNF:1
FNH:0
FNDA:0,addOn
DA:12,0
DA:21,0
DA:27,0
LF:3
LH:0
BRF:0
BRH:0
end_of_record
TN:
SF:src/components/AddOn/core/AddOnEntry/AddOnEntry.tsx
FN:22,addOnEntry
FN:42,(anonymous_1)
FN:86,(anonymous_2)
FNF:3
FNH:0
FNDA:0,addOnEntry
FNDA:0,(anonymous_1)
FNDA:0,(anonymous_2)
DA:30,0
DA:32,0
DA:33,0
DA:34,0
DA:38,0
DA:42,0
DA:43,0
DA:44,0
DA:51,0
DA:52,0
DA:53,0
DA:56,0
DA:59,0
DA:87,0
DA:88,0
DA:110,0
DA:118,0
LF:17
LH:0
BRDA:53,0,0,0
BRDA:53,0,1,0
BRDA:91,1,0,0
BRDA:91,1,1,0
BRDA:95,2,0,0
BRDA:95,2,1,0
BRDA:99,3,0,0
BRDA:99,3,1,0
BRF:8
BRH:0
end_of_record
TN:
SF:src/components/AddOn/core/AddOnRegister/AddOnRegister.tsx
FN:24,addOnRegister
FN:32,(anonymous_1)
FN:33,(anonymous_2)
FN:44,(anonymous_3)
FN:57,(anonymous_4)
FN:87,(anonymous_5)
FN:103,(anonymous_6)
FN:120,(anonymous_7)
FNF:8
FNH:0
FNDA:0,addOnRegister
FNDA:0,(anonymous_1)
FNDA:0,(anonymous_2)
FNDA:0,(anonymous_3)
FNDA:0,(anonymous_4)
FNDA:0,(anonymous_5)
FNDA:0,(anonymous_6)
FNDA:0,(anonymous_7)
DA:22,0
DA:28,0
DA:30,0
DA:32,0
DA:33,0
DA:34,0
DA:36,0
DA:44,0
DA:45,0
DA:55,0
DA:56,0
DA:57,0
DA:58,0
DA:62,0
DA:88,0
DA:104,0
DA:121,0
DA:151,0
DA:155,0
LF:19
LH:0
BRDA:55,0,0,0
BRDA:55,0,1,0
BRF:2
BRH:0
end_of_record
TN:
SF:src/components/AddOn/core/AddOnStore/AddOnStore.tsx
FN:26,addOnStore
FN:36,(anonymous_1)
FN:39,(anonymous_2)
FN:79,(anonymous_3)
FN:91,(anonymous_4)
FN:96,(anonymous_5)
FN:121,(anonymous_6)
FN:173,(anonymous_7)
FN:194,(anonymous_8)
FN:217,(anonymous_9)
FN:237,(anonymous_10)
FN:257,(anonymous_11)
FN:269,(anonymous_12)
FN:271,(anonymous_13)
FN:294,(anonymous_14)
FN:297,(anonymous_15)
FN:317,(anonymous_16)
FN:337,(anonymous_17)
FNF:18
FNH:0
FNDA:0,addOnStore
FNDA:0,(anonymous_1)
FNDA:0,(anonymous_2)
FNDA:0,(anonymous_3)
FNDA:0,(anonymous_4)
FNDA:0,(anonymous_5)
FNDA:0,(anonymous_6)
FNDA:0,(anonymous_7)
FNDA:0,(anonymous_8)
FNDA:0,(anonymous_9)
FNDA:0,(anonymous_10)
FNDA:0,(anonymous_11)
FNDA:0,(anonymous_12)
FNDA:0,(anonymous_13)
FNDA:0,(anonymous_14)
FNDA:0,(anonymous_15)
FNDA:0,(anonymous_16)
FNDA:0,(anonymous_17)
DA:27,0
DA:28,0
DA:30,0
DA:31,0
DA:32,0
DA:33,0
DA:35,0
DA:36,0
DA:37,0
DA:39,0
DA:40,0
DA:42,0
DA:79,0
DA:80,0
DA:91,0
DA:92,0
DA:93,0
DA:96,0
DA:97,0
DA:108,0
DA:121,0
DA:181,0
DA:182,0
DA:183,0
DA:188,0
DA:202,0
DA:203,0
DA:204,0
DA:209,0
DA:225,0
DA:226,0
DA:227,0
DA:232,0
DA:248,0
DA:258,0
DA:269,0
DA:279,0
DA:280,0
DA:281,0
DA:286,0
DA:294,0
DA:305,0
DA:306,0
DA:307,0
DA:312,0
DA:328,0
DA:338,0
DA:356,0
DA:358,0
LF:49
LH:0
BRDA:93,0,0,0
BRDA:93,0,1,0
BRDA:124,1,0,0
BRDA:124,1,1,0
BRDA:158,2,0,0
BRDA:158,2,1,0
BRDA:181,3,0,0
BRDA:181,3,1,0
BRDA:183,4,0,0
BRDA:183,4,1,0
BRDA:193,5,0,0
BRDA:193,5,1,0
BRDA:202,6,0,0
BRDA:202,6,1,0
BRDA:204,7,0,0
BRDA:204,7,1,0
BRDA:225,8,0,0
BRDA:225,8,1,0
BRDA:227,9,0,0
BRDA:227,9,1,0
BRDA:268,10,0,0
BRDA:268,10,1,0
BRDA:279,11,0,0
BRDA:279,11,1,0
BRDA:281,12,0,0
BRDA:281,12,1,0
BRDA:305,13,0,0
BRDA:305,13,1,0
BRDA:307,14,0,0
BRDA:307,14,1,0
BRF:30
BRH:0
end_of_record
TN:
SF:src/components/AddOn/support/components/Action/Action.tsx
FN:10,action
FNF:1
FNH:0
FNDA:0,action
DA:11,0
DA:13,0
LF:2
LH:0
BRF:0
BRH:0
end_of_record
TN:
SF:src/components/AddOn/support/components/MainContent/MainContent.tsx
FN:10,mainContent
FNF:1
FNH:0
FNDA:0,mainContent
DA:11,0
LF:1
LH:0
BRF:0
BRH:0
end_of_record
TN:
SF:src/components/AddOn/support/components/SidePanel/SidePanel.tsx
FN:10,sidePanel
FNF:1
FNH:0
FNDA:0,sidePanel
DA:14,0
LF:1
LH:0
BRDA:18,0,0,0
BRDA:18,0,1,0
BRF:2
BRH:0
end_of_record
TN:
SF:src/components/AddOn/support/services/Plugin.helper.ts
FN:2,(anonymous_0)
FN:7,(anonymous_1)
FN:12,(anonymous_2)
FN:14,(anonymous_3)
FN:15,(anonymous_4)
FNF:5
FNH:0
FNDA:0,(anonymous_0)
FNDA:0,(anonymous_1)
FNDA:0,(anonymous_2)
FNDA:0,(anonymous_3)
FNDA:0,(anonymous_4)
DA:2,0
DA:3,0
DA:4,0
DA:7,0
DA:8,0
DA:9,0
DA:12,0
DA:13,0
DA:14,0
DA:16,0
LF:10
LH:0
BRF:0
BRH:0
end_of_record
TN:
SF:src/components/Advertisements/Advertisements.tsx
FN:18,advertisements
FN:34,(anonymous_1)
FN:37,(anonymous_2)
FN:67,(anonymous_3)
FN:75,(anonymous_4)
FN:80,(anonymous_5)
FN:114,(anonymous_6)
FN:115,(anonymous_7)
FN:120,(anonymous_8)
FN:121,(anonymous_9)
FN:123,(anonymous_10)
FN:151,(anonymous_11)
FN:152,(anonymous_12)
FN:157,(anonymous_13)
FN:158,(anonymous_14)
FN:160,(anonymous_15)
FNF:16
FNH:0
FNDA:0,advertisements
FNDA:0,(anonymous_1)
FNDA:0,(anonymous_2)
FNDA:0,(anonymous_3)
FNDA:0,(anonymous_4)
FNDA:0,(anonymous_5)
FNDA:0,(anonymous_6)
FNDA:0,(anonymous_7)
FNDA:0,(anonymous_8)
FNDA:0,(anonymous_9)
FNDA:0,(anonymous_10)
FNDA:0,(anonymous_11)
FNDA:0,(anonymous_12)
FNDA:0,(anonymous_13)
FNDA:0,(anonymous_14)
FNDA:0,(anonymous_15)
DA:23,0
DA:24,0
DA:25,0
DA:26,0
DA:28,0
DA:29,0
DA:30,0
DA:31,0
DA:33,0
DA:34,0
DA:35,0
DA:37,0
DA:38,0
DA:39,0
DA:67,0
DA:68,0
DA:75,0
DA:76,0
DA:77,0
DA:80,0
DA:81,0
DA:93,0
DA:114,0
DA:115,0
DA:120,0
DA:121,0
DA:135,0
DA:151,0
DA:152,0
DA:157,0
DA:158,0
DA:172,0
DA:195,0
DA:197,0
LF:34
LH:0
BRDA:77,0,0,0
BRDA:77,0,1,0
BRDA:113,1,0,0
BRDA:113,1,1,0
BRDA:150,2,0,0
BRDA:150,2,1,0
BRF:6
BRH:0
end_of_record
TN:
SF:src/components/Advertisements/core/AdvertisementEntry/AdvertisementEntry.tsx
FN:17,advertisementEntry
FN:32,(anonymous_1)
FN:44,(anonymous_2)
FN:65,(anonymous_3)
FNF:4
FNH:0
FNDA:0,advertisementEntry
FNDA:0,(anonymous_1)
FNDA:0,(anonymous_2)
FNDA:0,(anonymous_3)
DA:28,0
DA:29,0
DA:30,0
DA:32,0
DA:33,0
DA:34,0
DA:39,0
DA:41,0
DA:45,0
DA:66,0
DA:86,0
DA:95,0
LF:12
LH:0
BRDA:69,0,0,0
BRDA:69,0,1,0
BRF:2
BRH:0
end_of_record
TN:
SF:src/components/Advertisements/core/AdvertisementRegister/AdvertisementRegister.tsx
FN:24,advertisementRegister
FN:32,(anonymous_1)
FN:33,(anonymous_2)
FN:46,(anonymous_3)
FN:62,(anonymous_4)
FN:95,(anonymous_5)
FN:111,(anonymous_6)
FN:124,(anonymous_7)
FN:143,(anonymous_8)
FN:158,(anonymous_9)
FNF:10
FNH:0
FNDA:0,advertisementRegister
FNDA:0,(anonymous_1)
FNDA:0,(anonymous_2)
FNDA:0,(anonymous_3)
FNDA:0,(anonymous_4)
FNDA:0,(anonymous_5)
FNDA:0,(anonymous_6)
FNDA:0,(anonymous_7)
FNDA:0,(anonymous_8)
FNDA:0,(anonymous_9)
DA:28,0
DA:30,0
DA:32,0
DA:33,0
DA:34,0
DA:37,0
DA:38,0
DA:46,0
DA:47,0
DA:48,0
DA:49,0
DA:60,0
DA:61,0
DA:62,0
DA:63,0
DA:67,0
DA:70,0
DA:96,0
DA:112,0
DA:125,0
DA:129,0
DA:144,0
DA:159,0
DA:189,0
DA:198,0
LF:25
LH:0
BRDA:60,0,0,0
BRDA:60,0,1,0
BRF:2
BRH:0
end_of_record
TN:
SF:src/components/ChangeLanguageDropdown/ChangeLanguageDropDown.tsx
FN:13,(anonymous_0)
FN:17,(anonymous_1)
FN:33,(anonymous_2)
FN:48,(anonymous_3)
FN:52,(anonymous_4)
FNF:5
FNH:0
FNDA:0,(anonymous_0)
FNDA:0,(anonymous_1)
FNDA:0,(anonymous_2)
FNDA:0,(anonymous_3)
FNDA:0,(anonymous_4)
DA:13,0
DA:14,0
DA:17,0
DA:20,0
DA:22,0
DA:34,0
DA:49,0
DA:52,0
LF:8
LH:0
BRDA:20,0,0,0
BRDA:20,0,1,0
BRDA:25,1,0,0
BRDA:25,1,1,0
BRDA:30,2,0,0
BRDA:30,2,1,0
BRDA:38,3,0,0
BRDA:38,3,1,0
BRDA:39,4,0,0
BRDA:39,4,1,0
BRF:10
BRH:0
end_of_record
TN:
SF:src/components/CheckIn/CheckInModal.tsx
FN:16,(anonymous_0)
FN:32,(anonymous_1)
FN:38,(anonymous_2)
FN:59,(anonymous_3)
FN:94,(anonymous_4)
FN:112,(anonymous_5)
FNF:6
FNH:0
FNDA:0,(anonymous_0)
FNDA:0,(anonymous_1)
FNDA:0,(anonymous_2)
FNDA:0,(anonymous_3)
FNDA:0,(anonymous_4)
FNDA:0,(anonymous_5)
DA:16,0
DA:17,0
DA:19,0
DA:20,0
DA:28,0
DA:32,0
DA:33,0
DA:34,0
DA:36,0
DA:38,0
DA:53,0
DA:60,0
DA:66,0
DA:67,0
DA:73,0
DA:95,0
DA:96,0
DA:112,0
LF:18
LH:0
BRDA:34,0,0,0
BRDA:34,0,1,0
BRDA:66,1,0,0
BRDA:66,1,1,0
BRF:4
BRH:0
end_of_record
TN:
SF:src/components/CheckIn/CheckInWrapper.tsx
FN:11,(anonymous_0)
FN:20,(anonymous_1)
FN:35,(anonymous_2)
FNF:3
FNH:0
FNDA:0,(anonymous_0)
FNDA:0,(anonymous_1)
FNDA:0,(anonymous_2)
DA:11,0
DA:12,0
DA:14,0
DA:21,0
DA:35,0
LF:5
LH:0
BRDA:32,0,0,0
BRDA:32,0,1,0
BRF:2
BRH:0
end_of_record
TN:
SF:src/components/CheckIn/TableRow.tsx
FN:10,(anonymous_0)
FN:19,(anonymous_1)
FN:30,(anonymous_2)
FN:34,(anonymous_3)
FN:40,(anonymous_4)
FN:46,(anonymous_5)
FNF:6
FNH:0
FNDA:0,(anonymous_0)
FNDA:0,(anonymous_1)
FNDA:0,(anonymous_2)
FNDA:0,(anonymous_3)
FNDA:0,(anonymous_4)
FNDA:0,(anonymous_5)
DA:10,0
DA:17,0
DA:19,0
DA:22,0
DA:31,0
DA:32,0
DA:35,0
DA:36,0
DA:40,0
DA:41,0
DA:46,0
DA:47,0
DA:48,0
DA:49,0
DA:50,0
DA:53,0
LF:16
LH:0
BRDA:55,0,0,0
BRDA:55,0,1,0
BRF:2
BRH:0
end_of_record
TN:
SF:src/components/CheckIn/mocks.ts
FNF:0
FNH:0
DA:5,0
DA:36,0
DA:48,0
DA:69,0
LF:4
LH:0
BRF:0
BRH:0
end_of_record
TN:
SF:src/components/CheckIn/tagTemplate.ts
FNF:0
FNH:0
DA:3,0
LF:1
LH:0
BRF:0
BRH:0
end_of_record
TN:
SF:src/components/CheckIn/types.ts
FNF:0
FNH:0
LF:0
LH:0
BRF:0
BRH:0
end_of_record
TN:
SF:src/components/CollapsibleDropdown/CollapsibleDropdown.tsx
FN:13,(anonymous_0)
FN:22,(anonymous_1)
FN:23,(anonymous_2)
FN:36,(anonymous_3)
FN:57,(anonymous_4)
FN:66,(anonymous_5)
FNF:6
FNH:0
FNDA:0,(anonymous_0)
FNDA:0,(anonymous_1)
FNDA:0,(anonymous_2)
FNDA:0,(anonymous_3)
FNDA:0,(anonymous_4)
FNDA:0,(anonymous_5)
DA:13,0
DA:17,0
DA:18,0
DA:19,0
DA:20,0
DA:22,0
DA:23,0
DA:24,0
DA:25,0
DA:26,0
DA:31,0
DA:36,0
DA:58,0
DA:67,0
LF:14
LH:0
BRDA:24,0,0,0
BRDA:24,0,1,0
BRDA:34,1,0,0
BRDA:34,1,1,0
BRDA:35,2,0,0
BRDA:35,2,1,0
BRDA:43,3,0,0
BRDA:43,3,1,0
BRDA:49,4,0,0
BRDA:49,4,1,0
BRDA:50,5,0,0
BRDA:50,5,1,0
BRDA:56,6,0,0
BRDA:56,6,1,0
BRDA:61,7,0,0
BRDA:61,7,1,0
BRDA:64,8,0,0
BRDA:64,8,1,0
BRDA:78,9,0,0
BRDA:78,9,1,0
BRF:20
BRH:0
end_of_record
TN:
SF:src/components/ContriStats/ContriStats.tsx
FN:14,contriStats
FNF:1
FNH:0
FNDA:0,contriStats
DA:15,0
DA:19,0
LF:2
LH:0
BRF:0
BRH:0
end_of_record
TN:
SF:src/components/DeleteOrg/DeleteOrg.tsx
FN:12,deleteOrg
FN:19,(anonymous_1)
FN:32,(anonymous_2)
FN:35,(anonymous_3)
FN:38,(anonymous_4)
FNF:5
FNH:0
FNDA:0,deleteOrg
FNDA:0,(anonymous_1)
FNDA:0,(anonymous_2)
FNDA:0,(anonymous_3)
FNDA:0,(anonymous_4)
DA:13,0
DA:16,0
DA:17,0
DA:18,0
DA:19,0
DA:21,0
DA:22,0
DA:26,0
DA:32,0
DA:33,0
DA:34,0
DA:36,0
DA:39,0
DA:41,0
DA:43,0
DA:44,0
DA:49,0
DA:51,0
DA:56,0
LF:19
LH:0
BRDA:33,0,0,0
BRDA:33,0,1,0
BRDA:33,1,0,0
BRDA:33,1,1,0
BRDA:58,2,0,0
BRDA:58,2,1,0
BRDA:71,3,0,0
BRDA:71,3,1,0
BRDA:71,4,0,0
BRDA:71,4,1,0
BRDA:79,5,0,0
BRDA:79,5,1,0
BRF:12
BRH:0
end_of_record
TN:
SF:src/components/EventCalendar/EventCalendar.tsx
FN:51,(anonymous_0)
FN:79,(anonymous_1)
FN:116,(anonymous_2)
FN:121,(anonymous_3)
FN:130,(anonymous_4)
FN:138,(anonymous_5)
FN:142,(anonymous_6)
FN:165,(anonymous_7)
FN:179,(anonymous_8)
FN:183,(anonymous_9)
FN:231,(anonymous_10)
FNF:11
FNH:0
FNDA:0,(anonymous_0)
FNDA:0,(anonymous_1)
FNDA:0,(anonymous_2)
FNDA:0,(anonymous_3)
FNDA:0,(anonymous_4)
FNDA:0,(anonymous_5)
FNDA:0,(anonymous_6)
FNDA:0,(anonymous_7)
FNDA:0,(anonymous_8)
FNDA:0,(anonymous_9)
FNDA:0,(anonymous_10)
DA:51,0
DA:57,0
DA:58,0
DA:59,0
DA:74,0
DA:75,0
DA:76,0
DA:77,0
DA:79,0
DA:85,0
DA:86,0
DA:113,0
DA:116,0
DA:117,0
DA:118,0
DA:121,0
DA:122,0
DA:123,0
DA:124,0
DA:126,0
DA:130,0
DA:131,0
DA:132,0
DA:133,0
DA:135,0
DA:138,0
DA:139,0
DA:140,0
DA:142,0
DA:143,0
DA:144,0
DA:145,0
DA:150,0
DA:155,0
DA:156,0
DA:157,0
DA:158,0
DA:159,0
DA:165,0
DA:166,0
DA:174,0
DA:180,0
DA:181,0
DA:184,0
DA:208,0
DA:232,0
LF:46
LH:0
BRDA:86,0,0,0
BRDA:86,0,1,0
BRDA:122,1,0,0
BRDA:122,1,1,0
BRDA:131,2,0,0
BRDA:131,2,1,0
BRDA:167,3,0,0
BRDA:167,3,1,0
BRDA:170,4,0,0
BRDA:170,4,1,0
BRDA:171,5,0,0
BRDA:171,5,1,0
BRDA:180,6,0,0
BRDA:180,6,1,0
BRF:14
BRH:0
end_of_record
TN:
SF:src/components/EventListCard/EventListCard.tsx
FN:32,eventListCard
FN:51,(anonymous_1)
FN:54,(anonymous_2)
FN:58,(anonymous_3)
FN:62,(anonymous_4)
FN:66,(anonymous_5)
FN:84,(anonymous_6)
FN:105,(anonymous_7)
FN:139,(anonymous_8)
FN:323,(anonymous_9)
FN:339,(anonymous_10)
FN:355,(anonymous_11)
FN:370,(anonymous_12)
FN:384,(anonymous_13)
FN:402,(anonymous_14)
FN:412,(anonymous_15)
FN:424,(anonymous_16)
FN:434,(anonymous_17)
FNF:18
FNH:0
FNDA:0,eventListCard
FNDA:0,(anonymous_1)
FNDA:0,(anonymous_2)
FNDA:0,(anonymous_3)
FNDA:0,(anonymous_4)
FNDA:0,(anonymous_5)
FNDA:0,(anonymous_6)
FNDA:0,(anonymous_7)
FNDA:0,(anonymous_8)
FNDA:0,(anonymous_9)
FNDA:0,(anonymous_10)
FNDA:0,(anonymous_11)
FNDA:0,(anonymous_12)
FNDA:0,(anonymous_13)
FNDA:0,(anonymous_14)
FNDA:0,(anonymous_15)
FNDA:0,(anonymous_16)
FNDA:0,(anonymous_17)
DA:33,0
DA:36,0
DA:37,0
DA:38,0
DA:39,0
DA:40,0
DA:41,0
DA:42,0
DA:43,0
DA:44,0
DA:51,0
DA:52,0
DA:54,0
DA:55,0
DA:58,0
DA:59,0
DA:62,0
DA:63,0
DA:66,0
DA:67,0
DA:75,0
DA:76,0
DA:77,0
DA:78,0
DA:81,0
DA:82,0
DA:84,0
DA:85,0
DA:86,0
DA:105,0
DA:108,0
DA:110,0
DA:111,0
DA:139,0
DA:140,0
DA:143,0
DA:324,0
DA:340,0
DA:356,0
DA:371,0
DA:385,0
DA:402,0
DA:412,0
DA:424,0
DA:435,0
LF:45
LH:0
BRDA:71,0,0,0
BRDA:71,0,1,0
BRDA:72,1,0,0
BRDA:72,1,1,0
BRDA:121,2,0,0
BRDA:121,2,1,0
BRDA:122,3,0,0
BRDA:122,3,1,0
BRDA:153,4,0,0
BRDA:153,4,1,0
BRDA:155,5,0,0
BRDA:155,5,1,0
BRDA:185,6,0,0
BRDA:185,6,1,0
BRDA:187,7,0,0
BRDA:187,7,1,0
BRDA:201,8,0,0
BRDA:201,8,1,0
BRDA:211,9,0,0
BRDA:211,9,1,0
BRDA:211,10,0,0
BRDA:211,10,1,0
BRDA:362,11,0,0
BRDA:362,11,1,0
BRF:24
BRH:0
end_of_record
TN:
SF:src/components/EventProjectModals/AddEventProjectModal.tsx
FN:14,(anonymous_0)
FN:25,(anonymous_1)
FN:34,(anonymous_2)
FN:74,(anonymous_3)
FN:86,(anonymous_4)
FNF:5
FNH:0
FNDA:0,(anonymous_0)
FNDA:0,(anonymous_1)
FNDA:0,(anonymous_2)
FNDA:0,(anonymous_3)
FNDA:0,(anonymous_4)
DA:14,0
DA:20,0
DA:21,0
DA:23,0
DA:25,0
DA:26,0
DA:27,0
DA:34,0
DA:35,0
DA:36,0
DA:37,0
DA:38,0
DA:40,0
DA:41,0
DA:42,0
DA:44,0
DA:45,0
DA:52,0
DA:53,0
DA:54,0
DA:55,0
DA:58,0
DA:74,0
DA:86,0
LF:24
LH:0
BRDA:36,0,0,0
BRDA:36,0,1,0
BRDA:40,1,0,0
BRDA:40,1,1,0
BRDA:44,2,0,0
BRDA:44,2,1,0
BRF:6
BRH:0
end_of_record
TN:
SF:src/components/EventProjectModals/DeleteEventProjectModal.tsx
FN:18,(anonymous_0)
FN:21,(anonymous_1)
FN:28,(anonymous_2)
FNF:3
FNH:0
FNDA:0,(anonymous_0)
FNDA:0,(anonymous_1)
FNDA:0,(anonymous_2)
DA:18,0
DA:19,0
DA:21,0
DA:22,0
DA:28,0
DA:29,0
DA:35,0
DA:36,0
DA:39,0
LF:9
LH:0
BRF:0
BRH:0
end_of_record
TN:
SF:src/components/EventProjectModals/UpdateEventProjectModal.tsx
FN:18,(anonymous_0)
FN:22,(anonymous_1)
FN:28,(anonymous_2)
FN:36,(anonymous_3)
FN:79,(anonymous_4)
FN:90,(anonymous_5)
FNF:6
FNH:0
FNDA:0,(anonymous_0)
FNDA:0,(anonymous_1)
FNDA:0,(anonymous_2)
FNDA:0,(anonymous_3)
FNDA:0,(anonymous_4)
FNDA:0,(anonymous_5)
DA:18,0
DA:19,0
DA:20,0
DA:22,0
DA:23,0
DA:24,0
DA:27,0
DA:28,0
DA:29,0
DA:30,0
DA:36,0
DA:37,0
DA:39,0
DA:40,0
DA:41,0
DA:43,0
DA:44,0
DA:45,0
DA:47,0
DA:48,0
DA:55,0
DA:56,0
DA:59,0
DA:79,0
DA:90,0
LF:25
LH:0
BRDA:39,0,0,0
BRDA:39,0,1,0
BRDA:43,1,0,0
BRDA:43,1,1,0
BRDA:47,2,0,0
BRDA:47,2,1,0
BRF:6
BRH:0
end_of_record
TN:
SF:src/components/EventRegistrantsModal/EventRegistrantsModal.tsx
FN:31,(anonymous_0)
FN:49,(anonymous_1)
FN:61,(anonymous_2)
FN:65,(anonymous_3)
FN:71,(anonymous_4)
FN:79,(anonymous_5)
FN:83,(anonymous_6)
FN:115,(anonymous_7)
FN:123,(anonymous_8)
FN:131,(anonymous_9)
FN:135,(anonymous_10)
FN:138,(anonymous_11)
FNF:12
FNH:0
FNDA:0,(anonymous_0)
FNDA:0,(anonymous_1)
FNDA:0,(anonymous_2)
FNDA:0,(anonymous_3)
FNDA:0,(anonymous_4)
FNDA:0,(anonymous_5)
FNDA:0,(anonymous_6)
FNDA:0,(anonymous_7)
FNDA:0,(anonymous_8)
FNDA:0,(anonymous_9)
FNDA:0,(anonymous_10)
FNDA:0,(anonymous_11)
DA:31,0
DA:32,0
DA:34,0
DA:35,0
DA:41,0
DA:45,0
DA:49,0
DA:50,0
DA:51,0
DA:52,0
DA:54,0
DA:55,0
DA:62,0
DA:63,0
DA:66,0
DA:67,0
DA:71,0
DA:72,0
DA:73,0
DA:80,0
DA:81,0
DA:84,0
DA:85,0
DA:90,0
DA:91,0
DA:98,0
DA:116,0
DA:123,0
DA:132,0
DA:136,0
DA:139,0
LF:31
LH:0
BRDA:50,0,0,0
BRDA:50,0,1,0
BRDA:90,1,0,0
BRDA:90,1,1,0
BRDA:90,2,0,0
BRDA:90,2,1,0
BRDA:111,3,0,0
BRDA:111,3,1,0
BRF:8
BRH:0
end_of_record
TN:
SF:src/components/EventRegistrantsModal/EventRegistrantsWrapper.tsx
FN:12,(anonymous_0)
FN:21,(anonymous_1)
FN:37,(anonymous_2)
FNF:3
FNH:0
FNDA:0,(anonymous_0)
FNDA:0,(anonymous_1)
FNDA:0,(anonymous_2)
DA:12,0
DA:13,0
DA:15,0
DA:22,0
DA:38,0
LF:5
LH:0
BRDA:34,0,0,0
BRDA:34,0,1,0
BRF:2
BRH:0
end_of_record
TN:
SF:src/components/EventStats/EventStats.tsx
FN:17,(anonymous_0)
FNF:1
FNH:0
FNDA:0,(anonymous_0)
DA:17,0
DA:22,0
DA:27,0
DA:28,0
DA:35,0
LF:5
LH:0
BRDA:27,0,0,0
BRDA:27,0,1,0
BRF:2
BRH:0
end_of_record
TN:
SF:src/components/EventStats/EventStatsWrapper.tsx
FN:11,(anonymous_0)
FN:20,(anonymous_1)
FN:31,(anonymous_2)
FNF:3
FNH:0
FNDA:0,(anonymous_0)
FNDA:0,(anonymous_1)
FNDA:0,(anonymous_2)
DA:11,0
DA:12,0
DA:14,0
DA:21,0
DA:31,0
LF:5
LH:0
BRDA:32,0,0,0
BRDA:32,0,1,0
BRF:2
BRH:0
end_of_record
TN:
SF:src/components/EventStats/Statistics/AverageRating.tsx
FN:35,(anonymous_0)
FNF:1
FNH:0
FNDA:0,(anonymous_0)
DA:26,0
DA:35,0
DA:36,0
LF:3
LH:0
BRF:0
BRH:0
end_of_record
TN:
SF:src/components/EventStats/Statistics/Feedback.tsx
FN:25,(anonymous_0)
FN:37,(anonymous_1)
FN:70,(anonymous_2)
FNF:3
FNH:0
FNDA:0,(anonymous_0)
FNDA:0,(anonymous_1)
FNDA:0,(anonymous_2)
DA:25,0
DA:26,0
DA:35,0
DA:37,0
DA:38,0
DA:39,0
DA:42,0
DA:43,0
DA:44,0
DA:45,0
DA:53,0
DA:70,0
LF:12
LH:0
BRDA:38,0,0,0
BRDA:38,0,1,0
BRDA:44,1,0,0
BRDA:44,1,1,0
BRDA:64,2,0,0
BRDA:64,2,1,0
BRF:6
BRH:0
end_of_record
TN:
SF:src/components/EventStats/Statistics/Review.tsx
FN:21,(anonymous_0)
FN:23,(anonymous_1)
FN:42,(anonymous_2)
FNF:3
FNH:0
FNDA:0,(anonymous_0)
FNDA:0,(anonymous_1)
FNDA:0,(anonymous_2)
DA:21,0
DA:22,0
DA:23,0
DA:26,0
DA:43,0
LF:5
LH:0
BRDA:41,0,0,0
BRDA:41,0,1,0
BRF:2
BRH:0
end_of_record
TN:
SF:src/components/IconComponent/IconComponent.tsx
FN:23,(anonymous_0)
FNF:1
FNH:0
FNDA:0,(anonymous_0)
DA:23,0
DA:24,0
DA:26,0
DA:30,0
DA:32,0
DA:34,0
DA:36,0
DA:43,0
DA:50,0
DA:57,0
DA:64,0
DA:71,0
DA:78,0
DA:85,0
DA:92,0
DA:94,0
LF:16
LH:0
BRDA:24,0,0,0
BRDA:24,0,1,0
BRDA:24,0,2,0
BRDA:24,0,3,0
BRDA:24,0,4,0
BRDA:24,0,5,0
BRDA:24,0,6,0
BRDA:24,0,7,0
BRDA:24,0,8,0
BRDA:24,0,9,0
BRDA:24,0,10,0
BRDA:24,0,11,0
BRDA:24,0,12,0
BRDA:24,0,13,0
BRF:14
BRH:0
end_of_record
TN:
SF:src/components/LeftDrawer/LeftDrawer.tsx
FN:21,(anonymous_0)
FN:37,(anonymous_1)
FN:58,(anonymous_2)
FN:75,(anonymous_3)
FN:96,(anonymous_4)
FN:119,(anonymous_5)
FN:141,(anonymous_6)
FN:169,(anonymous_7)
FNF:8
FNH:0
FNDA:0,(anonymous_0)
FNDA:0,(anonymous_1)
FNDA:0,(anonymous_2)
FNDA:0,(anonymous_3)
FNDA:0,(anonymous_4)
FNDA:0,(anonymous_5)
FNDA:0,(anonymous_6)
FNDA:0,(anonymous_7)
DA:21,0
DA:26,0
DA:28,0
DA:29,0
DA:30,0
DA:31,0
DA:32,0
DA:33,0
DA:35,0
DA:37,0
DA:38,0
DA:39,0
DA:40,0
DA:43,0
DA:59,0
DA:76,0
DA:97,0
DA:120,0
DA:142,0
DA:169,0
LF:20
LH:0
BRDA:47,0,0,0
BRDA:47,0,1,0
BRDA:49,1,0,0
BRDA:49,1,1,0
BRDA:70,2,0,0
BRDA:70,2,1,0
BRDA:72,3,0,0
BRDA:72,3,1,0
BRDA:82,4,0,0
BRDA:82,4,1,0
BRDA:90,5,0,0
BRDA:90,5,1,0
BRDA:92,6,0,0
BRDA:92,6,1,0
BRDA:94,7,0,0
BRDA:94,7,1,0
BRDA:104,8,0,0
BRDA:104,8,1,0
BRDA:113,9,0,0
BRDA:113,9,1,0
BRDA:115,10,0,0
BRDA:115,10,1,0
BRDA:117,11,0,0
BRDA:117,11,1,0
BRDA:127,12,0,0
BRDA:127,12,1,0
BRDA:146,13,0,0
BRDA:146,13,1,0
BRDA:146,14,0,0
BRDA:146,14,1,0
BRF:30
BRH:0
end_of_record
TN:
SF:src/components/LeftDrawerEvent/LeftDrawerEvent.tsx
FN:29,(anonymous_0)
FN:43,(anonymous_1)
FN:65,(anonymous_2)
FN:112,(anonymous_3)
FN:142,(anonymous_4)
FN:158,(anonymous_5)
FN:185,(anonymous_6)
FNF:7
FNH:0
FNDA:0,(anonymous_0)
FNDA:0,(anonymous_1)
FNDA:0,(anonymous_2)
FNDA:0,(anonymous_3)
FNDA:0,(anonymous_4)
FNDA:0,(anonymous_5)
FNDA:0,(anonymous_6)
DA:29,0
DA:35,0
DA:36,0
DA:37,0
DA:38,0
DA:39,0
DA:40,0
DA:42,0
DA:43,0
DA:44,0
DA:45,0
DA:46,0
DA:49,0
DA:66,0
DA:113,0
DA:143,0
DA:159,0
DA:185,0
LF:18
LH:0
BRDA:53,0,0,0
BRDA:53,0,1,0
BRDA:55,1,0,0
BRDA:55,1,1,0
BRDA:92,2,0,0
BRDA:92,2,1,0
BRDA:92,3,0,0
BRDA:92,3,1,0
BRDA:97,4,0,0
BRDA:97,4,1,0
BRDA:97,5,0,0
BRDA:97,5,1,0
BRDA:125,6,0,0
BRDA:125,6,1,0
BRDA:131,7,0,0
BRDA:131,7,1,0
BRDA:135,8,0,0
BRDA:135,8,1,0
BRDA:163,9,0,0
BRDA:163,9,1,0
BRDA:163,10,0,0
BRDA:163,10,1,0
BRF:22
BRH:0
end_of_record
TN:
SF:src/components/LeftDrawerEvent/LeftDrawerEventWrapper.tsx
FN:20,(anonymous_0)
FN:50,(anonymous_1)
FNF:2
FNH:0
FNDA:0,(anonymous_0)
FNDA:0,(anonymous_1)
DA:20,0
DA:23,0
DA:25,0
DA:51,0
LF:4
LH:0
BRDA:28,0,0,0
BRDA:28,0,1,0
BRDA:36,1,0,0
BRDA:36,1,1,0
BRDA:38,2,0,0
BRDA:38,2,1,0
BRF:6
BRH:0
end_of_record
TN:
SF:src/components/LeftDrawerOrg/LeftDrawerOrg.tsx
FN:26,(anonymous_0)
FN:58,(anonymous_1)
FN:63,(anonymous_2)
FN:68,(anonymous_3)
FN:90,(anonymous_4)
FN:150,(anonymous_5)
FN:158,(anonymous_6)
FN:189,(anonymous_7)
FN:216,(anonymous_8)
FNF:9
FNH:0
FNDA:0,(anonymous_0)
FNDA:0,(anonymous_1)
FNDA:0,(anonymous_2)
FNDA:0,(anonymous_3)
FNDA:0,(anonymous_4)
FNDA:0,(anonymous_5)
FNDA:0,(anonymous_6)
FNDA:0,(anonymous_7)
FNDA:0,(anonymous_8)
DA:26,0
DA:33,0
DA:35,0
DA:44,0
DA:48,0
DA:50,0
DA:51,0
DA:52,0
DA:53,0
DA:54,0
DA:55,0
DA:58,0
DA:59,0
DA:60,0
DA:61,0
DA:63,0
DA:64,0
DA:68,0
DA:69,0
DA:70,0
DA:71,0
DA:74,0
DA:91,0
DA:151,0
DA:159,0
DA:190,0
DA:216,0
LF:27
LH:0
BRDA:60,0,0,0
BRDA:60,0,1,0
BRDA:60,1,0,0
BRDA:60,1,1,0
BRDA:78,2,0,0
BRDA:78,2,1,0
BRDA:80,3,0,0
BRDA:80,3,1,0
BRDA:106,4,0,0
BRDA:106,4,1,0
BRDA:113,5,0,0
BRDA:113,5,1,0
BRDA:128,6,0,0
BRDA:128,6,1,0
BRDA:151,7,0,0
BRDA:151,7,1,0
BRDA:154,8,0,0
BRDA:154,8,1,0
BRDA:156,9,0,0
BRDA:156,9,1,0
BRDA:166,10,0,0
BRDA:166,10,1,0
BRDA:194,11,0,0
BRDA:194,11,1,0
BRDA:194,12,0,0
BRDA:194,12,1,0
BRF:26
BRH:0
end_of_record
TN:
SF:src/components/Loader/Loader.tsx
FN:10,(anonymous_0)
FNF:1
FNH:0
FNDA:0,(anonymous_0)
DA:10,0
DA:11,0
LF:2
LH:0
BRDA:14,0,0,0
BRDA:14,0,1,0
BRDA:20,1,0,0
BRDA:20,1,1,0
BRDA:22,2,0,0
BRDA:22,2,1,0
BRF:6
BRH:0
end_of_record
TN:
SF:src/components/MemberRequestCard/MemberRequestCard.tsx
FN:26,memberRequestCard
FN:36,(anonymous_1)
FN:56,(anonymous_2)
FNF:3
FNH:0
FNDA:0,memberRequestCard
FNDA:0,(anonymous_1)
FNDA:0,(anonymous_2)
DA:29,0
DA:30,0
DA:32,0
DA:36,0
DA:37,0
DA:38,0
DA:56,0
DA:57,0
DA:58,0
DA:59,0
DA:60,0
DA:75,0
LF:12
LH:0
BRDA:58,0,0,0
BRDA:58,0,1,0
BRDA:79,1,0,0
BRDA:79,1,1,0
BRDA:95,2,0,0
BRDA:95,2,1,0
BRF:6
BRH:0
end_of_record
TN:
SF:src/components/NotFound/NotFound.tsx
FN:11,notFound
FNF:1
FNH:0
FNDA:0,notFound
DA:12,0
DA:13,0
DA:16,0
LF:3
LH:0
BRF:0
BRH:0
end_of_record
TN:
SF:src/components/OrgAdminListCard/OrgAdminListCard.tsx
FN:26,orgAdminListCard
FN:34,(anonymous_1)
FN:37,(anonymous_2)
FNF:3
FNH:0
FNDA:0,orgAdminListCard
FNDA:0,(anonymous_1)
FNDA:0,(anonymous_2)
DA:24,0
DA:27,0
DA:28,0
DA:30,0
DA:34,0
DA:35,0
DA:37,0
DA:38,0
DA:39,0
DA:58,0
LF:10
LH:0
BRDA:62,0,0,0
BRDA:62,0,1,0
BRDA:76,1,0,0
BRDA:76,1,1,0
BRF:4
BRH:0
end_of_record
TN:
SF:src/components/OrgContriCards/OrgContriCards.tsx
FN:17,orgContriCards
FNF:1
FNH:0
FNDA:0,orgContriCards
DA:18,0
DA:22,0
LF:2
LH:0
BRF:0
BRH:0
end_of_record
TN:
SF:src/components/OrgDelete/OrgDelete.tsx
FN:4,orgDelete
FNF:1
FNH:0
FNDA:0,orgDelete
DA:5,0
DA:9,0
LF:2
LH:0
BRF:0
BRH:0
end_of_record
TN:
SF:src/components/OrgListCard/OrgListCard.tsx
FN:16,orgListCard
FN:27,handleClick
FNF:2
FNH:0
FNDA:0,orgListCard
FNDA:0,handleClick
DA:17,0
DA:19,0
DA:25,0
DA:28,0
DA:31,0
DA:32,0
DA:35,0
DA:39,0
LF:8
LH:0
BRDA:44,0,0,0
BRDA:44,0,1,0
BRDA:76,1,0,0
BRDA:76,1,1,0
BRDA:76,1,2,0
BRF:5
BRH:0
end_of_record
TN:
SF:src/components/OrgPeopleListCard/OrgPeopleListCard.tsx
FN:24,orgPeopleListCard
FN:31,(anonymous_1)
FN:38,(anonymous_2)
FNF:3
FNH:0
FNDA:0,orgPeopleListCard
FNDA:0,(anonymous_1)
FNDA:0,(anonymous_2)
DA:27,0
DA:28,0
DA:29,0
DA:31,0
DA:32,0
DA:34,0
DA:38,0
DA:39,0
DA:40,0
DA:59,0
LF:10
LH:0
BRDA:63,0,0,0
BRDA:63,0,1,0
BRDA:77,1,0,0
BRDA:77,1,1,0
BRF:4
BRH:0
end_of_record
TN:
SF:src/components/OrgPostCard/OrgPostCard.tsx
FN:35,OrgPostCard
FN:54,(anonymous_1)
FN:65,(anonymous_2)
FN:75,(anonymous_3)
FN:83,(anonymous_4)
FN:85,(anonymous_5)
FN:85,(anonymous_6)
FN:87,(anonymous_7)
FN:92,(anonymous_8)
FN:96,(anonymous_9)
FN:100,(anonymous_10)
FN:103,(anonymous_11)
FN:116,(anonymous_12)
FN:128,handletoggleClick
FN:136,handleEditModal
FN:147,handleDeleteModal
FN:153,(anonymous_16)
FN:170,(anonymous_17)
FN:180,(anonymous_18)
FN:188,(anonymous_19)
FN:192,(anonymous_20)
FN:198,(anonymous_21)
FN:227,(anonymous_22)
FN:399,(anonymous_23)
FN:430,(anonymous_24)
FN:438,(anonymous_25)
FN:527,(anonymous_26)
FN:530,(anonymous_27)
FN:576,(anonymous_28)
FN:579,(anonymous_29)
FNF:30
FNH:0
FNDA:0,OrgPostCard
FNDA:0,(anonymous_1)
FNDA:0,(anonymous_2)
FNDA:0,(anonymous_3)
FNDA:0,(anonymous_4)
FNDA:0,(anonymous_5)
FNDA:0,(anonymous_6)
FNDA:0,(anonymous_7)
FNDA:0,(anonymous_8)
FNDA:0,(anonymous_9)
FNDA:0,(anonymous_10)
FNDA:0,(anonymous_11)
FNDA:0,(anonymous_12)
FNDA:0,handletoggleClick
FNDA:0,handleEditModal
FNDA:0,handleDeleteModal
FNDA:0,(anonymous_16)
FNDA:0,(anonymous_17)
FNDA:0,(anonymous_18)
FNDA:0,(anonymous_19)
FNDA:0,(anonymous_20)
FNDA:0,(anonymous_21)
FNDA:0,(anonymous_22)
FNDA:0,(anonymous_23)
FNDA:0,(anonymous_24)
FNDA:0,(anonymous_25)
FNDA:0,(anonymous_26)
FNDA:0,(anonymous_27)
FNDA:0,(anonymous_28)
FNDA:0,(anonymous_29)
DA:38,0
DA:46,0
DA:47,0
DA:48,0
DA:49,0
DA:50,0
DA:51,0
DA:52,0
DA:53,0
DA:54,0
DA:55,0
DA:56,0
DA:61,0
DA:62,0
DA:63,0
DA:64,0
DA:65,0
DA:66,0
DA:70,0
DA:75,0
DA:76,0
DA:83,0
DA:85,0
DA:87,0
DA:88,0
DA:89,0
DA:92,0
DA:93,0
DA:94,0
DA:96,0
DA:97,0
DA:100,0
DA:101,0
DA:103,0
DA:104,0
DA:108,0
DA:111,0
DA:112,0
DA:116,0
DA:117,0
DA:121,0
DA:124,0
DA:125,0
DA:129,0
DA:130,0
DA:132,0
DA:137,0
DA:138,0
DA:139,0
DA:140,0
DA:148,0
DA:149,0
DA:150,0
DA:153,0
DA:154,0
DA:163,0
DA:167,0
DA:168,0
DA:170,0
DA:171,0
DA:172,0
DA:178,0
DA:179,0
DA:180,0
DA:181,0
DA:185,0
DA:188,0
DA:191,0
DA:192,0
DA:198,0
DA:201,0
DA:203,0
DA:204,0
DA:205,0
DA:207,0
DA:208,0
DA:211,0
DA:212,0
DA:215,0
DA:225,0
DA:226,0
DA:227,0
DA:228,0
DA:232,0
DA:236,0
DA:399,0
DA:431,0
DA:438,0
DA:530,0
DA:535,0
DA:536,0
DA:537,0
DA:579,0
DA:583,0
DA:584,0
DA:585,0
DA:586,0
DA:587,0
LF:98
LH:0
BRDA:61,0,0,0
BRDA:61,0,1,0
BRDA:64,1,0,0
BRDA:64,1,1,0
BRDA:111,2,0,0
BRDA:111,2,1,0
BRDA:124,3,0,0
BRDA:124,3,1,0
BRDA:129,4,0,0
BRDA:129,4,1,0
BRDA:178,5,0,0
BRDA:178,5,1,0
BRDA:207,6,0,0
BRDA:207,6,1,0
BRDA:207,7,0,0
BRDA:207,7,1,0
BRDA:211,8,0,0
BRDA:211,8,1,0
BRDA:211,9,0,0
BRDA:211,9,1,0
BRDA:225,10,0,0
BRDA:225,10,1,0
BRDA:244,11,0,0
BRDA:244,11,1,0
BRDA:262,12,0,0
BRDA:262,12,1,0
BRDA:282,13,0,0
BRDA:282,13,1,0
BRDA:291,14,0,0
BRDA:291,14,1,0
BRDA:305,15,0,0
BRDA:305,15,1,0
BRDA:315,16,0,0
BRDA:315,16,1,0
BRDA:326,17,0,0
BRDA:326,17,1,0
BRDA:326,18,0,0
BRDA:326,18,1,0
BRDA:340,19,0,0
BRDA:340,19,1,0
BRDA:343,20,0,0
BRDA:343,20,1,0
BRDA:348,21,0,0
BRDA:348,21,1,0
BRDA:355,22,0,0
BRDA:355,22,1,0
BRDA:355,22,2,0
BRDA:367,23,0,0
BRDA:367,23,1,0
BRDA:369,24,0,0
BRDA:369,24,1,0
BRDA:380,25,0,0
BRDA:380,25,1,0
BRDA:408,26,0,0
BRDA:408,26,1,0
BRDA:434,27,0,0
BRDA:434,27,1,0
BRDA:516,28,0,0
BRDA:516,28,1,0
BRDA:536,29,0,0
BRDA:536,29,1,0
BRDA:544,30,0,0
BRDA:544,30,1,0
BRDA:546,31,0,0
BRDA:546,31,1,0
BRDA:565,32,0,0
BRDA:565,32,1,0
BRDA:584,33,0,0
BRDA:584,33,1,0
BRDA:585,34,0,0
BRDA:585,34,1,0
BRDA:594,35,0,0
BRDA:594,35,1,0
BRF:73
BRH:0
end_of_record
TN:
SF:src/components/OrgUpdate/OrgUpdate.tsx
FN:22,orgUpdate
FN:63,(anonymous_1)
FN:75,(anonymous_2)
FN:80,(anonymous_3)
FN:131,(anonymous_4)
FN:145,(anonymous_5)
FN:159,(anonymous_6)
FN:172,(anonymous_7)
FN:182,(anonymous_8)
FN:194,(anonymous_9)
FNF:10
FNH:0
FNDA:0,orgUpdate
FNDA:0,(anonymous_1)
FNDA:0,(anonymous_2)
FNDA:0,(anonymous_3)
FNDA:0,(anonymous_4)
FNDA:0,(anonymous_5)
FNDA:0,(anonymous_6)
FNDA:0,(anonymous_7)
FNDA:0,(anonymous_8)
FNDA:0,(anonymous_9)
DA:23,0
DA:25,0
DA:37,0
DA:38,0
DA:40,0
DA:42,0
DA:58,0
DA:63,0
DA:64,0
DA:65,0
DA:66,0
DA:72,0
DA:73,0
DA:75,0
DA:76,0
DA:80,0
DA:81,0
DA:82,0
DA:99,0
DA:103,0
DA:104,0
DA:107,0
DA:108,0
DA:120,0
DA:132,0
DA:146,0
DA:160,0
DA:172,0
DA:182,0
DA:195,0
DA:196,0
DA:198,0
DA:199,0
LF:33
LH:0
BRDA:65,0,0,0
BRDA:65,0,1,0
BRDA:65,1,0,0
BRDA:65,1,1,0
BRDA:103,2,0,0
BRDA:103,2,1,0
BRDA:107,3,0,0
BRDA:107,3,1,0
BRDA:196,4,0,0
BRDA:196,4,1,0
BRDA:198,5,0,0
BRF:11
BRH:0
end_of_record
TN:
SF:src/components/OrgUpdate/OrgUpdateMocks.ts
FNF:0
FNH:0
DA:4,0
DA:82,0
DA:92,0
LF:3
LH:0
BRF:0
BRH:0
end_of_record
TN:
SF:src/components/OrganizationCard/OrganizationCard.tsx
FN:13,organizationCard
FNF:1
FNH:0
FNDA:0,organizationCard
DA:14,0
DA:16,0
LF:2
LH:0
BRDA:21,0,0,0
BRDA:21,0,1,0
BRF:2
BRH:0
end_of_record
TN:
SF:src/components/OrganizationCardStart/OrganizationCardStart.tsx
FN:11,organizationCardStart
FNF:1
FNH:0
FNDA:0,organizationCardStart
DA:14,0
DA:16,0
LF:2
LH:0
BRDA:21,0,0,0
BRDA:21,0,1,0
BRF:2
BRH:0
end_of_record
TN:
SF:src/components/OrganizationDashCards/CardItem.tsx
FN:19,(anonymous_0)
FNF:1
FNH:0
FNDA:0,(anonymous_0)
DA:19,0
DA:20,0
DA:21,0
LF:3
LH:0
BRDA:26,0,0,0
BRDA:26,0,1,0
BRDA:28,1,0,0
BRDA:28,1,1,0
BRDA:31,2,0,0
BRDA:31,2,1,0
BRDA:43,3,0,0
BRDA:43,3,1,0
BRDA:58,4,0,0
BRDA:58,4,1,0
BRDA:69,5,0,0
BRDA:69,5,1,0
BRDA:71,6,0,0
BRDA:71,6,1,0
BRF:14
BRH:0
end_of_record
TN:
SF:src/components/OrganizationDashCards/CardItemLoading.tsx
FN:4,(anonymous_0)
FNF:1
FNH:0
FNDA:0,(anonymous_0)
DA:4,0
DA:5,0
LF:2
LH:0
BRF:0
BRH:0
end_of_record
TN:
SF:src/components/OrganizationDashCards/DashboardCard.tsx
FN:6,(anonymous_0)
FNF:1
FNH:0
FNDA:0,(anonymous_0)
DA:6,0
DA:11,0
DA:12,0
LF:3
LH:0
BRDA:23,0,0,0
BRDA:23,0,1,0
BRF:2
BRH:0
end_of_record
TN:
SF:src/components/OrganizationDashCards/DashboardCardLoading.tsx
FN:6,(anonymous_0)
FNF:1
FNH:0
FNDA:0,(anonymous_0)
DA:6,0
DA:7,0
LF:2
LH:0
BRF:0
BRH:0
end_of_record
TN:
SF:src/components/OrganizationScreen/OrganizationScreen.tsx
FN:15,(anonymous_0)
FN:25,(anonymous_1)
FN:52,(anonymous_2)
FNF:3
FNH:0
FNDA:0,(anonymous_0)
FNDA:0,(anonymous_1)
FNDA:0,(anonymous_2)
DA:15,0
DA:20,0
DA:25,0
DA:26,0
DA:27,0
DA:53,0
LF:6
LH:0
BRDA:38,0,0,0
BRDA:38,0,1,0
BRDA:40,1,0,0
BRDA:40,1,1,0
BRF:4
BRH:0
end_of_record
TN:
SF:src/components/Pagination/Pagination.tsx
FN:20,pagination
FN:31,(anonymous_1)
FNF:2
FNH:0
FNDA:0,pagination
FNDA:0,(anonymous_1)
DA:21,0
DA:22,0
DA:31,0
DA:34,0
DA:51,0
LF:5
LH:0
BRDA:59,0,0,0
BRDA:59,0,1,0
BRDA:67,1,0,0
BRDA:67,1,1,0
BRDA:79,2,0,0
BRDA:79,2,1,0
BRDA:91,3,0,0
BRDA:91,3,1,0
BRF:8
BRH:0
end_of_record
TN:
SF:src/components/PaginationList/PaginationList.tsx
FN:21,(anonymous_0)
FNF:1
FNH:0
FNDA:0,(anonymous_0)
DA:21,0
DA:22,0
DA:26,0
LF:3
LH:0
BRF:0
BRH:0
end_of_record
TN:
SF:src/components/SuperAdminScreen/SuperAdminScreen.tsx
FN:12,(anonymous_0)
FN:42,(anonymous_1)
FNF:2
FNH:0
FNDA:0,(anonymous_0)
FNDA:0,(anonymous_1)
DA:12,0
DA:17,0
DA:19,0
DA:43,0
LF:4
LH:0
BRDA:28,0,0,0
BRDA:28,0,1,0
BRDA:30,1,0,0
BRDA:30,1,1,0
BRF:4
BRH:0
end_of_record
TN:
SF:src/components/TableLoader/TableLoader.tsx
FN:11,(anonymous_0)
FN:14,(anonymous_1)
FN:28,(anonymous_2)
FN:32,(anonymous_3)
FN:39,(anonymous_4)
FN:47,(anonymous_5)
FNF:6
FNH:0
FNDA:0,(anonymous_0)
FNDA:0,(anonymous_1)
FNDA:0,(anonymous_2)
FNDA:0,(anonymous_3)
FNDA:0,(anonymous_4)
FNDA:0,(anonymous_5)
DA:11,0
DA:12,0
DA:14,0
DA:15,0
DA:16,0
DA:22,0
DA:29,0
DA:33,0
DA:40,0
DA:48,0
LF:10
LH:0
BRDA:15,0,0,0
BRDA:15,0,1,0
BRDA:15,1,0,0
BRDA:15,1,1,0
BRDA:27,2,0,0
BRDA:27,2,1,0
BRDA:31,3,0,0
BRDA:31,3,1,0
BRDA:46,4,0,0
BRDA:46,4,1,0
BRF:10
BRH:0
end_of_record
TN:
SF:src/components/TaskListItem/TaskListItem.tsx
FN:38,(anonymous_0)
FN:85,(anonymous_1)
FN:95,(anonymous_2)
FNF:3
FNH:0
FNDA:0,(anonymous_0)
FNDA:0,(anonymous_1)
FNDA:0,(anonymous_2)
DA:38,0
DA:43,0
DA:45,0
DA:86,0
DA:96,0
LF:5
LH:0
BRDA:59,0,0,0
BRDA:59,0,1,0
BRF:2
BRH:0
end_of_record
TN:
SF:src/components/TaskModals/AddTaskModal.tsx
FN:17,(anonymous_0)
FN:30,(anonymous_1)
FN:38,(anonymous_2)
FN:79,(anonymous_3)
FN:90,(anonymous_4)
FN:98,(anonymous_5)
FNF:6
FNH:0
FNDA:0,(anonymous_0)
FNDA:0,(anonymous_1)
FNDA:0,(anonymous_2)
FNDA:0,(anonymous_3)
FNDA:0,(anonymous_4)
FNDA:0,(anonymous_5)
DA:17,0
DA:23,0
DA:25,0
DA:26,0
DA:27,0
DA:29,0
DA:30,0
DA:31,0
DA:32,0
DA:38,0
DA:39,0
DA:41,0
DA:42,0
DA:43,0
DA:45,0
DA:46,0
DA:47,0
DA:49,0
DA:50,0
DA:58,0
DA:59,0
DA:60,0
DA:61,0
DA:64,0
DA:79,0
DA:90,0
DA:99,0
LF:27
LH:0
BRDA:41,0,0,0
BRDA:41,0,1,0
BRDA:45,1,0,0
BRDA:45,1,1,0
BRDA:49,2,0,0
BRDA:49,2,1,0
BRF:6
BRH:0
end_of_record
TN:
SF:src/components/TaskModals/DeleteTaskModal.tsx
FN:14,(anonymous_0)
FN:16,(anonymous_1)
FN:23,(anonymous_2)
FNF:3
FNH:0
FNDA:0,(anonymous_0)
FNDA:0,(anonymous_1)
FNDA:0,(anonymous_2)
DA:14,0
DA:15,0
DA:16,0
DA:17,0
DA:23,0
DA:24,0
DA:29,0
DA:30,0
DA:33,0
LF:9
LH:0
BRF:0
BRH:0
end_of_record
TN:
SF:src/components/TaskModals/ManageVolunteerModal.tsx
FN:29,(anonymous_0)
FN:32,(anonymous_1)
FN:35,(anonymous_2)
FN:42,(anonymous_3)
FN:46,(anonymous_4)
FN:75,(anonymous_5)
FN:79,(anonymous_6)
FN:83,(anonymous_7)
FNF:8
FNH:0
FNDA:0,(anonymous_0)
FNDA:0,(anonymous_1)
FNDA:0,(anonymous_2)
FNDA:0,(anonymous_3)
FNDA:0,(anonymous_4)
FNDA:0,(anonymous_5)
FNDA:0,(anonymous_6)
FNDA:0,(anonymous_7)
DA:29,0
DA:30,0
DA:32,0
DA:34,0
DA:35,0
DA:36,0
DA:42,0
DA:43,0
DA:46,0
DA:49,0
DA:50,0
DA:53,0
DA:76,0
DA:80,0
DA:84,0
LF:15
LH:0
BRF:0
BRH:0
end_of_record
TN:
SF:src/components/TaskModals/UpdateTaskModal.tsx
FN:42,(anonymous_0)
FN:52,(anonymous_1)
FN:60,(anonymous_2)
FN:68,(anonymous_3)
FN:116,(anonymous_4)
FN:127,(anonymous_5)
FN:134,(anonymous_6)
FN:147,(anonymous_7)
FN:159,(anonymous_8)
FN:176,(anonymous_9)
FN:192,(anonymous_10)
FN:206,(anonymous_11)
FN:213,(anonymous_12)
FNF:13
FNH:0
FNDA:0,(anonymous_0)
FNDA:0,(anonymous_1)
FNDA:0,(anonymous_2)
FNDA:0,(anonymous_3)
FNDA:0,(anonymous_4)
FNDA:0,(anonymous_5)
FNDA:0,(anonymous_6)
FNDA:0,(anonymous_7)
FNDA:0,(anonymous_8)
FNDA:0,(anonymous_9)
FNDA:0,(anonymous_10)
FNDA:0,(anonymous_11)
FNDA:0,(anonymous_12)
DA:42,0
DA:43,0
DA:44,0
DA:45,0
DA:46,0
DA:48,0
DA:50,0
DA:52,0
DA:53,0
DA:54,0
DA:55,0
DA:56,0
DA:59,0
DA:60,0
DA:61,0
DA:62,0
DA:68,0
DA:69,0
DA:71,0
DA:72,0
DA:73,0
DA:75,0
DA:76,0
DA:77,0
DA:79,0
DA:81,0
DA:90,0
DA:91,0
DA:94,0
DA:116,0
DA:127,0
DA:135,0
DA:147,0
DA:160,0
DA:177,0
DA:178,0
DA:193,0
DA:194,0
DA:207,0
DA:214,0
LF:40
LH:0
BRDA:71,0,0,0
BRDA:71,0,1,0
BRDA:75,1,0,0
BRDA:75,1,1,0
BRDA:79,2,0,0
BRDA:79,2,1,0
BRDA:154,3,0,0
BRDA:154,3,1,0
BRF:8
BRH:0
end_of_record
TN:
SF:src/components/UserListCard/UserListCard.tsx
FN:24,userListCard
FN:32,(anonymous_1)
FNF:2
FNH:0
FNDA:0,userListCard
FNDA:0,(anonymous_1)
DA:25,0
DA:26,0
DA:28,0
DA:32,0
DA:33,0
DA:34,0
DA:54,0
LF:7
LH:0
BRDA:58,0,0,0
BRDA:58,0,1,0
BRDA:72,1,0,0
BRDA:72,1,1,0
BRF:4
BRH:0
end_of_record
TN:
SF:src/components/UserPasswordUpdate/UserPasswordUpdate.tsx
FN:15,(anonymous_0)
FN:30,(anonymous_1)
FN:86,(anonymous_2)
FN:105,(anonymous_3)
FN:124,(anonymous_4)
FNF:5
FNH:0
FNDA:0,(anonymous_0)
FNDA:0,(anonymous_1)
FNDA:0,(anonymous_2)
FNDA:0,(anonymous_3)
FNDA:0,(anonymous_4)
DA:15,0
DA:19,0
DA:22,0
DA:28,0
DA:30,0
DA:31,0
DA:36,0
DA:37,0
DA:40,0
DA:41,0
DA:42,0
DA:45,0
DA:46,0
DA:71,0
DA:87,0
DA:106,0
DA:125,0
LF:17
LH:0
BRDA:31,0,0,0
BRDA:31,0,1,0
BRDA:32,1,0,0
BRDA:32,1,1,0
BRDA:32,1,2,0
BRDA:40,2,0,0
BRDA:40,2,1,0
BRF:7
BRH:0
end_of_record
TN:
SF:src/components/UserPortal/ChatRoom/ChatRoom.tsx
FN:14,chatRoom
FN:21,(anonymous_1)
FNF:2
FNH:0
FNDA:0,chatRoom
FNDA:0,(anonymous_1)
DA:15,0
DA:19,0
DA:21,0
DA:22,0
DA:24,0
DA:27,0
LF:6
LH:0
BRDA:29,0,0,0
BRDA:29,0,1,0
BRF:2
BRH:0
end_of_record
TN:
SF:src/components/UserPortal/CommentCard/CommentCard.tsx
FN:26,commentCard
FN:30,(anonymous_1)
FN:38,(anonymous_2)
FNF:3
FNH:0
FNDA:0,commentCard
FNDA:0,(anonymous_1)
FNDA:0,(anonymous_2)
DA:27,0
DA:29,0
DA:30,0
DA:32,0
DA:33,0
DA:34,0
DA:36,0
DA:38,0
DA:39,0
DA:40,0
DA:41,0
DA:56,0
DA:57,0
DA:74,0
LF:14
LH:0
BRDA:39,0,0,0
BRDA:39,0,1,0
BRDA:86,1,0,0
BRDA:86,1,1,0
BRDA:86,2,0,0
BRDA:86,2,1,0
BRDA:88,3,0,0
BRDA:88,3,1,0
BRF:8
BRH:0
end_of_record
TN:
SF:src/components/UserPortal/ContactCard/ContactCard.tsx
FN:15,contactCard
FN:21,(anonymous_1)
FN:30,(anonymous_2)
FNF:3
FNH:0
FNDA:0,contactCard
FNDA:0,(anonymous_1)
FNDA:0,(anonymous_2)
DA:16,0
DA:17,0
DA:21,0
DA:22,0
DA:23,0
DA:26,0
DA:30,0
DA:31,0
DA:34,0
LF:9
LH:0
BRDA:17,0,0,0
BRDA:17,0,1,0
BRDA:38,1,0,0
BRDA:38,1,1,0
BRF:4
BRH:0
end_of_record
TN:
SF:src/components/UserPortal/DonationCard/DonationCard.tsx
FN:12,donationCard
FNF:1
FNH:0
FNDA:0,donationCard
DA:13,0
LF:1
LH:0
BRF:0
BRH:0
end_of_record
TN:
SF:src/components/UserPortal/EventCard/EventCard.tsx
FN:36,eventCard
FN:43,(anonymous_1)
FN:49,(anonymous_2)
FNF:3
FNH:0
FNDA:0,eventCard
FNDA:0,(anonymous_1)
FNDA:0,(anonymous_2)
DA:37,0
DA:40,0
DA:41,0
DA:42,0
DA:43,0
DA:46,0
DA:47,0
DA:49,0
DA:50,0
DA:51,0
DA:52,0
DA:69,0
LF:12
LH:0
BRDA:50,0,0,0
BRDA:50,0,1,0
BRDA:86,1,0,0
BRDA:86,1,1,0
BRDA:95,2,0,0
BRDA:95,2,1,0
BRDA:108,3,0,0
BRDA:108,3,1,0
BRDA:110,4,0,0
BRDA:110,4,1,0
BRF:10
BRH:0
end_of_record
TN:
SF:src/components/UserPortal/Login/Login.tsx
FN:19,login
FN:24,(anonymous_1)
FN:35,(anonymous_2)
FNF:3
FNH:0
FNDA:0,login
FNDA:0,(anonymous_1)
FNDA:0,(anonymous_2)
DA:20,0
DA:22,0
DA:24,0
DA:25,0
DA:28,0
DA:30,0
DA:35,0
DA:36,0
DA:37,0
DA:39,0
DA:40,0
DA:47,0
DA:48,0
DA:49,0
DA:51,0
DA:55,0
DA:84,0
LF:17
LH:0
BRDA:36,0,0,0
BRDA:36,0,1,0
BRDA:36,1,0,0
BRDA:36,1,1,0
BRDA:47,2,0,0
BRDA:47,2,1,0
BRF:6
BRH:0
end_of_record
TN:
SF:src/components/UserPortal/OrganizationCard/OrganizationCard.tsx
FN:13,organizationCard
FNF:1
FNH:0
FNDA:0,organizationCard
DA:14,0
DA:15,0
DA:17,0
LF:3
LH:0
BRDA:14,0,0,0
BRDA:14,0,1,0
BRF:2
BRH:0
end_of_record
TN:
SF:src/components/UserPortal/OrganizationNavbar/OrganizationNavbar.tsx
FN:29,organizationNavbar
FN:58,(anonymous_1)
FN:104,getPluginIndex
FN:165,(anonymous_3)
FN:169,(anonymous_4)
FN:191,(anonymous_5)
FN:194,(anonymous_6)
FNF:7
FNH:0
FNDA:0,organizationNavbar
FNDA:0,(anonymous_1)
FNDA:0,getPluginIndex
FNDA:0,(anonymous_3)
FNDA:0,(anonymous_4)
FNDA:0,(anonymous_5)
FNDA:0,(anonymous_6)
DA:30,0
DA:34,0
DA:36,0
DA:38,0
DA:40,0
DA:42,0
DA:46,0
DA:57,0
DA:58,0
DA:59,0
DA:60,0
DA:64,0
DA:65,0
DA:95,0
DA:96,0
DA:97,0
DA:100,0
DA:105,0
DA:106,0
DA:107,0
DA:110,0
DA:113,0
DA:114,0
DA:115,0
DA:116,0
DA:117,0
DA:118,0
DA:119,0
DA:120,0
DA:121,0
DA:123,0
DA:126,0
DA:127,0
DA:128,0
DA:132,0
DA:166,0
DA:169,0
DA:192,0
DA:195,0
DA:196,0
LF:40
LH:0
BRDA:59,0,0,0
BRDA:59,0,1,0
BRDA:95,1,0,0
BRDA:95,1,1,0
BRDA:96,2,0,0
BRDA:96,2,1,0
BRDA:106,3,0,0
BRDA:106,3,1,0
BRDA:113,4,0,0
BRDA:113,4,1,0
BRDA:117,5,0,0
BRDA:117,5,1,0
BRDA:118,6,0,0
BRDA:118,6,1,0
BRDA:126,7,0,0
BRDA:126,7,1,0
BRDA:166,8,0,0
BRDA:166,8,1,0
BRF:18
BRH:0
end_of_record
TN:
SF:src/components/UserPortal/OrganizationSidebar/OrganizationSidebar.tsx
FN:18,organizationSidebar
FN:77,(anonymous_1)
FN:119,(anonymous_2)
FNF:3
FNH:0
FNDA:0,organizationSidebar
FNDA:0,(anonymous_1)
FNDA:0,(anonymous_2)
DA:19,0
DA:23,0
DA:24,0
DA:25,0
DA:26,0
DA:27,0
DA:29,0
DA:40,0
DA:65,0
DA:78,0
DA:79,0
DA:120,0
LF:12
LH:0
BRDA:70,0,0,0
BRDA:70,0,1,0
BRDA:76,1,0,0
BRDA:76,1,1,0
BRDA:87,2,0,0
BRDA:87,2,1,0
BRDA:112,3,0,0
BRDA:112,3,1,0
BRDA:118,4,0,0
BRDA:118,4,1,0
BRF:10
BRH:0
end_of_record
TN:
SF:src/components/UserPortal/PeopleCard/PeopleCard.tsx
FN:12,peopleCard
FNF:1
FNH:0
FNDA:0,peopleCard
DA:13,0
DA:15,0
LF:2
LH:0
BRDA:13,0,0,0
BRDA:13,0,1,0
BRF:2
BRH:0
end_of_record
TN:
SF:src/components/UserPortal/PostCard/PostCard.tsx
FN:70,postCard
FN:76,(anonymous_1)
FN:92,(anonymous_2)
FN:94,(anonymous_3)
FN:130,(anonymous_4)
FN:137,(anonymous_5)
FN:246,(anonymous_6)
FNF:7
FNH:0
FNDA:0,postCard
FNDA:0,(anonymous_1)
FNDA:0,(anonymous_2)
FNDA:0,(anonymous_3)
FNDA:0,(anonymous_4)
FNDA:0,(anonymous_5)
FNDA:0,(anonymous_6)
DA:71,0
DA:75,0
DA:76,0
DA:77,0
DA:78,0
DA:80,0
DA:81,0
DA:82,0
DA:83,0
DA:85,0
DA:87,0
DA:88,0
DA:90,0
DA:92,0
DA:94,0
DA:95,0
DA:96,0
DA:97,0
DA:112,0
DA:113,0
DA:130,0
DA:133,0
DA:134,0
DA:137,0
DA:138,0
DA:139,0
DA:172,0
DA:247,0
DA:260,0
LF:29
LH:0
BRDA:95,0,0,0
BRDA:95,0,1,0
BRDA:184,1,0,0
BRDA:184,1,1,0
BRDA:195,2,0,0
BRDA:195,2,1,0
BRDA:195,3,0,0
BRDA:195,3,1,0
BRDA:197,4,0,0
BRDA:197,4,1,0
BRDA:223,5,0,0
BRDA:223,5,1,0
BRDA:233,6,0,0
BRDA:233,6,1,0
BRDA:233,7,0,0
BRDA:233,7,1,0
BRDA:235,8,0,0
BRDA:235,8,1,0
BRDA:245,9,0,0
BRDA:245,9,1,0
BRDA:280,10,0,0
BRDA:280,10,1,0
BRF:22
BRH:0
end_of_record
TN:
SF:src/components/UserPortal/PromotedPost/PromotedPost.tsx
FN:10,promotedPost
FNF:1
FNH:0
FNDA:0,promotedPost
DA:13,0
LF:1
LH:0
BRDA:25,0,0,0
BRDA:25,0,1,0
BRF:2
BRH:0
end_of_record
TN:
SF:src/components/UserPortal/Register/Register.tsx
FN:19,register
FN:24,(anonymous_1)
FN:38,(anonymous_2)
FNF:3
FNH:0
FNDA:0,register
FNDA:0,(anonymous_1)
FNDA:0,(anonymous_2)
DA:20,0
DA:22,0
DA:24,0
DA:25,0
DA:28,0
DA:30,0
DA:38,0
DA:39,0
DA:47,0
DA:48,0
DA:51,0
DA:53,0
DA:54,0
DA:63,0
DA:117,0
LF:15
LH:0
BRDA:39,0,0,0
BRDA:39,0,1,0
BRDA:41,1,0,0
BRDA:41,1,1,0
BRDA:41,1,2,0
BRDA:41,1,3,0
BRDA:48,2,0,0
BRDA:48,2,1,0
BRF:8
BRH:0
end_of_record
TN:
SF:src/components/UserPortal/SecuredRouteForUser/SecuredRouteForUser.tsx
FN:4,(anonymous_0)
FNF:1
FNH:0
FNDA:0,(anonymous_0)
DA:4,0
DA:5,0
DA:6,0
LF:3
LH:0
BRDA:6,0,0,0
BRDA:6,0,1,0
BRF:2
BRH:0
end_of_record
TN:
SF:src/components/UserPortal/TaskCard/TaskCard.tsx
FN:43,taskCard
FN:96,(anonymous_1)
FNF:2
FNH:0
FNDA:0,taskCard
FNDA:0,(anonymous_1)
DA:44,0
DA:48,0
DA:50,0
DA:97,0
DA:99,0
LF:5
LH:0
BRDA:107,0,0,0
BRDA:107,0,1,0
BRF:2
BRH:0
end_of_record
TN:
SF:src/components/UserPortal/UserNavbar/UserNavbar.tsx
FN:15,userNavbar
FN:63,(anonymous_1)
FN:66,(anonymous_2)
FNF:3
FNH:0
FNDA:0,userNavbar
FNDA:0,(anonymous_1)
FNDA:0,(anonymous_2)
DA:16,0
DA:20,0
DA:22,0
DA:34,0
DA:36,0
DA:64,0
DA:67,0
DA:68,0
LF:8
LH:0
BRF:0
BRH:0
end_of_record
TN:
SF:src/components/UserPortal/UserSidebar/UserSidebar.tsx
FN:15,userSidebar
FN:76,(anonymous_1)
FNF:2
FNH:0
FNDA:0,userSidebar
FNDA:0,(anonymous_1)
DA:16,0
DA:20,0
DA:21,0
DA:23,0
DA:25,0
DA:32,0
DA:50,0
DA:77,0
DA:79,0
LF:9
LH:0
BRDA:52,0,0,0
BRDA:52,0,1,0
BRDA:52,1,0,0
BRDA:52,1,1,0
BRDA:59,2,0,0
BRDA:59,2,1,0
BRDA:75,3,0,0
BRDA:75,3,1,0
BRDA:89,4,0,0
BRDA:89,4,1,0
BRF:10
BRH:0
end_of_record
TN:
SF:src/components/UserUpdate/UserUpdate.tsx
FN:23,(anonymous_0)
FN:50,(anonymous_1)
FN:70,(anonymous_2)
FN:143,(anonymous_3)
FN:162,(anonymous_4)
FN:181,(anonymous_5)
FN:198,(anonymous_6)
FN:205,(anonymous_7)
FN:222,(anonymous_8)
FNF:9
FNH:0
FNDA:0,(anonymous_0)
FNDA:0,(anonymous_1)
FNDA:0,(anonymous_2)
FNDA:0,(anonymous_3)
FNDA:0,(anonymous_4)
FNDA:0,(anonymous_5)
FNDA:0,(anonymous_6)
FNDA:0,(anonymous_7)
FNDA:0,(anonymous_8)
DA:23,0
DA:27,0
DA:28,0
DA:29,0
DA:32,0
DA:41,0
DA:47,0
DA:50,0
DA:51,0
DA:52,0
DA:61,0
DA:62,0
DA:70,0
DA:71,0
DA:72,0
DA:73,0
DA:74,0
DA:75,0
DA:76,0
DA:77,0
DA:78,0
DA:79,0
DA:81,0
DA:82,0
DA:83,0
DA:85,0
DA:86,0
DA:87,0
DA:89,0
DA:90,0
DA:128,0
DA:144,0
DA:163,0
DA:182,0
DA:199,0
DA:206,0
DA:223,0
DA:224,0
DA:225,0
DA:226,0
LF:40
LH:0
BRDA:28,0,0,0
BRDA:28,0,1,0
BRDA:28,0,2,0
BRDA:51,1,0,0
BRDA:51,1,1,0
BRDA:61,2,0,0
BRDA:61,2,1,0
BRDA:77,3,0,0
BRDA:77,3,1,0
BRDA:77,4,0,0
BRDA:77,4,1,0
BRDA:81,5,0,0
BRDA:81,5,1,0
BRDA:81,6,0,0
BRDA:81,6,1,0
BRDA:85,7,0,0
BRDA:85,7,1,0
BRDA:85,8,0,0
BRDA:85,8,1,0
BRDA:89,9,0,0
BRDA:89,9,1,0
BRDA:224,10,0,0
BRDA:224,10,1,0
BRDA:225,11,0,0
BRDA:225,11,1,0
BRF:25
BRH:0
end_of_record
TN:
SF:src/components/UsersTableItem/UserTableItemMocks.ts
FNF:0
FNH:0
DA:7,0
LF:1
LH:0
BRF:0
BRH:0
end_of_record
TN:
SF:src/components/UsersTableItem/UsersTableItem.tsx
FN:25,(anonymous_0)
FN:77,(anonymous_1)
FN:120,goToOrg
FN:127,handleCreator
FN:130,handleSearchJoinedOrgs
FN:136,(anonymous_5)
FN:142,handleSearcgByOrgsBlockedBy
FN:148,(anonymous_7)
FN:186,(anonymous_8)
FN:197,(anonymous_9)
FN:209,(anonymous_10)
FN:268,(anonymous_11)
FN:271,(anonymous_12)
FN:282,(anonymous_13)
FN:301,(anonymous_14)
FN:345,(anonymous_15)
FN:369,(anonymous_16)
FN:381,(anonymous_17)
FN:443,(anonymous_18)
FN:446,(anonymous_19)
FN:457,(anonymous_20)
FN:476,(anonymous_21)
FN:520,(anonymous_22)
FN:544,(anonymous_23)
FN:556,(anonymous_24)
FN:580,(anonymous_25)
FN:587,(anonymous_26)
FNF:27
FNH:0
FNDA:0,(anonymous_0)
FNDA:0,(anonymous_1)
FNDA:0,goToOrg
FNDA:0,handleCreator
FNDA:0,handleSearchJoinedOrgs
FNDA:0,(anonymous_5)
FNDA:0,handleSearcgByOrgsBlockedBy
FNDA:0,(anonymous_7)
FNDA:0,(anonymous_8)
FNDA:0,(anonymous_9)
FNDA:0,(anonymous_10)
FNDA:0,(anonymous_11)
FNDA:0,(anonymous_12)
FNDA:0,(anonymous_13)
FNDA:0,(anonymous_14)
FNDA:0,(anonymous_15)
FNDA:0,(anonymous_16)
FNDA:0,(anonymous_17)
FNDA:0,(anonymous_18)
FNDA:0,(anonymous_19)
FNDA:0,(anonymous_20)
FNDA:0,(anonymous_21)
FNDA:0,(anonymous_22)
FNDA:0,(anonymous_23)
FNDA:0,(anonymous_24)
FNDA:0,(anonymous_25)
FNDA:0,(anonymous_26)
DA:25,0
DA:26,0
DA:27,0
DA:29,0
DA:31,0
DA:32,0
DA:33,0
DA:42,0
DA:43,0
DA:46,0
DA:48,0
DA:49,0
DA:50,0
DA:51,0
DA:52,0
DA:77,0
DA:78,0
DA:79,0
DA:86,0
DA:87,0
DA:88,0
DA:121,0
DA:124,0
DA:125,0
DA:128,0
DA:131,0
DA:132,0
DA:133,0
DA:134,0
DA:136,0
DA:137,0
DA:139,0
DA:143,0
DA:144,0
DA:145,0
DA:146,0
DA:148,0
DA:149,0
DA:151,0
DA:164,0
DA:186,0
DA:197,0
DA:209,0
DA:270,0
DA:271,0
DA:272,0
DA:273,0
DA:276,0
DA:282,0
DA:301,0
DA:346,0
DA:351,0
DA:352,0
DA:369,0
DA:381,0
DA:445,0
DA:446,0
DA:447,0
DA:448,0
DA:451,0
DA:457,0
DA:476,0
DA:521,0
DA:526,0
DA:527,0
DA:544,0
DA:556,0
DA:580,0
DA:587,0
LF:69
LH:0
BRDA:86,0,0,0
BRDA:86,0,1,0
BRDA:133,1,0,0
BRDA:133,1,1,0
BRDA:145,2,0,0
BRDA:145,2,1,0
BRDA:218,3,0,0
BRDA:218,3,1,0
BRDA:239,4,0,0
BRDA:239,4,1,0
BRDA:245,5,0,0
BRDA:245,5,1,0
BRDA:272,6,0,0
BRDA:272,6,1,0
BRDA:286,7,0,0
BRDA:286,7,1,0
BRDA:306,8,0,0
BRDA:306,8,1,0
BRDA:315,9,0,0
BRDA:315,9,1,0
BRDA:322,10,0,0
BRDA:322,10,1,0
BRDA:391,11,0,0
BRDA:391,11,1,0
BRDA:413,12,0,0
BRDA:413,12,1,0
BRDA:419,13,0,0
BRDA:419,13,1,0
BRDA:447,14,0,0
BRDA:447,14,1,0
BRDA:461,15,0,0
BRDA:461,15,1,0
BRDA:481,16,0,0
BRDA:481,16,1,0
BRDA:490,17,0,0
BRDA:490,17,1,0
BRDA:497,18,0,0
BRDA:497,18,1,0
BRF:38
BRH:0
end_of_record
TN:
SF:src/components/plugins/DummyPlugin/DummyPlugin.tsx
FN:5,dummyPlugin
FNF:1
FNH:0
FNDA:0,dummyPlugin
DA:6,0
DA:13,0
DA:15,0
LF:3
LH:0
BRF:0
BRH:0
end_of_record
TN:
SF:src/components/plugins/DummyPlugin2/DummyPlugin2.tsx
FN:4,dummyPlugin2
FNF:1
FNH:0
FNDA:0,dummyPlugin2
DA:5,0
DA:8,0
DA:10,0
LF:3
LH:0
BRF:0
BRH:0
end_of_record
TN:
SF:src/screens/BlockUser/BlockUser.tsx
FN:33,(anonymous_0)
FN:61,(anonymous_1)
FN:71,(anonymous_2)
FN:72,(anonymous_3)
FN:78,(anonymous_4)
FN:97,(anonymous_5)
FN:121,(anonymous_6)
FN:178,(anonymous_7)
FN:185,(anonymous_8)
FN:202,(anonymous_9)
FN:209,(anonymous_10)
FN:239,(anonymous_11)
FN:249,(anonymous_12)
FN:257,(anonymous_13)
FN:262,(anonymous_14)
FN:273,(anonymous_15)
FNF:16
FNH:0
FNDA:0,(anonymous_0)
FNDA:0,(anonymous_1)
FNDA:0,(anonymous_2)
FNDA:0,(anonymous_3)
FNDA:0,(anonymous_4)
FNDA:0,(anonymous_5)
FNDA:0,(anonymous_6)
FNDA:0,(anonymous_7)
FNDA:0,(anonymous_8)
FNDA:0,(anonymous_9)
FNDA:0,(anonymous_10)
FNDA:0,(anonymous_11)
FNDA:0,(anonymous_12)
FNDA:0,(anonymous_13)
FNDA:0,(anonymous_14)
FNDA:0,(anonymous_15)
DA:33,0
DA:34,0
DA:38,0
DA:39,0
DA:40,0
DA:41,0
DA:42,0
DA:43,0
DA:50,0
DA:58,0
DA:59,0
DA:61,0
DA:62,0
DA:63,0
DA:64,0
DA:67,0
DA:68,0
DA:70,0
DA:72,0
DA:74,0
DA:78,0
DA:79,0
DA:80,0
DA:97,0
DA:98,0
DA:99,0
DA:121,0
DA:122,0
DA:123,0
DA:124,0
DA:131,0
DA:132,0
DA:139,0
DA:178,0
DA:185,0
DA:202,0
DA:209,0
DA:240,0
DA:250,0
DA:257,0
DA:263,0
DA:274,0
LF:42
LH:0
BRDA:62,0,0,0
BRDA:62,0,1,0
BRDA:67,1,0,0
BRDA:67,1,1,0
BRDA:126,2,0,0
BRDA:126,2,1,0
BRDA:127,3,0,0
BRDA:127,3,1,0
BRDA:150,4,0,0
BRDA:150,4,1,0
BRDA:172,5,0,0
BRDA:172,5,1,0
BRDA:194,6,0,0
BRDA:194,6,1,0
BRDA:219,7,0,0
BRDA:219,7,1,0
BRDA:219,8,0,0
BRDA:219,8,1,0
BRDA:219,8,2,0
BRDA:227,9,0,0
BRDA:227,9,1,0
BRDA:227,10,0,0
BRDA:227,10,1,0
BRDA:233,11,0,0
BRDA:233,11,1,0
BRDA:256,12,0,0
BRDA:256,12,1,0
BRF:27
BRH:0
end_of_record
TN:
SF:src/screens/EventDashboard/EventDashboard.mocks.ts
FNF:0
FNH:0
DA:4,0
DA:71,0
DA:105,0
DA:139,0
DA:180,0
LF:5
LH:0
BRF:0
BRH:0
end_of_record
TN:
SF:src/screens/EventDashboard/EventDashboard.tsx
FN:37,(anonymous_0)
FN:43,(anonymous_1)
FN:125,(anonymous_2)
FN:152,(anonymous_3)
FN:168,(anonymous_4)
FN:181,(anonymous_5)
FN:194,(anonymous_6)
FN:215,(anonymous_7)
FN:224,(anonymous_8)
FN:233,(anonymous_9)
FN:242,(anonymous_10)
FNF:11
FNH:0
FNDA:0,(anonymous_0)
FNDA:0,(anonymous_1)
FNDA:0,(anonymous_2)
FNDA:0,(anonymous_3)
FNDA:0,(anonymous_4)
FNDA:0,(anonymous_5)
FNDA:0,(anonymous_6)
FNDA:0,(anonymous_7)
FNDA:0,(anonymous_8)
FNDA:0,(anonymous_9)
FNDA:0,(anonymous_10)
DA:37,0
DA:39,0
DA:41,0
DA:43,0
DA:44,0
DA:52,0
DA:56,0
DA:64,0
DA:65,0
DA:67,0
DA:69,0
DA:72,0
DA:73,0
DA:76,0
DA:126,0
DA:153,0
DA:169,0
DA:170,0
DA:182,0
DA:183,0
DA:195,0
DA:196,0
DA:216,0
DA:225,0
DA:234,0
DA:243,0
LF:26
LH:0
BRDA:72,0,0,0
BRDA:72,0,1,0
BRDA:79,1,0,0
BRDA:79,1,1,0
BRDA:96,2,0,0
BRDA:96,2,1,0
BRDA:102,3,0,0
BRDA:102,3,1,0
BRDA:121,4,0,0
BRDA:121,4,1,0
BRDA:148,5,0,0
BRDA:148,5,1,0
BRF:12
BRH:0
end_of_record
TN:
SF:src/screens/ForgotPassword/ForgotPassword.tsx
FN:21,(anonymous_0)
FN:43,(anonymous_1)
FN:47,(anonymous_2)
FN:52,(anonymous_3)
FN:78,(anonymous_4)
FN:150,(anonymous_5)
FN:176,(anonymous_6)
FN:195,(anonymous_7)
FN:214,(anonymous_8)
FNF:9
FNH:0
FNDA:0,(anonymous_0)
FNDA:0,(anonymous_1)
FNDA:0,(anonymous_2)
FNDA:0,(anonymous_3)
FNDA:0,(anonymous_4)
FNDA:0,(anonymous_5)
FNDA:0,(anonymous_6)
FNDA:0,(anonymous_7)
FNDA:0,(anonymous_8)
DA:21,0
DA:22,0
DA:26,0
DA:28,0
DA:30,0
DA:32,0
DA:38,0
DA:39,0
DA:42,0
DA:43,0
DA:44,0
DA:45,0
DA:47,0
DA:48,0
DA:52,0
DA:53,0
DA:55,0
DA:56,0
DA:62,0
DA:63,0
DA:64,0
DA:65,0
DA:68,0
DA:69,0
DA:70,0
DA:71,0
DA:73,0
DA:78,0
DA:81,0
DA:82,0
DA:84,0
DA:85,0
DA:86,0
DA:89,0
DA:91,0
DA:92,0
DA:95,0
DA:96,0
DA:115,0
DA:121,0
DA:122,0
DA:124,0
DA:151,0
DA:177,0
DA:196,0
DA:215,0
LF:46
LH:0
BRDA:44,0,0,0
BRDA:44,0,1,0
BRDA:62,1,0,0
BRDA:62,1,1,0
BRDA:68,2,0,0
BRDA:68,2,1,0
BRDA:70,3,0,0
BRDA:70,3,1,0
BRDA:84,4,0,0
BRDA:84,4,1,0
BRDA:91,5,0,0
BRDA:91,5,1,0
BRDA:121,6,0,0
BRDA:121,6,1,0
BRDA:121,7,0,0
BRDA:121,7,1,0
BRDA:135,8,0,0
BRDA:135,8,1,0
BRF:18
BRH:0
end_of_record
TN:
SF:src/screens/LoginPage/LoginPage.tsx
FN:27,loginPage
FN:51,(anonymous_1)
FN:59,(anonymous_2)
FN:60,(anonymous_3)
FN:71,(anonymous_4)
FN:72,loadResource
FN:85,(anonymous_6)
FN:106,(anonymous_7)
FN:165,(anonymous_8)
FN:255,(anonymous_9)
FN:280,(anonymous_10)
FN:341,(anonymous_11)
FN:371,(anonymous_12)
FN:390,(anonymous_13)
FN:410,(anonymous_14)
FN:433,(anonymous_15)
FN:434,(anonymous_16)
FN:437,(anonymous_17)
FN:484,(anonymous_18)
FN:547,(anonymous_19)
FNF:20
FNH:0
FNDA:0,loginPage
FNDA:0,(anonymous_1)
FNDA:0,(anonymous_2)
FNDA:0,(anonymous_3)
FNDA:0,(anonymous_4)
FNDA:0,loadResource
FNDA:0,(anonymous_6)
FNDA:0,(anonymous_7)
FNDA:0,(anonymous_8)
FNDA:0,(anonymous_9)
FNDA:0,(anonymous_10)
FNDA:0,(anonymous_11)
FNDA:0,(anonymous_12)
FNDA:0,(anonymous_13)
FNDA:0,(anonymous_14)
FNDA:0,(anonymous_15)
FNDA:0,(anonymous_16)
FNDA:0,(anonymous_17)
FNDA:0,(anonymous_18)
FNDA:0,(anonymous_19)
DA:28,0
DA:30,0
DA:32,0
DA:33,0
DA:34,0
DA:35,0
DA:42,0
DA:46,0
DA:48,0
DA:49,0
DA:51,0
DA:52,0
DA:53,0
DA:54,0
DA:56,0
DA:59,0
DA:60,0
DA:61,0
DA:64,0
DA:66,0
DA:69,0
DA:71,0
DA:73,0
DA:75,0
DA:82,0
DA:85,0
DA:88,0
DA:93,0
DA:99,0
DA:106,0
DA:107,0
DA:110,0
DA:112,0
DA:113,0
DA:115,0
DA:122,0
DA:128,0
DA:129,0
DA:130,0
DA:158,0
DA:161,0
DA:165,0
DA:166,0
DA:168,0
DA:169,0
DA:171,0
DA:178,0
DA:179,0
DA:213,0
DA:214,0
DA:217,0
DA:256,0
DA:281,0
DA:342,0
DA:343,0
DA:372,0
DA:391,0
DA:411,0
DA:433,0
DA:434,0
DA:438,0
DA:485,0
DA:548,0
DA:549,0
LF:64
LH:0
BRDA:53,0,0,0
BRDA:53,0,1,0
BRDA:122,1,0,0
BRDA:122,1,1,0
BRDA:123,2,0,0
BRDA:123,2,1,0
BRDA:123,2,2,0
BRDA:123,2,3,0
BRDA:128,3,0,0
BRDA:128,3,1,0
BRDA:213,4,0,0
BRDA:213,4,1,0
BRDA:213,5,0,0
BRDA:213,5,1,0
BRDA:213,5,2,0
BRDA:213,5,3,0
BRDA:234,6,0,0
BRDA:234,6,1,0
BRDA:240,7,0,0
BRDA:240,7,1,0
BRDA:274,8,0,0
BRDA:274,8,1,0
BRDA:293,9,0,0
BRDA:293,9,1,0
BRDA:309,10,0,0
BRDA:353,11,0,0
BRDA:353,11,1,0
BRDA:429,12,0,0
BRDA:429,12,1,0
BRDA:449,13,0,0
BRDA:449,13,1,0
BRDA:456,14,0,0
BRDA:456,14,1,0
BRDA:456,14,2,0
BRDA:465,15,0,0
BRDA:465,15,1,0
BRDA:465,15,2,0
BRDA:465,15,3,0
BRDA:480,16,0,0
BRDA:480,16,1,0
BRDA:498,17,0,0
BRDA:498,17,1,0
BRDA:505,18,0,0
BRDA:505,18,1,0
BRDA:505,18,2,0
BRDA:516,19,0,0
BRF:46
BRH:0
end_of_record
TN:
SF:src/screens/MemberDetail/MemberDetail.tsx
FN:23,(anonymous_0)
FN:60,(anonymous_1)
FN:118,(anonymous_2)
FN:306,(anonymous_3)
FN:314,(anonymous_4)
FN:316,(anonymous_5)
FNF:6
FNH:0
FNDA:0,(anonymous_0)
FNDA:0,(anonymous_1)
FNDA:0,(anonymous_2)
FNDA:0,(anonymous_3)
FNDA:0,(anonymous_4)
FNDA:0,(anonymous_5)
DA:23,0
DA:24,0
DA:28,0
DA:30,0
DA:31,0
DA:32,0
DA:34,0
DA:40,0
DA:51,0
DA:52,0
DA:60,0
DA:61,0
DA:62,0
DA:82,0
DA:119,0
DA:306,0
DA:307,0
DA:308,0
DA:309,0
DA:311,0
DA:314,0
DA:315,0
DA:316,0
DA:317,0
DA:318,0
DA:321,0
LF:26
LH:0
BRDA:31,0,0,0
BRDA:31,0,1,0
BRDA:31,0,2,0
BRDA:51,1,0,0
BRDA:51,1,1,0
BRDA:103,2,0,0
BRDA:103,2,1,0
BRDA:129,3,0,0
BRDA:129,3,1,0
BRDA:197,4,0,0
BRDA:197,4,1,0
BRDA:210,5,0,0
BRDA:210,5,1,0
BRDA:216,6,0,0
BRDA:216,6,1,0
BRDA:308,7,0,0
BRDA:308,7,1,0
BRDA:317,8,0,0
BRDA:317,8,1,0
BRF:19
BRH:0
end_of_record
TN:
SF:src/screens/OrgContribution/OrgContribution.tsx
FN:11,orgContribution
FNF:1
FNH:0
FNDA:0,orgContribution
DA:12,0
DA:16,0
DA:18,0
LF:3
LH:0
BRF:0
BRH:0
end_of_record
TN:
SF:src/screens/OrgList/OrgList.tsx
FN:34,orgList
FN:39,openDialogModal
FN:46,closeDialogModal
FN:49,(anonymous_3)
FN:68,(anonymous_4)
FN:109,(anonymous_5)
FN:110,(anonymous_6)
FN:123,(anonymous_7)
FN:145,(anonymous_8)
FN:147,(anonymous_9)
FN:151,(anonymous_10)
FN:156,(anonymous_11)
FN:361,(anonymous_12)
FN:392,(anonymous_13)
FN:412,(anonymous_14)
FN:423,(anonymous_15)
FN:464,(anonymous_16)
FN:480,(anonymous_17)
FN:496,(anonymous_18)
FN:512,(anonymous_19)
FN:529,(anonymous_20)
FN:546,(anonymous_21)
FN:579,(anonymous_22)
FN:611,(anonymous_23)
FNF:24
FNH:0
FNDA:0,orgList
FNDA:0,openDialogModal
FNDA:0,closeDialogModal
FNDA:0,(anonymous_3)
FNDA:0,(anonymous_4)
FNDA:0,(anonymous_5)
FNDA:0,(anonymous_6)
FNDA:0,(anonymous_7)
FNDA:0,(anonymous_8)
FNDA:0,(anonymous_9)
FNDA:0,(anonymous_10)
FNDA:0,(anonymous_11)
FNDA:0,(anonymous_12)
FNDA:0,(anonymous_13)
FNDA:0,(anonymous_14)
FNDA:0,(anonymous_15)
FNDA:0,(anonymous_16)
FNDA:0,(anonymous_17)
FNDA:0,(anonymous_18)
FNDA:0,(anonymous_19)
FNDA:0,(anonymous_20)
FNDA:0,(anonymous_21)
FNDA:0,(anonymous_22)
FNDA:0,(anonymous_23)
DA:35,0
DA:36,0
DA:37,0
DA:40,0
DA:42,0
DA:47,0
DA:49,0
DA:50,0
DA:51,0
DA:53,0
DA:54,0
DA:55,0
DA:56,0
DA:57,0
DA:58,0
DA:59,0
DA:68,0
DA:70,0
DA:72,0
DA:83,0
DA:99,0
DA:109,0
DA:110,0
DA:111,0
DA:112,0
DA:123,0
DA:124,0
DA:145,0
DA:146,0
DA:148,0
DA:149,0
DA:152,0
DA:156,0
DA:157,0
DA:166,0
DA:168,0
DA:169,0
DA:170,0
DA:172,0
DA:173,0
DA:270,0
DA:271,0
DA:362,0
DA:393,0
DA:413,0
DA:424,0
DA:425,0
DA:465,0
DA:481,0
DA:497,0
DA:513,0
DA:530,0
DA:547,0
DA:548,0
DA:550,0
DA:551,0
DA:579,0
DA:611,0
LF:58
LH:0
BRDA:124,0,0,0
BRDA:124,0,1,0
BRDA:319,1,0,0
BRDA:319,1,1,0
BRDA:319,1,2,0
BRDA:332,2,0,0
BRDA:332,2,1,0
BRDA:332,3,0,0
BRDA:332,3,1,0
BRDA:332,3,2,0
BRDA:332,3,3,0
BRDA:332,3,4,0
BRDA:332,3,5,0
BRDA:343,4,0,0
BRDA:343,5,0,0
BRDA:343,5,1,0
BRDA:357,6,0,0
BRDA:357,6,1,0
BRDA:390,7,0,0
BRDA:390,7,1,0
BRDA:411,8,0,0
BRDA:411,8,1,0
BRDA:411,9,0,0
BRDA:411,9,1,0
BRDA:420,10,0,0
BRDA:420,10,1,0
BRDA:420,10,2,0
BRDA:420,10,3,0
BRDA:424,11,0,0
BRDA:424,11,1,0
BRDA:548,12,0,0
BRDA:548,12,1,0
BRDA:550,13,0,0
BRDA:572,14,0,0
BRDA:572,14,1,0
BRDA:572,14,2,0
BRDA:572,14,3,0
BRDA:572,14,4,0
BRF:38
BRH:0
end_of_record
TN:
SF:src/screens/OrgList/OrgListMocks.ts
FNF:0
FNH:0
DA:11,0
DA:28,0
DA:32,0
DA:53,0
DA:54,0
DA:79,0
DA:106,0
DA:135,0
LF:8
LH:0
BRF:0
BRH:0
end_of_record
TN:
SF:src/screens/OrgPost/OrgPost.tsx
FN:36,orgPost
FN:54,(anonymous_1)
FN:57,(anonymous_2)
FN:81,(anonymous_3)
FN:90,(anonymous_4)
FN:143,(anonymous_5)
FN:155,(anonymous_6)
FN:159,(anonymous_7)
FN:167,(anonymous_8)
FN:172,(anonymous_9)
FN:181,(anonymous_10)
FN:232,(anonymous_11)
FN:242,(anonymous_12)
FN:266,(anonymous_13)
FN:272,(anonymous_14)
FN:294,(anonymous_15)
FN:349,(anonymous_16)
FN:366,(anonymous_17)
FN:383,(anonymous_18)
FN:386,(anonymous_19)
FN:408,(anonymous_20)
FN:438,(anonymous_21)
FN:439,(anonymous_22)
FN:465,(anonymous_23)
FN:488,(anonymous_24)
FNF:25
FNH:0
FNDA:0,orgPost
FNDA:0,(anonymous_1)
FNDA:0,(anonymous_2)
FNDA:0,(anonymous_3)
FNDA:0,(anonymous_4)
FNDA:0,(anonymous_5)
FNDA:0,(anonymous_6)
FNDA:0,(anonymous_7)
FNDA:0,(anonymous_8)
FNDA:0,(anonymous_9)
FNDA:0,(anonymous_10)
FNDA:0,(anonymous_11)
FNDA:0,(anonymous_12)
FNDA:0,(anonymous_13)
FNDA:0,(anonymous_14)
FNDA:0,(anonymous_15)
FNDA:0,(anonymous_16)
FNDA:0,(anonymous_17)
FNDA:0,(anonymous_18)
FNDA:0,(anonymous_19)
FNDA:0,(anonymous_20)
FNDA:0,(anonymous_21)
FNDA:0,(anonymous_22)
FNDA:0,(anonymous_23)
FNDA:0,(anonymous_24)
DA:37,0
DA:41,0
DA:42,0
DA:43,0
DA:49,0
DA:50,0
DA:52,0
DA:54,0
DA:55,0
DA:57,0
DA:58,0
DA:59,0
DA:72,0
DA:76,0
DA:77,0
DA:81,0
DA:82,0
DA:83,0
DA:87,0
DA:90,0
DA:91,0
DA:98,0
DA:100,0
DA:101,0
DA:103,0
DA:104,0
DA:105,0
DA:108,0
DA:134,0
DA:135,0
DA:143,0
DA:144,0
DA:145,0
DA:150,0
DA:153,0
DA:155,0
DA:156,0
DA:159,0
DA:163,0
DA:165,0
DA:166,0
DA:168,0
DA:170,0
DA:171,0
DA:173,0
DA:177,0
DA:180,0
DA:181,0
DA:182,0
DA:183,0
DA:186,0
DA:187,0
DA:189,0
DA:191,0
DA:233,0
DA:234,0
DA:243,0
DA:244,0
DA:266,0
DA:272,0
DA:304,0
DA:350,0
DA:367,0
DA:386,0
DA:390,0
DA:391,0
DA:392,0
DA:409,0
DA:413,0
DA:416,0
DA:417,0
DA:439,0
DA:443,0
DA:444,0
DA:445,0
DA:446,0
DA:447,0
DA:466,0
DA:470,0
DA:473,0
DA:474,0
DA:488,0
LF:82
LH:0
BRDA:78,0,0,0
BRDA:78,0,1,0
BRDA:82,1,0,0
BRDA:82,1,1,0
BRDA:82,2,0,0
BRDA:82,2,1,0
BRDA:104,3,0,0
BRDA:104,3,1,0
BRDA:104,4,0,0
BRDA:104,4,1,0
BRDA:113,5,0,0
BRDA:113,5,1,0
BRDA:134,6,0,0
BRDA:134,6,1,0
BRDA:134,7,0,0
BRDA:134,7,1,0
BRDA:147,8,0,0
BRDA:147,8,1,0
BRDA:148,9,0,0
BRDA:148,9,1,0
BRDA:165,10,0,0
BRDA:165,10,1,0
BRDA:170,11,0,0
BRDA:170,11,1,0
BRDA:182,12,0,0
BRDA:182,12,1,0
BRDA:186,13,0,0
BRDA:186,13,1,0
BRDA:202,14,0,0
BRDA:202,14,1,0
BRDA:292,15,0,0
BRDA:292,15,1,0
BRDA:292,16,0,0
BRDA:292,16,1,0
BRDA:373,17,0,0
BRDA:373,17,1,0
BRDA:391,18,0,0
BRDA:391,18,1,0
BRDA:400,19,0,0
BRDA:400,19,1,0
BRDA:416,20,0,0
BRDA:416,20,1,0
BRDA:428,21,0,0
BRDA:428,21,1,0
BRDA:444,22,0,0
BRDA:444,22,1,0
BRDA:445,23,0,0
BRDA:445,23,1,0
BRDA:456,24,0,0
BRDA:456,24,1,0
BRDA:473,25,0,0
BRDA:473,25,1,0
BRF:52
BRH:0
end_of_record
TN:
SF:src/screens/OrgSettings/OrgSettings.tsx
FN:12,orgSettings
FNF:1
FNH:0
FNDA:0,orgSettings
DA:13,0
DA:17,0
DA:18,0
DA:20,0
LF:4
LH:0
BRDA:32,0,0,0
BRDA:32,0,1,0
BRF:2
BRH:0
end_of_record
TN:
SF:src/screens/OrganizationDashboard/OrganizationDashboard.tsx
FN:32,organizationDashboard
FN:84,(anonymous_1)
FN:87,(anonymous_2)
FN:109,(anonymous_3)
FN:124,(anonymous_4)
FN:139,(anonymous_5)
FN:154,(anonymous_6)
FN:171,(anonymous_7)
FN:186,(anonymous_8)
FN:201,(anonymous_9)
FN:224,(anonymous_10)
FN:231,(anonymous_11)
FN:240,(anonymous_12)
FN:264,(anonymous_13)
FN:271,(anonymous_14)
FN:284,(anonymous_15)
FN:311,(anonymous_16)
FN:320,(anonymous_17)
FN:330,(anonymous_18)
FNF:19
FNH:0
FNDA:0,organizationDashboard
FNDA:0,(anonymous_1)
FNDA:0,(anonymous_2)
FNDA:0,(anonymous_3)
FNDA:0,(anonymous_4)
FNDA:0,(anonymous_5)
FNDA:0,(anonymous_6)
FNDA:0,(anonymous_7)
FNDA:0,(anonymous_8)
FNDA:0,(anonymous_9)
FNDA:0,(anonymous_10)
FNDA:0,(anonymous_11)
FNDA:0,(anonymous_12)
FNDA:0,(anonymous_13)
FNDA:0,(anonymous_14)
FNDA:0,(anonymous_15)
FNDA:0,(anonymous_16)
FNDA:0,(anonymous_17)
FNDA:0,(anonymous_18)
DA:33,0
DA:34,0
DA:35,0
DA:36,0
DA:37,0
DA:38,0
DA:39,0
DA:40,0
DA:42,0
DA:43,0
DA:57,0
DA:65,0
DA:77,0
DA:84,0
DA:85,0
DA:86,0
DA:87,0
DA:88,0
DA:89,0
DA:90,0
DA:91,0
DA:94,0
DA:98,0
DA:99,0
DA:102,0
DA:110,0
DA:125,0
DA:140,0
DA:155,0
DA:172,0
DA:187,0
DA:202,0
DA:224,0
DA:232,0
DA:241,0
DA:264,0
DA:272,0
DA:285,0
DA:312,0
DA:321,0
DA:331,0
LF:41
LH:0
BRDA:85,0,0,0
BRDA:85,0,1,0
BRDA:85,1,0,0
BRDA:85,1,1,0
BRDA:90,2,0,0
BRDA:90,2,1,0
BRDA:98,3,0,0
BRDA:98,3,1,0
BRDA:98,4,0,0
BRDA:98,4,1,0
BRDA:98,4,2,0
BRDA:107,5,0,0
BRDA:107,5,1,0
BRDA:230,6,0,0
BRDA:230,6,1,0
BRDA:234,7,0,0
BRDA:234,7,1,0
BRDA:270,8,0,0
BRDA:270,8,1,0
BRDA:274,9,0,0
BRDA:274,9,1,0
BRDA:319,10,0,0
BRDA:319,10,1,0
BRDA:323,11,0,0
BRDA:323,11,1,0
BRF:25
BRH:0
end_of_record
TN:
SF:src/screens/OrganizationDashboard/OrganizationDashboardMocks.ts
FNF:0
FNH:0
DA:8,0
DA:188,0
DA:263,0
LF:3
LH:0
BRF:0
BRH:0
end_of_record
TN:
SF:src/screens/OrganizationEvents/OrganizationEvents.tsx
FN:27,organizationEvents
FN:54,(anonymous_1)
FN:57,(anonymous_2)
FN:82,(anonymous_3)
FNF:4
FNH:0
FNDA:0,organizationEvents
FNDA:0,(anonymous_1)
FNDA:0,(anonymous_2)
FNDA:0,(anonymous_3)
DA:28,0
DA:32,0
DA:33,0
DA:35,0
DA:36,0
DA:38,0
DA:39,0
DA:41,0
DA:42,0
DA:44,0
DA:52,0
DA:54,0
DA:55,0
DA:57,0
DA:58,0
DA:61,0
DA:73,0
DA:77,0
DA:78,0
DA:80,0
DA:82,0
DA:85,0
DA:86,0
DA:91,0
DA:92,0
DA:128,0
DA:129,0
DA:131,0
DA:132,0
DA:134,0
DA:135,0
DA:139,0
DA:140,0
LF:33
LH:0
BRDA:86,0,0,0
BRDA:86,0,1,0
BRDA:87,1,0,0
BRDA:87,1,1,0
BRDA:87,1,2,0
BRDA:104,2,0,0
BRDA:104,2,1,0
BRDA:105,3,0,0
BRDA:105,3,1,0
BRDA:128,4,0,0
BRDA:128,4,1,0
BRDA:131,5,0,0
BRDA:131,5,1,0
BRDA:134,6,0,0
BRDA:134,6,1,0
BRDA:139,7,0,0
BRDA:139,7,1,0
BRDA:139,8,0,0
BRDA:139,8,1,0
BRF:19
BRH:0
end_of_record
TN:
SF:src/screens/OrganizationPeople/OrganizationPeople.tsx
FN:24,organizationPeople
FN:81,(anonymous_1)
FN:162,(anonymous_2)
FN:181,(anonymous_3)
FN:205,(anonymous_4)
FN:218,(anonymous_5)
FN:231,(anonymous_6)
FNF:7
FNH:0
FNDA:0,organizationPeople
FNDA:0,(anonymous_1)
FNDA:0,(anonymous_2)
FNDA:0,(anonymous_3)
FNDA:0,(anonymous_4)
FNDA:0,(anonymous_5)
FNDA:0,(anonymous_6)
DA:25,0
DA:29,0
DA:31,0
DA:33,0
DA:34,0
DA:35,0
DA:37,0
DA:47,0
DA:60,0
DA:74,0
DA:81,0
DA:82,0
DA:83,0
DA:87,0
DA:88,0
DA:94,0
DA:143,0
DA:147,0
DA:163,0
DA:165,0
DA:170,0
DA:171,0
DA:182,0
DA:184,0
DA:189,0
DA:190,0
DA:206,0
DA:219,0
DA:232,0
LF:29
LH:0
BRDA:82,0,0,0
BRDA:82,0,1,0
BRDA:87,1,0,0
BRDA:87,1,1,0
BRDA:204,2,0,0
BRDA:204,2,1,0
BRDA:217,3,0,0
BRDA:217,3,1,0
BRDA:230,4,0,0
BRDA:230,4,1,0
BRDA:245,5,0,0
BRDA:245,5,1,0
BRDA:247,6,0,0
BRDA:247,6,1,0
BRDA:252,7,0,0
BRDA:252,7,1,0
BRDA:252,8,0,0
BRDA:252,8,1,0
BRDA:252,8,2,0
BRDA:393,9,0,0
BRDA:393,9,1,0
BRDA:394,10,0,0
BRDA:394,10,1,0
BRDA:396,11,0,0
BRDA:396,11,1,0
BRDA:397,12,0,0
BRDA:397,12,1,0
BRDA:399,13,0,0
BRDA:399,13,1,0
BRF:29
BRH:0
end_of_record
TN:
SF:src/screens/PageNotFound/PageNotFound.tsx
FN:8,(anonymous_0)
FNF:1
FNH:0
FNDA:0,(anonymous_0)
DA:8,0
DA:9,0
DA:13,0
DA:15,0
LF:4
LH:0
BRF:0
BRH:0
end_of_record
TN:
SF:src/screens/Requests/Requests.tsx
FN:24,(anonymous_0)
FN:64,(anonymous_1)
FN:78,(anonymous_2)
FN:79,(anonymous_3)
FN:85,(anonymous_4)
FN:96,(anonymous_5)
FN:103,(anonymous_6)
FN:111,(anonymous_7)
FN:166,(anonymous_8)
FN:170,(anonymous_9)
FN:178,(anonymous_10)
FN:183,(anonymous_11)
FN:245,(anonymous_12)
FN:251,(anonymous_13)
FN:315,(anonymous_14)
FN:326,(anonymous_15)
FNF:16
FNH:0
FNDA:0,(anonymous_0)
FNDA:0,(anonymous_1)
FNDA:0,(anonymous_2)
FNDA:0,(anonymous_3)
FNDA:0,(anonymous_4)
FNDA:0,(anonymous_5)
FNDA:0,(anonymous_6)
FNDA:0,(anonymous_7)
FNDA:0,(anonymous_8)
FNDA:0,(anonymous_9)
FNDA:0,(anonymous_10)
FNDA:0,(anonymous_11)
FNDA:0,(anonymous_12)
FNDA:0,(anonymous_13)
FNDA:0,(anonymous_14)
FNDA:0,(anonymous_15)
DA:24,0
DA:25,0
DA:27,0
DA:29,0
DA:30,0
DA:31,0
DA:32,0
DA:33,0
DA:34,0
DA:36,0
DA:37,0
DA:50,0
DA:60,0
DA:61,0
DA:64,0
DA:65,0
DA:66,0
DA:68,0
DA:69,0
DA:71,0
DA:72,0
DA:73,0
DA:78,0
DA:79,0
DA:80,0
DA:85,0
DA:86,0
DA:87,0
DA:90,0
DA:91,0
DA:96,0
DA:97,0
DA:98,0
DA:103,0
DA:104,0
DA:105,0
DA:107,0
DA:111,0
DA:112,0
DA:113,0
DA:119,0
DA:163,0
DA:166,0
DA:167,0
DA:170,0
DA:174,0
DA:176,0
DA:177,0
DA:179,0
DA:181,0
DA:182,0
DA:184,0
DA:188,0
DA:191,0
DA:200,0
DA:245,0
DA:251,0
DA:316,0
DA:327,0
LF:59
LH:0
BRDA:61,0,0,0
BRDA:61,0,1,0
BRDA:65,1,0,0
BRDA:65,1,1,0
BRDA:68,2,0,0
BRDA:68,2,1,0
BRDA:71,3,0,0
BRDA:71,3,1,0
BRDA:71,4,0,0
BRDA:71,4,1,0
BRDA:86,5,0,0
BRDA:86,5,1,0
BRDA:90,6,0,0
BRDA:90,6,1,0
BRDA:97,7,0,0
BRDA:97,7,1,0
BRDA:104,8,0,0
BRDA:104,8,1,0
BRDA:104,9,0,0
BRDA:104,9,1,0
BRDA:176,10,0,0
BRDA:176,10,1,0
BRDA:181,11,0,0
BRDA:181,11,1,0
BRDA:209,12,0,0
BRDA:209,12,1,0
BRDA:273,13,0,0
BRDA:273,13,1,0
BRDA:273,14,0,0
BRDA:273,14,1,0
BRDA:273,14,2,0
BRDA:273,14,3,0
BRDA:282,15,0,0
BRDA:282,15,1,0
BRDA:282,16,0,0
BRDA:282,16,1,0
BRDA:282,16,2,0
BRDA:288,17,0,0
BRDA:288,17,1,0
BRDA:295,18,0,0
BRDA:295,18,1,0
BRDA:325,19,0,0
BRDA:325,19,1,0
BRDA:334,20,0,0
BRDA:334,20,1,0
BRF:45
BRH:0
end_of_record
TN:
SF:src/screens/Requests/RequestsMocks.ts
FNF:0
FNH:0
DA:11,0
DA:151,0
DA:205,0
LF:3
LH:0
BRF:0
BRH:0
end_of_record
TN:
SF:src/screens/UserPortal/Chat/Chat.tsx
FN:30,chat
FN:60,(anonymous_1)
FN:73,(anonymous_2)
FN:114,(anonymous_3)
FNF:4
FNH:0
FNDA:0,chat
FNDA:0,(anonymous_1)
FNDA:0,(anonymous_2)
FNDA:0,(anonymous_3)
DA:31,0
DA:34,0
DA:36,0
DA:37,0
DA:38,0
DA:39,0
DA:41,0
DA:45,0
DA:53,0
DA:60,0
DA:63,0
DA:64,0
DA:66,0
DA:70,0
DA:73,0
DA:74,0
DA:75,0
DA:79,0
DA:115,0
DA:125,0
LF:20
LH:0
BRDA:74,0,0,0
BRDA:74,0,1,0
BRDA:109,1,0,0
BRDA:109,1,1,0
BRDA:134,2,0,0
BRDA:134,2,1,0
BRF:6
BRH:0
end_of_record
TN:
SF:src/screens/UserPortal/Donate/Donate.tsx
FN:27,donate
FN:74,(anonymous_1)
FN:80,(anonymous_2)
FN:120,(anonymous_3)
FN:124,(anonymous_4)
FN:163,(anonymous_5)
FNF:6
FNH:0
FNDA:0,donate
FNDA:0,(anonymous_1)
FNDA:0,(anonymous_2)
FNDA:0,(anonymous_3)
FNDA:0,(anonymous_4)
FNDA:0,(anonymous_5)
DA:28,0
DA:32,0
DA:33,0
DA:34,0
DA:35,0
DA:36,0
DA:37,0
DA:39,0
DA:41,0
DA:48,0
DA:52,0
DA:74,0
DA:75,0
DA:76,0
DA:80,0
DA:81,0
DA:82,0
DA:86,0
DA:121,0
DA:124,0
DA:164,0
DA:171,0
LF:22
LH:0
BRDA:75,0,0,0
BRDA:75,0,1,0
BRDA:81,1,0,0
BRDA:81,1,1,0
BRDA:149,2,0,0
BRDA:149,2,1,0
BRDA:155,3,0,0
BRDA:155,3,1,0
BRDA:155,4,0,0
BRDA:155,4,1,0
BRDA:156,5,0,0
BRF:11
BRH:0
end_of_record
TN:
SF:src/screens/UserPortal/Events/Events.tsx
FN:45,events
FN:81,(anonymous_1)
FN:126,(anonymous_2)
FN:139,(anonymous_3)
FN:151,(anonymous_4)
FN:157,(anonymous_5)
FN:163,(anonymous_6)
FN:231,(anonymous_7)
FN:236,(anonymous_8)
FN:266,(anonymous_9)
FN:268,(anonymous_10)
FN:400,(anonymous_11)
FN:411,(anonymous_12)
FN:422,(anonymous_13)
FN:433,(anonymous_14)
FNF:15
FNH:0
FNDA:0,events
FNDA:0,(anonymous_1)
FNDA:0,(anonymous_2)
FNDA:0,(anonymous_3)
FNDA:0,(anonymous_4)
FNDA:0,(anonymous_5)
FNDA:0,(anonymous_6)
FNDA:0,(anonymous_7)
FNDA:0,(anonymous_8)
FNDA:0,(anonymous_9)
FNDA:0,(anonymous_10)
FNDA:0,(anonymous_11)
FNDA:0,(anonymous_12)
FNDA:0,(anonymous_13)
FNDA:0,(anonymous_14)
DA:46,0
DA:50,0
DA:51,0
DA:52,0
DA:53,0
DA:54,0
DA:55,0
DA:56,0
DA:57,0
DA:58,0
DA:59,0
DA:60,0
DA:61,0
DA:62,0
DA:63,0
DA:64,0
DA:65,0
DA:66,0
DA:68,0
DA:70,0
DA:72,0
DA:79,0
DA:81,0
DA:82,0
DA:83,0
DA:126,0
DA:127,0
DA:139,0
DA:142,0
DA:143,0
DA:144,0
DA:147,0
DA:148,0
DA:151,0
DA:154,0
DA:157,0
DA:160,0
DA:163,0
DA:166,0
DA:186,0
DA:190,0
DA:232,0
DA:236,0
DA:267,0
DA:268,0
DA:269,0
DA:273,0
DA:276,0
DA:277,0
DA:278,0
DA:279,0
DA:281,0
DA:298,0
DA:400,0
DA:411,0
DA:422,0
DA:433,0
LF:57
LH:0
BRDA:95,0,0,0
BRDA:95,0,1,0
BRDA:96,1,0,0
BRDA:96,1,1,0
BRDA:252,2,0,0
BRDA:252,2,1,0
BRDA:258,3,0,0
BRDA:258,3,1,0
BRDA:258,4,0,0
BRDA:258,4,1,0
BRDA:259,5,0,0
BRDA:437,6,0,0
BRDA:437,6,1,0
BRF:13
BRH:0
end_of_record
TN:
SF:src/screens/UserPortal/Home/Home.tsx
FN:60,home
FN:90,(anonymous_1)
FN:119,(anonymous_2)
FN:125,(anonymous_3)
FN:131,(anonymous_4)
FN:206,(anonymous_5)
FN:207,(anonymous_6)
FN:210,(anonymous_7)
FN:211,(anonymous_8)
FN:212,(anonymous_9)
FN:226,(anonymous_10)
FN:228,(anonymous_11)
FN:238,(anonymous_12)
FN:241,(anonymous_13)
FNF:14
FNH:0
FNDA:0,home
FNDA:0,(anonymous_1)
FNDA:0,(anonymous_2)
FNDA:0,(anonymous_3)
FNDA:0,(anonymous_4)
FNDA:0,(anonymous_5)
FNDA:0,(anonymous_6)
FNDA:0,(anonymous_7)
FNDA:0,(anonymous_8)
FNDA:0,(anonymous_9)
FNDA:0,(anonymous_10)
FNDA:0,(anonymous_11)
FNDA:0,(anonymous_12)
FNDA:0,(anonymous_13)
DA:61,0
DA:63,0
DA:64,0
DA:65,0
DA:66,0
DA:67,0
DA:68,0
DA:70,0
DA:79,0
DA:84,0
DA:88,0
DA:90,0
DA:91,0
DA:92,0
DA:93,0
DA:95,0
DA:97,0
DA:119,0
DA:120,0
DA:122,0
DA:125,0
DA:126,0
DA:127,0
DA:131,0
DA:132,0
DA:133,0
DA:137,0
DA:206,0
DA:207,0
DA:210,0
DA:211,0
DA:213,0
DA:227,0
DA:228,0
DA:229,0
DA:234,0
DA:237,0
DA:238,0
DA:239,0
DA:241,0
DA:242,0
DA:245,0
DA:248,0
DA:261,0
DA:264,0
DA:282,0
LF:46
LH:0
BRDA:92,0,0,0
BRDA:92,0,1,0
BRDA:126,1,0,0
BRDA:126,1,1,0
BRDA:132,2,0,0
BRDA:132,2,1,0
BRDA:205,3,0,0
BRDA:205,3,1,0
BRDA:220,4,0,0
BRDA:220,4,1,0
BRF:10
BRH:0
end_of_record
TN:
SF:src/screens/UserPortal/Organizations/Organizations.tsx
FN:24,organizations
FN:77,(anonymous_1)
FN:149,(anonymous_2)
FN:154,(anonymous_3)
FN:185,(anonymous_4)
FNF:5
FNH:0
FNDA:0,organizations
FNDA:0,(anonymous_1)
FNDA:0,(anonymous_2)
FNDA:0,(anonymous_3)
FNDA:0,(anonymous_4)
DA:25,0
DA:29,0
DA:30,0
DA:31,0
DA:32,0
DA:33,0
DA:35,0
DA:41,0
DA:47,0
DA:51,0
DA:55,0
DA:77,0
DA:80,0
DA:81,0
DA:83,0
DA:87,0
DA:114,0
DA:150,0
DA:154,0
DA:186,0
DA:192,0
LF:21
LH:0
BRDA:170,0,0,0
BRDA:170,0,1,0
BRDA:177,1,0,0
BRDA:177,1,1,0
BRDA:177,2,0,0
BRDA:177,2,1,0
BRDA:178,3,0,0
BRF:7
BRH:0
end_of_record
TN:
SF:src/screens/UserPortal/People/People.tsx
FN:26,people
FN:73,(anonymous_1)
FN:144,(anonymous_2)
FN:149,(anonymous_3)
FN:178,(anonymous_4)
FNF:5
FNH:0
FNDA:0,people
FNDA:0,(anonymous_1)
FNDA:0,(anonymous_2)
FNDA:0,(anonymous_3)
FNDA:0,(anonymous_4)
DA:27,0
DA:31,0
DA:32,0
DA:33,0
DA:34,0
DA:35,0
DA:37,0
DA:39,0
DA:41,0
DA:51,0
DA:73,0
DA:76,0
DA:77,0
DA:79,0
DA:83,0
DA:106,0
DA:110,0
DA:145,0
DA:149,0
DA:179,0
DA:181,0
DA:187,0
LF:22
LH:0
BRDA:164,0,0,0
BRDA:164,0,1,0
BRDA:170,1,0,0
BRDA:170,1,1,0
BRDA:170,2,0,0
BRDA:170,2,1,0
BRDA:171,3,0,0
BRF:7
BRH:0
end_of_record
TN:
SF:src/screens/UserPortal/Settings/Settings.tsx
FN:14,settings
FN:26,(anonymous_1)
FN:60,(anonymous_2)
FN:65,(anonymous_3)
FN:70,(anonymous_4)
FNF:5
FNH:0
FNDA:0,settings
FNDA:0,(anonymous_1)
FNDA:0,(anonymous_2)
FNDA:0,(anonymous_3)
FNDA:0,(anonymous_4)
DA:15,0
DA:19,0
DA:20,0
DA:21,0
DA:22,0
DA:23,0
DA:24,0
DA:26,0
DA:27,0
DA:39,0
DA:40,0
DA:56,0
DA:60,0
DA:61,0
DA:62,0
DA:65,0
DA:66,0
DA:67,0
DA:70,0
DA:79,0
LF:20
LH:0
BRF:0
BRH:0
end_of_record
TN:
SF:src/screens/UserPortal/Tasks/Tasks.tsx
FN:41,tasks
FN:108,(anonymous_1)
FN:110,(anonymous_2)
FNF:3
FNH:0
FNDA:0,tasks
FNDA:0,(anonymous_1)
FNDA:0,(anonymous_2)
DA:42,0
DA:46,0
DA:47,0
DA:48,0
DA:50,0
DA:52,0
DA:81,0
DA:109,0
DA:111,0
DA:120,0
DA:144,0
LF:11
LH:0
BRDA:94,0,0,0
BRDA:94,0,1,0
BRDA:100,1,0,0
BRDA:100,1,1,0
BRDA:100,2,0,0
BRDA:100,2,1,0
BRDA:101,3,0,0
BRF:7
BRH:0
end_of_record
TN:
SF:src/screens/UserPortal/UserLoginPage/UserLoginPage.tsx
FN:11,userLoginPage
FNF:1
FNH:0
FNDA:0,userLoginPage
DA:12,0
DA:14,0
DA:15,0
DA:19,0
LF:4
LH:0
BRF:0
BRH:0
end_of_record
TN:
SF:src/screens/Users/Users.tsx
FN:24,(anonymous_0)
FN:64,(anonymous_1)
FN:78,(anonymous_2)
FN:79,(anonymous_3)
FN:85,(anonymous_4)
FN:96,(anonymous_5)
FN:103,(anonymous_6)
FN:111,(anonymous_7)
FN:166,(anonymous_8)
FN:170,(anonymous_9)
FN:178,(anonymous_10)
FN:183,(anonymous_11)
FN:245,(anonymous_12)
FN:251,(anonymous_13)
FN:315,(anonymous_14)
FN:326,(anonymous_15)
FNF:16
FNH:0
FNDA:0,(anonymous_0)
FNDA:0,(anonymous_1)
FNDA:0,(anonymous_2)
FNDA:0,(anonymous_3)
FNDA:0,(anonymous_4)
FNDA:0,(anonymous_5)
FNDA:0,(anonymous_6)
FNDA:0,(anonymous_7)
FNDA:0,(anonymous_8)
FNDA:0,(anonymous_9)
FNDA:0,(anonymous_10)
FNDA:0,(anonymous_11)
FNDA:0,(anonymous_12)
FNDA:0,(anonymous_13)
FNDA:0,(anonymous_14)
FNDA:0,(anonymous_15)
DA:24,0
DA:25,0
DA:27,0
DA:29,0
DA:30,0
DA:31,0
DA:32,0
DA:33,0
DA:34,0
DA:36,0
DA:37,0
DA:50,0
DA:60,0
DA:61,0
DA:64,0
DA:65,0
DA:66,0
DA:68,0
DA:69,0
DA:71,0
DA:72,0
DA:73,0
DA:78,0
DA:79,0
DA:80,0
DA:85,0
DA:86,0
DA:87,0
DA:90,0
DA:91,0
DA:96,0
DA:97,0
DA:98,0
DA:103,0
DA:104,0
DA:105,0
DA:107,0
DA:111,0
DA:112,0
DA:113,0
DA:119,0
DA:163,0
DA:166,0
DA:167,0
DA:170,0
DA:174,0
DA:176,0
DA:177,0
DA:179,0
DA:181,0
DA:182,0
DA:184,0
DA:188,0
DA:191,0
DA:200,0
DA:245,0
DA:251,0
DA:316,0
DA:327,0
LF:59
LH:0
BRDA:61,0,0,0
BRDA:61,0,1,0
BRDA:65,1,0,0
BRDA:65,1,1,0
BRDA:68,2,0,0
BRDA:68,2,1,0
BRDA:71,3,0,0
BRDA:71,3,1,0
BRDA:71,4,0,0
BRDA:71,4,1,0
BRDA:86,5,0,0
BRDA:86,5,1,0
BRDA:90,6,0,0
BRDA:90,6,1,0
BRDA:97,7,0,0
BRDA:97,7,1,0
BRDA:104,8,0,0
BRDA:104,8,1,0
BRDA:104,9,0,0
BRDA:104,9,1,0
BRDA:176,10,0,0
BRDA:176,10,1,0
BRDA:181,11,0,0
BRDA:181,11,1,0
BRDA:209,12,0,0
BRDA:209,12,1,0
BRDA:273,13,0,0
BRDA:273,13,1,0
BRDA:273,14,0,0
BRDA:273,14,1,0
BRDA:273,14,2,0
BRDA:273,14,3,0
BRDA:282,15,0,0
BRDA:282,15,1,0
BRDA:282,16,0,0
BRDA:282,16,1,0
BRDA:282,16,2,0
BRDA:288,17,0,0
BRDA:288,17,1,0
BRDA:295,18,0,0
BRDA:295,18,1,0
BRDA:325,19,0,0
BRDA:325,19,1,0
BRDA:334,20,0,0
BRDA:334,20,1,0
BRF:45
BRH:0
end_of_record
TN:
SF:src/screens/Users/UsersMocks.ts
FNF:0
FNH:0
DA:7,0
DA:188,0
LF:2
LH:0
BRF:0
BRH:0
end_of_record
TN:
SF:src/state/store.ts
FNF:0
FNH:0
DA:5,0
LF:1
LH:0
BRF:0
BRH:0
end_of_record
TN:
SF:src/state/action-creators/index.ts
FN:1,(anonymous_0)
FN:2,(anonymous_1)
FN:10,(anonymous_2)
FN:11,(anonymous_3)
FN:19,(anonymous_4)
FN:20,(anonymous_5)
FN:28,(anonymous_6)
FN:29,(anonymous_7)
FNF:8
FNH:0
FNDA:0,(anonymous_0)
FNDA:0,(anonymous_1)
FNDA:0,(anonymous_2)
FNDA:0,(anonymous_3)
FNDA:0,(anonymous_4)
FNDA:0,(anonymous_5)
FNDA:0,(anonymous_6)
FNDA:0,(anonymous_7)
DA:1,0
DA:2,0
DA:3,0
DA:10,0
DA:11,0
DA:12,0
DA:19,0
DA:20,0
DA:21,0
DA:28,0
DA:29,0
DA:30,0
LF:12
LH:0
BRF:0
BRH:0
end_of_record
TN:
SF:src/state/helpers/Action.ts
FNF:0
FNH:0
LF:0
LH:0
BRF:0
BRH:0
end_of_record
TN:
SF:src/state/reducers/index.ts
FNF:0
FNH:0
DA:5,0
LF:1
LH:0
BRF:0
BRH:0
end_of_record
TN:
SF:src/state/reducers/pluginReducer.ts
FN:3,(anonymous_0)
FN:20,(anonymous_1)
FNF:2
FNH:0
FNDA:0,(anonymous_0)
FNDA:0,(anonymous_1)
DA:3,0
DA:7,0
DA:9,0
DA:13,0
DA:17,0
DA:20,0
DA:25,0
DA:29,0
DA:33,0
DA:37,0
LF:10
LH:0
BRDA:4,0,0,0
BRDA:7,1,0,0
BRDA:7,1,1,0
BRDA:7,1,2,0
BRDA:7,1,3,0
BRDA:7,1,4,0
BRDA:7,1,5,0
BRF:7
BRH:0
end_of_record
TN:
SF:src/state/reducers/routesReducer.ts
FN:5,(anonymous_0)
FN:17,(anonymous_1)
FN:22,(anonymous_2)
FN:91,(anonymous_3)
FN:93,(anonymous_4)
FN:94,(anonymous_5)
FN:99,(anonymous_6)
FNF:7
FNH:0
FNDA:0,(anonymous_0)
FNDA:0,(anonymous_1)
FNDA:0,(anonymous_2)
FNDA:0,(anonymous_3)
FNDA:0,(anonymous_4)
FNDA:0,(anonymous_5)
FNDA:0,(anonymous_6)
DA:3,0
DA:5,0
DA:9,0
DA:11,0
DA:16,0
DA:17,0
DA:19,0
DA:22,0
DA:37,0
DA:65,0
DA:91,0
DA:92,0
DA:93,0
DA:95,0
DA:100,0
DA:107,0
DA:111,0
LF:17
LH:0
BRDA:6,0,0,0
BRDA:9,1,0,0
BRDA:9,1,1,0
BRDA:9,1,2,0
BRDA:93,2,0,0
BRDA:93,2,1,0
BRDA:95,3,0,0
BRDA:95,3,1,0
BRDA:103,4,0,0
BRDA:103,4,1,0
BRF:10
BRH:0
end_of_record
TN:
SF:src/utils/StaticMockLink.ts
FN:18,requestToKey
FN:35,(anonymous_1)
FN:39,(anonymous_2)
FN:45,(anonymous_3)
FN:60,(anonymous_4)
FN:65,(anonymous_5)
FN:98,(anonymous_6)
FN:99,(anonymous_7)
FN:129,(anonymous_8)
FN:135,(anonymous_9)
FN:160,mockSingleLink
FNF:11
FNH:0
FNDA:0,requestToKey
FNDA:0,(anonymous_1)
FNDA:0,(anonymous_2)
FNDA:0,(anonymous_3)
FNDA:0,(anonymous_4)
FNDA:0,(anonymous_5)
FNDA:0,(anonymous_6)
FNDA:0,(anonymous_7)
FNDA:0,(anonymous_8)
FNDA:0,(anonymous_9)
FNDA:0,mockSingleLink
DA:20,0
DA:22,0
DA:23,0
DA:32,0
DA:33,0
DA:36,0
DA:37,0
DA:38,0
DA:39,0
DA:40,0
DA:47,0
DA:48,0
DA:52,0
DA:53,0
DA:54,0
DA:55,0
DA:57,0
DA:61,0
DA:62,0
DA:63,0
DA:64,0
DA:66,0
DA:67,0
DA:68,0
DA:69,0
DA:70,0
DA:72,0
DA:78,0
DA:79,0
DA:85,0
DA:86,0
DA:87,0
DA:88,0
DA:91,0
DA:92,0
DA:98,0
DA:99,0
DA:100,0
DA:101,0
DA:107,0
DA:108,0
DA:111,0
DA:113,0
DA:114,0
DA:115,0
DA:117,0
DA:118,0
DA:124,0
DA:129,0
DA:130,0
DA:138,0
DA:139,0
DA:142,0
DA:144,0
DA:145,0
DA:146,0
DA:147,0
DA:149,0
DA:165,0
DA:166,0
DA:168,0
DA:169,0
DA:170,0
DA:173,0
LF:64
LH:0
BRDA:20,0,0,0
BRDA:20,0,1,0
BRDA:21,1,0,0
BRDA:21,1,1,0
BRDA:35,2,0,0
BRDA:38,3,0,0
BRDA:38,3,1,0
BRDA:53,4,0,0
BRDA:53,4,1,0
BRDA:64,5,0,0
BRDA:64,5,1,0
BRDA:66,6,0,0
BRDA:66,6,1,0
BRDA:67,7,0,0
BRDA:67,7,1,0
BRDA:68,8,0,0
BRDA:68,8,1,0
BRDA:78,9,0,0
BRDA:78,9,1,0
BRDA:78,10,0,0
BRDA:78,10,1,0
BRDA:86,11,0,0
BRDA:86,11,1,0
BRDA:91,12,0,0
BRDA:91,12,1,0
BRDA:91,13,0,0
BRDA:91,13,1,0
BRDA:100,14,0,0
BRDA:100,14,1,0
BRDA:107,15,0,0
BRDA:107,15,1,0
BRDA:113,16,0,0
BRDA:113,16,1,0
BRDA:114,17,0,0
BRDA:114,17,1,0
BRDA:117,18,0,0
BRDA:117,18,1,0
BRDA:119,19,0,0
BRDA:119,19,1,0
BRDA:127,20,0,0
BRDA:127,20,1,0
BRDA:127,20,2,0
BRDA:146,21,0,0
BRDA:146,21,1,0
BRDA:168,22,0,0
BRDA:168,22,1,0
BRF:46
BRH:0
end_of_record
TN:
SF:src/utils/convertToBase64.ts
FN:1,(anonymous_0)
FN:3,(anonymous_1)
FN:6,(anonymous_2)
FN:7,(anonymous_3)
FNF:4
FNH:0
FNDA:0,(anonymous_0)
FNDA:0,(anonymous_1)
FNDA:0,(anonymous_2)
FNDA:0,(anonymous_3)
DA:1,0
DA:2,0
DA:3,0
DA:4,0
DA:5,0
DA:6,0
DA:7,0
DA:9,0
DA:11,0
LF:9
LH:0
BRF:0
BRH:0
end_of_record
TN:
SF:src/utils/debounce.ts
FN:1,(anonymous_0)
FN:3,(anonymous_1)
FN:5,(anonymous_2)
FNF:3
FNH:0
FNDA:0,(anonymous_0)
FNDA:0,(anonymous_1)
FNDA:0,(anonymous_2)
DA:1,0
DA:3,0
DA:4,0
DA:5,0
LF:4
LH:0
BRDA:1,0,0,0
BRF:1
BRH:0
end_of_record
TN:
SF:src/utils/errorHandler.tsx
FN:8,(anonymous_0)
FNF:1
FNH:0
FNDA:0,(anonymous_0)
DA:8,0
DA:12,0
DA:13,0
DA:15,0
LF:4
LH:0
BRDA:12,0,0,0
BRDA:12,0,1,0
BRF:2
BRH:0
end_of_record
TN:
SF:src/utils/getOrganizationId.ts
FNF:0
FNH:0
LF:0
LH:0
BRF:0
BRH:0
end_of_record
TN:
SF:src/utils/getRefreshToken.ts
FN:5,refreshToken
FNF:1
FNH:0
FNDA:0,refreshToken
DA:6,0
DA:13,0
LF:2
LH:0
BRF:0
BRH:0
end_of_record
TN:
SF:src/utils/i18n.ts
FNF:0
FNH:0
DA:8,0
LF:1
LH:0
BRF:0
BRH:0
end_of_record
TN:
SF:src/utils/i18nForTest.ts
FNF:0
FNH:0
DA:9,0
LF:1
LH:0
BRF:0
BRH:0
end_of_record
TN:
SF:src/utils/interfaces.ts
FNF:0
FNH:0
LF:0
LH:0
BRF:0
BRH:0
end_of_record
TN:
SF:src/utils/languages.ts
FNF:0
FNH:0
DA:1,0
DA:3,0
LF:2
LH:0
BRF:0
BRH:0
end_of_record
